[17439, 1]: -- begin new backtrace (innermost first) [PARTIAL] ----------
[17439, 1]: NULL (0): ip = 0x818ba8 (0x818ba8), load module = MPI_instrumented3 | lip 
[17439, 1]: NULL (0): ip = 0x818e2e (0x818e2e), load module = MPI_instrumented3 | lip 
[17439, 1]: NULL (0): ip = 0x819dec (0x819dec), load module = MPI_instrumented3 | lip 
[17439, 1]: NULL (0): ip = 0x81a0da (0x81a0da), load module = MPI_instrumented3 | lip 
[17439, 1]: NULL (0): ip = 0x8176c8 (0x8176c8), load module = MPI_instrumented3 | lip 
[17439, 1]: NULL (0): ip = 0x817f89 (0x817f89), load module = MPI_instrumented3 | lip 
[17439, 1]: NULL (0): ip = 0x818297 (0x818297), load module = MPI_instrumented3 | lip 
[17439, 1]: NULL (0): ip = 0x5ae44e (0x5ae44e), load module = MPI_instrumented3 | lip 
[17439, 1]: NULL (0): ip = 0x5afd4a (0x5afd4a), load module = MPI_instrumented3 | lip 
[17439, 1]: NULL (0): ip = 0x5af0c0 (0x5af0c0), load module = MPI_instrumented3 | lip 
[17439, 1]: -- end backtrace ------------------------------------

[17439, 1]: -- begin new backtrace (innermost first) [PARTIAL] ----------
[17439, 1]: NULL (0): ip = 0x818d0b (0x818d0b), load module = MPI_instrumented3 | lip 
[17439, 1]: NULL (0): ip = 0x819132 (0x819132), load module = MPI_instrumented3 | lip 
[17439, 1]: NULL (0): ip = 0x818963 (0x818963), load module = MPI_instrumented3 | lip 
[17439, 1]: NULL (0): ip = 0x818a7d (0x818a7d), load module = MPI_instrumented3 | lip 
[17439, 1]: NULL (0): ip = 0x819b70 (0x819b70), load module = MPI_instrumented3 | lip 
[17439, 1]: NULL (0): ip = 0x81a0da (0x81a0da), load module = MPI_instrumented3 | lip 
[17439, 1]: NULL (0): ip = 0x8176c8 (0x8176c8), load module = MPI_instrumented3 | lip 
[17439, 1]: NULL (0): ip = 0x817f89 (0x817f89), load module = MPI_instrumented3 | lip 
[17439, 1]: NULL (0): ip = 0x818297 (0x818297), load module = MPI_instrumented3 | lip 
[17439, 1]: NULL (0): ip = 0x5ae44e (0x5ae44e), load module = MPI_instrumented3 | lip 
[17439, 1]: NULL (0): ip = 0x5afd4a (0x5afd4a), load module = MPI_instrumented3 | lip 
[17439, 1]: NULL (0): ip = 0x5af0c0 (0x5af0c0), load module = MPI_instrumented3 | lip 
[17439, 1]: -- end backtrace ------------------------------------

MEMORY: segment size: 4.0 meg, num segments: 8, total allocation: 32.0 meg, reclaims: 0
MEMORY: total freeable: 0.0 meg, total non-freeable: 16.1 meg, malloc failures: 0
SAMPLE ANOMALIES: blocks: 0 (async: 0, dlopen: 0), errors: 2 (segv: 0, soft: 2)
SUMMARY: samples: 6 (recorded: 6, blocked: 0, errant: 2, trolled: 0, yielded: 0),
         frames: 27 (trolled: 0)
         intervals: 1498 (suspicious: 0)
