[24700, 1]: -- begin new backtrace (innermost first) [PARTIAL] ----------
[24700, 1]: NULL (0): ip = 0x818b44 (0x818b44), load module = MPI_instrumented3 | lip 
[24700, 1]: NULL (0): ip = 0x819178 (0x819178), load module = MPI_instrumented3 | lip 
[24700, 1]: NULL (0): ip = 0x818963 (0x818963), load module = MPI_instrumented3 | lip 
[24700, 1]: NULL (0): ip = 0x818a7d (0x818a7d), load module = MPI_instrumented3 | lip 
[24700, 1]: NULL (0): ip = 0x819b70 (0x819b70), load module = MPI_instrumented3 | lip 
[24700, 1]: NULL (0): ip = 0x81a0da (0x81a0da), load module = MPI_instrumented3 | lip 
[24700, 1]: NULL (0): ip = 0x8176c8 (0x8176c8), load module = MPI_instrumented3 | lip 
[24700, 1]: NULL (0): ip = 0x817f89 (0x817f89), load module = MPI_instrumented3 | lip 
[24700, 1]: NULL (0): ip = 0x818297 (0x818297), load module = MPI_instrumented3 | lip 
[24700, 1]: NULL (0): ip = 0x5ae44e (0x5ae44e), load module = MPI_instrumented3 | lip 
[24700, 1]: NULL (0): ip = 0x5afd4a (0x5afd4a), load module = MPI_instrumented3 | lip 
[24700, 1]: NULL (0): ip = 0x5af0c0 (0x5af0c0), load module = MPI_instrumented3 | lip 
[24700, 1]: -- end backtrace ------------------------------------

MEMORY: segment size: 4.0 meg, num segments: 8, total allocation: 32.0 meg, reclaims: 0
MEMORY: total freeable: 0.0 meg, total non-freeable: 16.2 meg, malloc failures: 0
SAMPLE ANOMALIES: blocks: 1 (async: 1, dlopen: 0), errors: 1 (segv: 0, soft: 1)
SUMMARY: samples: 7 (recorded: 6, blocked: 1, errant: 1, trolled: 0, yielded: 0),
         frames: 32 (trolled: 0)
         intervals: 1873 (suspicious: 0)
