[12218, 1]: -- begin new backtrace (innermost first) [PARTIAL] ----------
[12218, 1]: NULL (0): ip = 0x852312 (0x852312), load module = MPI_instrumented3 | lip 
[12218, 1]: NULL (0): ip = 0x818cf9 (0x818cf9), load module = MPI_instrumented3 | lip 
[12218, 1]: NULL (0): ip = 0x81916b (0x81916b), load module = MPI_instrumented3 | lip 
[12218, 1]: NULL (0): ip = 0x818963 (0x818963), load module = MPI_instrumented3 | lip 
[12218, 1]: NULL (0): ip = 0x818a7d (0x818a7d), load module = MPI_instrumented3 | lip 
[12218, 1]: NULL (0): ip = 0x819b70 (0x819b70), load module = MPI_instrumented3 | lip 
[12218, 1]: NULL (0): ip = 0x81a0da (0x81a0da), load module = MPI_instrumented3 | lip 
[12218, 1]: NULL (0): ip = 0x8176c8 (0x8176c8), load module = MPI_instrumented3 | lip 
[12218, 1]: NULL (0): ip = 0x817f89 (0x817f89), load module = MPI_instrumented3 | lip 
[12218, 1]: NULL (0): ip = 0x818297 (0x818297), load module = MPI_instrumented3 | lip 
[12218, 1]: NULL (0): ip = 0x5ae44e (0x5ae44e), load module = MPI_instrumented3 | lip 
[12218, 1]: NULL (0): ip = 0x5afd4a (0x5afd4a), load module = MPI_instrumented3 | lip 
[12218, 1]: NULL (0): ip = 0x5af0c0 (0x5af0c0), load module = MPI_instrumented3 | lip 
[12218, 1]: -- end backtrace ------------------------------------

[12218, 1]: -- begin new backtrace (innermost first) [PARTIAL] ----------
[12218, 1]: NULL (0): ip = 0x818b9a (0x818b9a), load module = MPI_instrumented3 | lip 
[12218, 1]: NULL (0): ip = 0x81918a (0x81918a), load module = MPI_instrumented3 | lip 
[12218, 1]: NULL (0): ip = 0x818963 (0x818963), load module = MPI_instrumented3 | lip 
[12218, 1]: NULL (0): ip = 0x818a7d (0x818a7d), load module = MPI_instrumented3 | lip 
[12218, 1]: NULL (0): ip = 0x819b70 (0x819b70), load module = MPI_instrumented3 | lip 
[12218, 1]: NULL (0): ip = 0x81a0da (0x81a0da), load module = MPI_instrumented3 | lip 
[12218, 1]: NULL (0): ip = 0x8176c8 (0x8176c8), load module = MPI_instrumented3 | lip 
[12218, 1]: NULL (0): ip = 0x817f89 (0x817f89), load module = MPI_instrumented3 | lip 
[12218, 1]: NULL (0): ip = 0x818297 (0x818297), load module = MPI_instrumented3 | lip 
[12218, 1]: NULL (0): ip = 0x5ae44e (0x5ae44e), load module = MPI_instrumented3 | lip 
[12218, 1]: NULL (0): ip = 0x5afd4a (0x5afd4a), load module = MPI_instrumented3 | lip 
[12218, 1]: NULL (0): ip = 0x5af0c0 (0x5af0c0), load module = MPI_instrumented3 | lip 
[12218, 1]: -- end backtrace ------------------------------------

MEMORY: segment size: 4.0 meg, num segments: 8, total allocation: 32.0 meg, reclaims: 0
MEMORY: total freeable: 0.0 meg, total non-freeable: 16.1 meg, malloc failures: 0
SAMPLE ANOMALIES: blocks: 2 (async: 2, dlopen: 0), errors: 2 (segv: 0, soft: 2)
SUMMARY: samples: 5 (recorded: 3, blocked: 2, errant: 2, trolled: 0, yielded: 0),
         frames: 6 (trolled: 0)
         intervals: 1360 (suspicious: 0)
