The system is: Linux - 4.2.0-27-generic - x86_64
Compiling the C compiler identification source file "CMakeCCompilerId.c" succeeded.
Compiler: /usr/bin/clang 
Build flags: 
Id flags: 

The output was:
0


Compilation of the C compiler identification source "CMakeCCompilerId.c" produced "a.out"

The C compiler identification is Clang, found in "/home/hashim/Phd_Sem4/software/openmp/build/CMakeFiles/2.8.12.2/CompilerIdC/a.out"

Compiling the CXX compiler identification source file "CMakeCXXCompilerId.cpp" succeeded.
Compiler: /usr/bin/clang++ 
Build flags: 
Id flags: 

The output was:
0


Compilation of the CXX compiler identification source "CMakeCXXCompilerId.cpp" produced "a.out"

The CXX compiler identification is Clang, found in "/home/hashim/Phd_Sem4/software/openmp/build/CMakeFiles/2.8.12.2/CompilerIdCXX/a.out"

Determining if the C compiler works passed with the following output:
Change Dir: /home/hashim/Phd_Sem4/software/openmp/build/CMakeFiles/CMakeTmp

Run Build Command:/usr/bin/make "cmTryCompileExec3563458071/fast"
/usr/bin/make -f CMakeFiles/cmTryCompileExec3563458071.dir/build.make CMakeFiles/cmTryCompileExec3563458071.dir/build
make[1]: Entering directory `/home/hashim/Phd_Sem4/software/openmp/build/CMakeFiles/CMakeTmp'
/usr/bin/cmake -E cmake_progress_report /home/hashim/Phd_Sem4/software/openmp/build/CMakeFiles/CMakeTmp/CMakeFiles 1
Building C object CMakeFiles/cmTryCompileExec3563458071.dir/testCCompiler.c.o
/usr/bin/clang    -o CMakeFiles/cmTryCompileExec3563458071.dir/testCCompiler.c.o   -c /home/hashim/Phd_Sem4/software/openmp/build/CMakeFiles/CMakeTmp/testCCompiler.c
Linking C executable cmTryCompileExec3563458071
/usr/bin/cmake -E cmake_link_script CMakeFiles/cmTryCompileExec3563458071.dir/link.txt --verbose=1
/usr/bin/clang       CMakeFiles/cmTryCompileExec3563458071.dir/testCCompiler.c.o  -o cmTryCompileExec3563458071 -rdynamic 
make[1]: Leaving directory `/home/hashim/Phd_Sem4/software/openmp/build/CMakeFiles/CMakeTmp'


Detecting C compiler ABI info compiled with the following output:
Change Dir: /home/hashim/Phd_Sem4/software/openmp/build/CMakeFiles/CMakeTmp

Run Build Command:/usr/bin/make "cmTryCompileExec1323764465/fast"
/usr/bin/make -f CMakeFiles/cmTryCompileExec1323764465.dir/build.make CMakeFiles/cmTryCompileExec1323764465.dir/build
make[1]: Entering directory `/home/hashim/Phd_Sem4/software/openmp/build/CMakeFiles/CMakeTmp'
/usr/bin/cmake -E cmake_progress_report /home/hashim/Phd_Sem4/software/openmp/build/CMakeFiles/CMakeTmp/CMakeFiles 1
Building C object CMakeFiles/cmTryCompileExec1323764465.dir/CMakeCCompilerABI.c.o
/usr/bin/clang    -o CMakeFiles/cmTryCompileExec1323764465.dir/CMakeCCompilerABI.c.o   -c /usr/share/cmake-2.8/Modules/CMakeCCompilerABI.c
Linking C executable cmTryCompileExec1323764465
/usr/bin/cmake -E cmake_link_script CMakeFiles/cmTryCompileExec1323764465.dir/link.txt --verbose=1
/usr/bin/clang     -v CMakeFiles/cmTryCompileExec1323764465.dir/CMakeCCompilerABI.c.o  -o cmTryCompileExec1323764465 -rdynamic  
clang version 3.8.0-svn262614-1~exp1 (branches/release_38)
Target: x86_64-unknown-linux-gnu
Thread model: posix
InstalledDir: /usr/bin
Found candidate GCC installation: /usr/bin/../lib/gcc/i686-linux-gnu/4.8
Found candidate GCC installation: /usr/bin/../lib/gcc/i686-linux-gnu/4.8.4
Found candidate GCC installation: /usr/bin/../lib/gcc/i686-linux-gnu/4.9
Found candidate GCC installation: /usr/bin/../lib/gcc/i686-linux-gnu/4.9.3
Found candidate GCC installation: /usr/bin/../lib/gcc/x86_64-linux-gnu/4.8
Found candidate GCC installation: /usr/bin/../lib/gcc/x86_64-linux-gnu/4.8.4
Found candidate GCC installation: /usr/bin/../lib/gcc/x86_64-linux-gnu/4.9
Found candidate GCC installation: /usr/bin/../lib/gcc/x86_64-linux-gnu/4.9.3
Found candidate GCC installation: /usr/lib/gcc/i686-linux-gnu/4.8
Found candidate GCC installation: /usr/lib/gcc/i686-linux-gnu/4.8.4
Found candidate GCC installation: /usr/lib/gcc/i686-linux-gnu/4.9
Found candidate GCC installation: /usr/lib/gcc/i686-linux-gnu/4.9.3
Found candidate GCC installation: /usr/lib/gcc/x86_64-linux-gnu/4.8
Found candidate GCC installation: /usr/lib/gcc/x86_64-linux-gnu/4.8.4
Found candidate GCC installation: /usr/lib/gcc/x86_64-linux-gnu/4.9
Found candidate GCC installation: /usr/lib/gcc/x86_64-linux-gnu/4.9.3
Selected GCC installation: /usr/bin/../lib/gcc/x86_64-linux-gnu/4.8
Candidate multilib: .;@m64
Selected multilib: .;@m64
 "/usr/bin/ld" -export-dynamic -z relro --hash-style=gnu --build-id --eh-frame-hdr -m elf_x86_64 -dynamic-linker /lib64/ld-linux-x86-64.so.2 -o cmTryCompileExec1323764465 /usr/bin/../lib/gcc/x86_64-linux-gnu/4.8/../../../x86_64-linux-gnu/crt1.o /usr/bin/../lib/gcc/x86_64-linux-gnu/4.8/../../../x86_64-linux-gnu/crti.o /usr/bin/../lib/gcc/x86_64-linux-gnu/4.8/crtbegin.o -L/usr/bin/../lib/gcc/x86_64-linux-gnu/4.8 -L/usr/bin/../lib/gcc/x86_64-linux-gnu/4.8/../../../x86_64-linux-gnu -L/lib/x86_64-linux-gnu -L/lib/../lib64 -L/usr/lib/x86_64-linux-gnu -L/usr/bin/../lib/gcc/x86_64-linux-gnu/4.8/../../.. -L/usr/lib/llvm-3.8/bin/../lib -L/lib -L/usr/lib CMakeFiles/cmTryCompileExec1323764465.dir/CMakeCCompilerABI.c.o -lgcc --as-needed -lgcc_s --no-as-needed -lc -lgcc --as-needed -lgcc_s --no-as-needed /usr/bin/../lib/gcc/x86_64-linux-gnu/4.8/crtend.o /usr/bin/../lib/gcc/x86_64-linux-gnu/4.8/../../../x86_64-linux-gnu/crtn.o
make[1]: Leaving directory `/home/hashim/Phd_Sem4/software/openmp/build/CMakeFiles/CMakeTmp'


Parsed C implicit link information from above output:
  link line regex: [^( *|.*[/\])(ld|([^/\]+-)?ld|collect2)[^/\]*( |$)]
  ignore line: [Change Dir: /home/hashim/Phd_Sem4/software/openmp/build/CMakeFiles/CMakeTmp]
  ignore line: []
  ignore line: [Run Build Command:/usr/bin/make "cmTryCompileExec1323764465/fast"]
  ignore line: [/usr/bin/make -f CMakeFiles/cmTryCompileExec1323764465.dir/build.make CMakeFiles/cmTryCompileExec1323764465.dir/build]
  ignore line: [make[1]: Entering directory `/home/hashim/Phd_Sem4/software/openmp/build/CMakeFiles/CMakeTmp']
  ignore line: [/usr/bin/cmake -E cmake_progress_report /home/hashim/Phd_Sem4/software/openmp/build/CMakeFiles/CMakeTmp/CMakeFiles 1]
  ignore line: [Building C object CMakeFiles/cmTryCompileExec1323764465.dir/CMakeCCompilerABI.c.o]
  ignore line: [/usr/bin/clang    -o CMakeFiles/cmTryCompileExec1323764465.dir/CMakeCCompilerABI.c.o   -c /usr/share/cmake-2.8/Modules/CMakeCCompilerABI.c]
  ignore line: [Linking C executable cmTryCompileExec1323764465]
  ignore line: [/usr/bin/cmake -E cmake_link_script CMakeFiles/cmTryCompileExec1323764465.dir/link.txt --verbose=1]
  ignore line: [/usr/bin/clang     -v CMakeFiles/cmTryCompileExec1323764465.dir/CMakeCCompilerABI.c.o  -o cmTryCompileExec1323764465 -rdynamic  ]
  ignore line: [clang version 3.8.0-svn262614-1~exp1 (branches/release_38)]
  ignore line: [Target: x86_64-unknown-linux-gnu]
  ignore line: [Thread model: posix]
  ignore line: [InstalledDir: /usr/bin]
  ignore line: [Found candidate GCC installation: /usr/bin/../lib/gcc/i686-linux-gnu/4.8]
  ignore line: [Found candidate GCC installation: /usr/bin/../lib/gcc/i686-linux-gnu/4.8.4]
  ignore line: [Found candidate GCC installation: /usr/bin/../lib/gcc/i686-linux-gnu/4.9]
  ignore line: [Found candidate GCC installation: /usr/bin/../lib/gcc/i686-linux-gnu/4.9.3]
  ignore line: [Found candidate GCC installation: /usr/bin/../lib/gcc/x86_64-linux-gnu/4.8]
  ignore line: [Found candidate GCC installation: /usr/bin/../lib/gcc/x86_64-linux-gnu/4.8.4]
  ignore line: [Found candidate GCC installation: /usr/bin/../lib/gcc/x86_64-linux-gnu/4.9]
  ignore line: [Found candidate GCC installation: /usr/bin/../lib/gcc/x86_64-linux-gnu/4.9.3]
  ignore line: [Found candidate GCC installation: /usr/lib/gcc/i686-linux-gnu/4.8]
  ignore line: [Found candidate GCC installation: /usr/lib/gcc/i686-linux-gnu/4.8.4]
  ignore line: [Found candidate GCC installation: /usr/lib/gcc/i686-linux-gnu/4.9]
  ignore line: [Found candidate GCC installation: /usr/lib/gcc/i686-linux-gnu/4.9.3]
  ignore line: [Found candidate GCC installation: /usr/lib/gcc/x86_64-linux-gnu/4.8]
  ignore line: [Found candidate GCC installation: /usr/lib/gcc/x86_64-linux-gnu/4.8.4]
  ignore line: [Found candidate GCC installation: /usr/lib/gcc/x86_64-linux-gnu/4.9]
  ignore line: [Found candidate GCC installation: /usr/lib/gcc/x86_64-linux-gnu/4.9.3]
  ignore line: [Selected GCC installation: /usr/bin/../lib/gcc/x86_64-linux-gnu/4.8]
  ignore line: [Candidate multilib: .]
  ignore line: [@m64]
  ignore line: [Selected multilib: .]
  ignore line: [@m64]
  link line: [ "/usr/bin/ld" -export-dynamic -z relro --hash-style=gnu --build-id --eh-frame-hdr -m elf_x86_64 -dynamic-linker /lib64/ld-linux-x86-64.so.2 -o cmTryCompileExec1323764465 /usr/bin/../lib/gcc/x86_64-linux-gnu/4.8/../../../x86_64-linux-gnu/crt1.o /usr/bin/../lib/gcc/x86_64-linux-gnu/4.8/../../../x86_64-linux-gnu/crti.o /usr/bin/../lib/gcc/x86_64-linux-gnu/4.8/crtbegin.o -L/usr/bin/../lib/gcc/x86_64-linux-gnu/4.8 -L/usr/bin/../lib/gcc/x86_64-linux-gnu/4.8/../../../x86_64-linux-gnu -L/lib/x86_64-linux-gnu -L/lib/../lib64 -L/usr/lib/x86_64-linux-gnu -L/usr/bin/../lib/gcc/x86_64-linux-gnu/4.8/../../.. -L/usr/lib/llvm-3.8/bin/../lib -L/lib -L/usr/lib CMakeFiles/cmTryCompileExec1323764465.dir/CMakeCCompilerABI.c.o -lgcc --as-needed -lgcc_s --no-as-needed -lc -lgcc --as-needed -lgcc_s --no-as-needed /usr/bin/../lib/gcc/x86_64-linux-gnu/4.8/crtend.o /usr/bin/../lib/gcc/x86_64-linux-gnu/4.8/../../../x86_64-linux-gnu/crtn.o]
    arg [/usr/bin/ld] ==> ignore
    arg [-export-dynamic] ==> ignore
    arg [-zrelro] ==> ignore
    arg [--hash-style=gnu] ==> ignore
    arg [--build-id] ==> ignore
    arg [--eh-frame-hdr] ==> ignore
    arg [-m] ==> ignore
    arg [elf_x86_64] ==> ignore
    arg [-dynamic-linker] ==> ignore
    arg [/lib64/ld-linux-x86-64.so.2] ==> ignore
    arg [-o] ==> ignore
    arg [cmTryCompileExec1323764465] ==> ignore
    arg [/usr/bin/../lib/gcc/x86_64-linux-gnu/4.8/../../../x86_64-linux-gnu/crt1.o] ==> ignore
    arg [/usr/bin/../lib/gcc/x86_64-linux-gnu/4.8/../../../x86_64-linux-gnu/crti.o] ==> ignore
    arg [/usr/bin/../lib/gcc/x86_64-linux-gnu/4.8/crtbegin.o] ==> ignore
    arg [-L/usr/bin/../lib/gcc/x86_64-linux-gnu/4.8] ==> dir [/usr/bin/../lib/gcc/x86_64-linux-gnu/4.8]
    arg [-L/usr/bin/../lib/gcc/x86_64-linux-gnu/4.8/../../../x86_64-linux-gnu] ==> dir [/usr/bin/../lib/gcc/x86_64-linux-gnu/4.8/../../../x86_64-linux-gnu]
    arg [-L/lib/x86_64-linux-gnu] ==> dir [/lib/x86_64-linux-gnu]
    arg [-L/lib/../lib64] ==> dir [/lib/../lib64]
    arg [-L/usr/lib/x86_64-linux-gnu] ==> dir [/usr/lib/x86_64-linux-gnu]
    arg [-L/usr/bin/../lib/gcc/x86_64-linux-gnu/4.8/../../..] ==> dir [/usr/bin/../lib/gcc/x86_64-linux-gnu/4.8/../../..]
    arg [-L/usr/lib/llvm-3.8/bin/../lib] ==> dir [/usr/lib/llvm-3.8/bin/../lib]
    arg [-L/lib] ==> dir [/lib]
    arg [-L/usr/lib] ==> dir [/usr/lib]
    arg [CMakeFiles/cmTryCompileExec1323764465.dir/CMakeCCompilerABI.c.o] ==> ignore
    arg [-lgcc] ==> lib [gcc]
    arg [--as-needed] ==> ignore
    arg [-lgcc_s] ==> lib [gcc_s]
    arg [--no-as-needed] ==> ignore
    arg [-lc] ==> lib [c]
    arg [-lgcc] ==> lib [gcc]
    arg [--as-needed] ==> ignore
    arg [-lgcc_s] ==> lib [gcc_s]
    arg [--no-as-needed] ==> ignore
    arg [/usr/bin/../lib/gcc/x86_64-linux-gnu/4.8/crtend.o] ==> ignore
    arg [/usr/bin/../lib/gcc/x86_64-linux-gnu/4.8/../../../x86_64-linux-gnu/crtn.o] ==> ignore
  remove lib [gcc]
  remove lib [gcc_s]
  remove lib [gcc]
  remove lib [gcc_s]
  collapse library dir [/usr/bin/../lib/gcc/x86_64-linux-gnu/4.8] ==> [/usr/lib/gcc/x86_64-linux-gnu/4.8]
  collapse library dir [/usr/bin/../lib/gcc/x86_64-linux-gnu/4.8/../../../x86_64-linux-gnu] ==> [/usr/lib/x86_64-linux-gnu]
  collapse library dir [/lib/x86_64-linux-gnu] ==> [/lib/x86_64-linux-gnu]
  collapse library dir [/lib/../lib64] ==> [/lib64]
  collapse library dir [/usr/lib/x86_64-linux-gnu] ==> [/usr/lib/x86_64-linux-gnu]
  collapse library dir [/usr/bin/../lib/gcc/x86_64-linux-gnu/4.8/../../..] ==> [/usr/lib]
  collapse library dir [/usr/lib/llvm-3.8/bin/../lib] ==> [/usr/lib/llvm-3.8/lib]
  collapse library dir [/lib] ==> [/lib]
  collapse library dir [/usr/lib] ==> [/usr/lib]
  implicit libs: [c]
  implicit dirs: [/usr/lib/gcc/x86_64-linux-gnu/4.8;/usr/lib/x86_64-linux-gnu;/lib/x86_64-linux-gnu;/lib64;/usr/lib;/usr/lib/llvm-3.8/lib;/lib]
  implicit fwks: []


Determining if the CXX compiler works passed with the following output:
Change Dir: /home/hashim/Phd_Sem4/software/openmp/build/CMakeFiles/CMakeTmp

Run Build Command:/usr/bin/make "cmTryCompileExec1279896834/fast"
/usr/bin/make -f CMakeFiles/cmTryCompileExec1279896834.dir/build.make CMakeFiles/cmTryCompileExec1279896834.dir/build
make[1]: Entering directory `/home/hashim/Phd_Sem4/software/openmp/build/CMakeFiles/CMakeTmp'
/usr/bin/cmake -E cmake_progress_report /home/hashim/Phd_Sem4/software/openmp/build/CMakeFiles/CMakeTmp/CMakeFiles 1
Building CXX object CMakeFiles/cmTryCompileExec1279896834.dir/testCXXCompiler.cxx.o
/usr/bin/clang++     -o CMakeFiles/cmTryCompileExec1279896834.dir/testCXXCompiler.cxx.o -c /home/hashim/Phd_Sem4/software/openmp/build/CMakeFiles/CMakeTmp/testCXXCompiler.cxx
Linking CXX executable cmTryCompileExec1279896834
/usr/bin/cmake -E cmake_link_script CMakeFiles/cmTryCompileExec1279896834.dir/link.txt --verbose=1
/usr/bin/clang++        CMakeFiles/cmTryCompileExec1279896834.dir/testCXXCompiler.cxx.o  -o cmTryCompileExec1279896834 -rdynamic 
make[1]: Leaving directory `/home/hashim/Phd_Sem4/software/openmp/build/CMakeFiles/CMakeTmp'


Detecting CXX compiler ABI info compiled with the following output:
Change Dir: /home/hashim/Phd_Sem4/software/openmp/build/CMakeFiles/CMakeTmp

Run Build Command:/usr/bin/make "cmTryCompileExec445269597/fast"
/usr/bin/make -f CMakeFiles/cmTryCompileExec445269597.dir/build.make CMakeFiles/cmTryCompileExec445269597.dir/build
make[1]: Entering directory `/home/hashim/Phd_Sem4/software/openmp/build/CMakeFiles/CMakeTmp'
/usr/bin/cmake -E cmake_progress_report /home/hashim/Phd_Sem4/software/openmp/build/CMakeFiles/CMakeTmp/CMakeFiles 1
Building CXX object CMakeFiles/cmTryCompileExec445269597.dir/CMakeCXXCompilerABI.cpp.o
/usr/bin/clang++     -o CMakeFiles/cmTryCompileExec445269597.dir/CMakeCXXCompilerABI.cpp.o -c /usr/share/cmake-2.8/Modules/CMakeCXXCompilerABI.cpp
Linking CXX executable cmTryCompileExec445269597
/usr/bin/cmake -E cmake_link_script CMakeFiles/cmTryCompileExec445269597.dir/link.txt --verbose=1
/usr/bin/clang++      -v CMakeFiles/cmTryCompileExec445269597.dir/CMakeCXXCompilerABI.cpp.o  -o cmTryCompileExec445269597 -rdynamic  
clang version 3.8.0-svn262614-1~exp1 (branches/release_38)
Target: x86_64-unknown-linux-gnu
Thread model: posix
InstalledDir: /usr/bin
Found candidate GCC installation: /usr/bin/../lib/gcc/i686-linux-gnu/4.8
Found candidate GCC installation: /usr/bin/../lib/gcc/i686-linux-gnu/4.8.4
Found candidate GCC installation: /usr/bin/../lib/gcc/i686-linux-gnu/4.9
Found candidate GCC installation: /usr/bin/../lib/gcc/i686-linux-gnu/4.9.3
Found candidate GCC installation: /usr/bin/../lib/gcc/x86_64-linux-gnu/4.8
Found candidate GCC installation: /usr/bin/../lib/gcc/x86_64-linux-gnu/4.8.4
Found candidate GCC installation: /usr/bin/../lib/gcc/x86_64-linux-gnu/4.9
Found candidate GCC installation: /usr/bin/../lib/gcc/x86_64-linux-gnu/4.9.3
Found candidate GCC installation: /usr/lib/gcc/i686-linux-gnu/4.8
Found candidate GCC installation: /usr/lib/gcc/i686-linux-gnu/4.8.4
Found candidate GCC installation: /usr/lib/gcc/i686-linux-gnu/4.9
Found candidate GCC installation: /usr/lib/gcc/i686-linux-gnu/4.9.3
Found candidate GCC installation: /usr/lib/gcc/x86_64-linux-gnu/4.8
Found candidate GCC installation: /usr/lib/gcc/x86_64-linux-gnu/4.8.4
Found candidate GCC installation: /usr/lib/gcc/x86_64-linux-gnu/4.9
Found candidate GCC installation: /usr/lib/gcc/x86_64-linux-gnu/4.9.3
Selected GCC installation: /usr/bin/../lib/gcc/x86_64-linux-gnu/4.8
Candidate multilib: .;@m64
Selected multilib: .;@m64
 "/usr/bin/ld" -export-dynamic -z relro --hash-style=gnu --build-id --eh-frame-hdr -m elf_x86_64 -dynamic-linker /lib64/ld-linux-x86-64.so.2 -o cmTryCompileExec445269597 /usr/bin/../lib/gcc/x86_64-linux-gnu/4.8/../../../x86_64-linux-gnu/crt1.o /usr/bin/../lib/gcc/x86_64-linux-gnu/4.8/../../../x86_64-linux-gnu/crti.o /usr/bin/../lib/gcc/x86_64-linux-gnu/4.8/crtbegin.o -L/usr/bin/../lib/gcc/x86_64-linux-gnu/4.8 -L/usr/bin/../lib/gcc/x86_64-linux-gnu/4.8/../../../x86_64-linux-gnu -L/lib/x86_64-linux-gnu -L/lib/../lib64 -L/usr/lib/x86_64-linux-gnu -L/usr/bin/../lib/gcc/x86_64-linux-gnu/4.8/../../.. -L/usr/lib/llvm-3.8/bin/../lib -L/lib -L/usr/lib CMakeFiles/cmTryCompileExec445269597.dir/CMakeCXXCompilerABI.cpp.o -lstdc++ -lm -lgcc_s -lgcc -lc -lgcc_s -lgcc /usr/bin/../lib/gcc/x86_64-linux-gnu/4.8/crtend.o /usr/bin/../lib/gcc/x86_64-linux-gnu/4.8/../../../x86_64-linux-gnu/crtn.o
make[1]: Leaving directory `/home/hashim/Phd_Sem4/software/openmp/build/CMakeFiles/CMakeTmp'


Parsed CXX implicit link information from above output:
  link line regex: [^( *|.*[/\])(ld|([^/\]+-)?ld|collect2)[^/\]*( |$)]
  ignore line: [Change Dir: /home/hashim/Phd_Sem4/software/openmp/build/CMakeFiles/CMakeTmp]
  ignore line: []
  ignore line: [Run Build Command:/usr/bin/make "cmTryCompileExec445269597/fast"]
  ignore line: [/usr/bin/make -f CMakeFiles/cmTryCompileExec445269597.dir/build.make CMakeFiles/cmTryCompileExec445269597.dir/build]
  ignore line: [make[1]: Entering directory `/home/hashim/Phd_Sem4/software/openmp/build/CMakeFiles/CMakeTmp']
  ignore line: [/usr/bin/cmake -E cmake_progress_report /home/hashim/Phd_Sem4/software/openmp/build/CMakeFiles/CMakeTmp/CMakeFiles 1]
  ignore line: [Building CXX object CMakeFiles/cmTryCompileExec445269597.dir/CMakeCXXCompilerABI.cpp.o]
  ignore line: [/usr/bin/clang++     -o CMakeFiles/cmTryCompileExec445269597.dir/CMakeCXXCompilerABI.cpp.o -c /usr/share/cmake-2.8/Modules/CMakeCXXCompilerABI.cpp]
  ignore line: [Linking CXX executable cmTryCompileExec445269597]
  ignore line: [/usr/bin/cmake -E cmake_link_script CMakeFiles/cmTryCompileExec445269597.dir/link.txt --verbose=1]
  ignore line: [/usr/bin/clang++      -v CMakeFiles/cmTryCompileExec445269597.dir/CMakeCXXCompilerABI.cpp.o  -o cmTryCompileExec445269597 -rdynamic  ]
  ignore line: [clang version 3.8.0-svn262614-1~exp1 (branches/release_38)]
  ignore line: [Target: x86_64-unknown-linux-gnu]
  ignore line: [Thread model: posix]
  ignore line: [InstalledDir: /usr/bin]
  ignore line: [Found candidate GCC installation: /usr/bin/../lib/gcc/i686-linux-gnu/4.8]
  ignore line: [Found candidate GCC installation: /usr/bin/../lib/gcc/i686-linux-gnu/4.8.4]
  ignore line: [Found candidate GCC installation: /usr/bin/../lib/gcc/i686-linux-gnu/4.9]
  ignore line: [Found candidate GCC installation: /usr/bin/../lib/gcc/i686-linux-gnu/4.9.3]
  ignore line: [Found candidate GCC installation: /usr/bin/../lib/gcc/x86_64-linux-gnu/4.8]
  ignore line: [Found candidate GCC installation: /usr/bin/../lib/gcc/x86_64-linux-gnu/4.8.4]
  ignore line: [Found candidate GCC installation: /usr/bin/../lib/gcc/x86_64-linux-gnu/4.9]
  ignore line: [Found candidate GCC installation: /usr/bin/../lib/gcc/x86_64-linux-gnu/4.9.3]
  ignore line: [Found candidate GCC installation: /usr/lib/gcc/i686-linux-gnu/4.8]
  ignore line: [Found candidate GCC installation: /usr/lib/gcc/i686-linux-gnu/4.8.4]
  ignore line: [Found candidate GCC installation: /usr/lib/gcc/i686-linux-gnu/4.9]
  ignore line: [Found candidate GCC installation: /usr/lib/gcc/i686-linux-gnu/4.9.3]
  ignore line: [Found candidate GCC installation: /usr/lib/gcc/x86_64-linux-gnu/4.8]
  ignore line: [Found candidate GCC installation: /usr/lib/gcc/x86_64-linux-gnu/4.8.4]
  ignore line: [Found candidate GCC installation: /usr/lib/gcc/x86_64-linux-gnu/4.9]
  ignore line: [Found candidate GCC installation: /usr/lib/gcc/x86_64-linux-gnu/4.9.3]
  ignore line: [Selected GCC installation: /usr/bin/../lib/gcc/x86_64-linux-gnu/4.8]
  ignore line: [Candidate multilib: .]
  ignore line: [@m64]
  ignore line: [Selected multilib: .]
  ignore line: [@m64]
  link line: [ "/usr/bin/ld" -export-dynamic -z relro --hash-style=gnu --build-id --eh-frame-hdr -m elf_x86_64 -dynamic-linker /lib64/ld-linux-x86-64.so.2 -o cmTryCompileExec445269597 /usr/bin/../lib/gcc/x86_64-linux-gnu/4.8/../../../x86_64-linux-gnu/crt1.o /usr/bin/../lib/gcc/x86_64-linux-gnu/4.8/../../../x86_64-linux-gnu/crti.o /usr/bin/../lib/gcc/x86_64-linux-gnu/4.8/crtbegin.o -L/usr/bin/../lib/gcc/x86_64-linux-gnu/4.8 -L/usr/bin/../lib/gcc/x86_64-linux-gnu/4.8/../../../x86_64-linux-gnu -L/lib/x86_64-linux-gnu -L/lib/../lib64 -L/usr/lib/x86_64-linux-gnu -L/usr/bin/../lib/gcc/x86_64-linux-gnu/4.8/../../.. -L/usr/lib/llvm-3.8/bin/../lib -L/lib -L/usr/lib CMakeFiles/cmTryCompileExec445269597.dir/CMakeCXXCompilerABI.cpp.o -lstdc++ -lm -lgcc_s -lgcc -lc -lgcc_s -lgcc /usr/bin/../lib/gcc/x86_64-linux-gnu/4.8/crtend.o /usr/bin/../lib/gcc/x86_64-linux-gnu/4.8/../../../x86_64-linux-gnu/crtn.o]
    arg [/usr/bin/ld] ==> ignore
    arg [-export-dynamic] ==> ignore
    arg [-zrelro] ==> ignore
    arg [--hash-style=gnu] ==> ignore
    arg [--build-id] ==> ignore
    arg [--eh-frame-hdr] ==> ignore
    arg [-m] ==> ignore
    arg [elf_x86_64] ==> ignore
    arg [-dynamic-linker] ==> ignore
    arg [/lib64/ld-linux-x86-64.so.2] ==> ignore
    arg [-o] ==> ignore
    arg [cmTryCompileExec445269597] ==> ignore
    arg [/usr/bin/../lib/gcc/x86_64-linux-gnu/4.8/../../../x86_64-linux-gnu/crt1.o] ==> ignore
    arg [/usr/bin/../lib/gcc/x86_64-linux-gnu/4.8/../../../x86_64-linux-gnu/crti.o] ==> ignore
    arg [/usr/bin/../lib/gcc/x86_64-linux-gnu/4.8/crtbegin.o] ==> ignore
    arg [-L/usr/bin/../lib/gcc/x86_64-linux-gnu/4.8] ==> dir [/usr/bin/../lib/gcc/x86_64-linux-gnu/4.8]
    arg [-L/usr/bin/../lib/gcc/x86_64-linux-gnu/4.8/../../../x86_64-linux-gnu] ==> dir [/usr/bin/../lib/gcc/x86_64-linux-gnu/4.8/../../../x86_64-linux-gnu]
    arg [-L/lib/x86_64-linux-gnu] ==> dir [/lib/x86_64-linux-gnu]
    arg [-L/lib/../lib64] ==> dir [/lib/../lib64]
    arg [-L/usr/lib/x86_64-linux-gnu] ==> dir [/usr/lib/x86_64-linux-gnu]
    arg [-L/usr/bin/../lib/gcc/x86_64-linux-gnu/4.8/../../..] ==> dir [/usr/bin/../lib/gcc/x86_64-linux-gnu/4.8/../../..]
    arg [-L/usr/lib/llvm-3.8/bin/../lib] ==> dir [/usr/lib/llvm-3.8/bin/../lib]
    arg [-L/lib] ==> dir [/lib]
    arg [-L/usr/lib] ==> dir [/usr/lib]
    arg [CMakeFiles/cmTryCompileExec445269597.dir/CMakeCXXCompilerABI.cpp.o] ==> ignore
    arg [-lstdc++] ==> lib [stdc++]
    arg [-lm] ==> lib [m]
    arg [-lgcc_s] ==> lib [gcc_s]
    arg [-lgcc] ==> lib [gcc]
    arg [-lc] ==> lib [c]
    arg [-lgcc_s] ==> lib [gcc_s]
    arg [-lgcc] ==> lib [gcc]
    arg [/usr/bin/../lib/gcc/x86_64-linux-gnu/4.8/crtend.o] ==> ignore
    arg [/usr/bin/../lib/gcc/x86_64-linux-gnu/4.8/../../../x86_64-linux-gnu/crtn.o] ==> ignore
  remove lib [gcc_s]
  remove lib [gcc]
  remove lib [gcc_s]
  remove lib [gcc]
  collapse library dir [/usr/bin/../lib/gcc/x86_64-linux-gnu/4.8] ==> [/usr/lib/gcc/x86_64-linux-gnu/4.8]
  collapse library dir [/usr/bin/../lib/gcc/x86_64-linux-gnu/4.8/../../../x86_64-linux-gnu] ==> [/usr/lib/x86_64-linux-gnu]
  collapse library dir [/lib/x86_64-linux-gnu] ==> [/lib/x86_64-linux-gnu]
  collapse library dir [/lib/../lib64] ==> [/lib64]
  collapse library dir [/usr/lib/x86_64-linux-gnu] ==> [/usr/lib/x86_64-linux-gnu]
  collapse library dir [/usr/bin/../lib/gcc/x86_64-linux-gnu/4.8/../../..] ==> [/usr/lib]
  collapse library dir [/usr/lib/llvm-3.8/bin/../lib] ==> [/usr/lib/llvm-3.8/lib]
  collapse library dir [/lib] ==> [/lib]
  collapse library dir [/usr/lib] ==> [/usr/lib]
  implicit libs: [stdc++;m;c]
  implicit dirs: [/usr/lib/gcc/x86_64-linux-gnu/4.8;/usr/lib/x86_64-linux-gnu;/lib/x86_64-linux-gnu;/lib64;/usr/lib;/usr/lib/llvm-3.8/lib;/lib]
  implicit fwks: []


Performing C++ SOURCE FILE Test LIBOMP_HAVE_STD_CPP11_FLAG succeded with the following output:
Change Dir: /home/hashim/Phd_Sem4/software/openmp/build/CMakeFiles/CMakeTmp

Run Build Command:/usr/bin/make "cmTryCompileExec3579832067/fast"
/usr/bin/make -f CMakeFiles/cmTryCompileExec3579832067.dir/build.make CMakeFiles/cmTryCompileExec3579832067.dir/build
make[1]: Entering directory `/home/hashim/Phd_Sem4/software/openmp/build/CMakeFiles/CMakeTmp'
/usr/bin/cmake -E cmake_progress_report /home/hashim/Phd_Sem4/software/openmp/build/CMakeFiles/CMakeTmp/CMakeFiles 1
Building CXX object CMakeFiles/cmTryCompileExec3579832067.dir/src.cxx.o
/usr/bin/clang++    -DLIBOMP_HAVE_STD_CPP11_FLAG   -std=c++11 -o CMakeFiles/cmTryCompileExec3579832067.dir/src.cxx.o -c /home/hashim/Phd_Sem4/software/openmp/build/CMakeFiles/CMakeTmp/src.cxx
Linking CXX executable cmTryCompileExec3579832067
/usr/bin/cmake -E cmake_link_script CMakeFiles/cmTryCompileExec3579832067.dir/link.txt --verbose=1
/usr/bin/clang++    -DLIBOMP_HAVE_STD_CPP11_FLAG    CMakeFiles/cmTryCompileExec3579832067.dir/src.cxx.o  -o cmTryCompileExec3579832067 -rdynamic 
make[1]: Leaving directory `/home/hashim/Phd_Sem4/software/openmp/build/CMakeFiles/CMakeTmp'

Source file was:
int main() { return 0;}
Performing C++ SOURCE FILE Test LIBOMP_HAVE_FNO_EXCEPTIONS_FLAG succeded with the following output:
Change Dir: /home/hashim/Phd_Sem4/software/openmp/build/CMakeFiles/CMakeTmp

Run Build Command:/usr/bin/make "cmTryCompileExec1598987819/fast"
/usr/bin/make -f CMakeFiles/cmTryCompileExec1598987819.dir/build.make CMakeFiles/cmTryCompileExec1598987819.dir/build
make[1]: Entering directory `/home/hashim/Phd_Sem4/software/openmp/build/CMakeFiles/CMakeTmp'
/usr/bin/cmake -E cmake_progress_report /home/hashim/Phd_Sem4/software/openmp/build/CMakeFiles/CMakeTmp/CMakeFiles 1
Building CXX object CMakeFiles/cmTryCompileExec1598987819.dir/src.cxx.o
/usr/bin/clang++    -DLIBOMP_HAVE_FNO_EXCEPTIONS_FLAG   -fno-exceptions -o CMakeFiles/cmTryCompileExec1598987819.dir/src.cxx.o -c /home/hashim/Phd_Sem4/software/openmp/build/CMakeFiles/CMakeTmp/src.cxx
Linking CXX executable cmTryCompileExec1598987819
/usr/bin/cmake -E cmake_link_script CMakeFiles/cmTryCompileExec1598987819.dir/link.txt --verbose=1
/usr/bin/clang++    -DLIBOMP_HAVE_FNO_EXCEPTIONS_FLAG    CMakeFiles/cmTryCompileExec1598987819.dir/src.cxx.o  -o cmTryCompileExec1598987819 -rdynamic 
make[1]: Leaving directory `/home/hashim/Phd_Sem4/software/openmp/build/CMakeFiles/CMakeTmp'

Source file was:
int main() { return 0;}
Performing C SOURCE FILE Test LIBOMP_HAVE_X_CPP_FLAG succeded with the following output:
Change Dir: /home/hashim/Phd_Sem4/software/openmp/build/CMakeFiles/CMakeTmp

Run Build Command:/usr/bin/make "cmTryCompileExec32477679/fast"
/usr/bin/make -f CMakeFiles/cmTryCompileExec32477679.dir/build.make CMakeFiles/cmTryCompileExec32477679.dir/build
make[1]: Entering directory `/home/hashim/Phd_Sem4/software/openmp/build/CMakeFiles/CMakeTmp'
/usr/bin/cmake -E cmake_progress_report /home/hashim/Phd_Sem4/software/openmp/build/CMakeFiles/CMakeTmp/CMakeFiles 1
Building C object CMakeFiles/cmTryCompileExec32477679.dir/src.c.o
/usr/bin/clang   -DLIBOMP_HAVE_X_CPP_FLAG   -x c++ -o CMakeFiles/cmTryCompileExec32477679.dir/src.c.o   -c /home/hashim/Phd_Sem4/software/openmp/build/CMakeFiles/CMakeTmp/src.c
Linking C executable cmTryCompileExec32477679
/usr/bin/cmake -E cmake_link_script CMakeFiles/cmTryCompileExec32477679.dir/link.txt --verbose=1
/usr/bin/clang   -DLIBOMP_HAVE_X_CPP_FLAG    CMakeFiles/cmTryCompileExec32477679.dir/src.c.o  -o cmTryCompileExec32477679 -rdynamic 
make[1]: Leaving directory `/home/hashim/Phd_Sem4/software/openmp/build/CMakeFiles/CMakeTmp'

Source file was:
int main(void) { return 0; }
Performing C SOURCE FILE Test LIBOMP_HAVE_WERROR_FLAG succeded with the following output:
Change Dir: /home/hashim/Phd_Sem4/software/openmp/build/CMakeFiles/CMakeTmp

Run Build Command:/usr/bin/make "cmTryCompileExec993609173/fast"
/usr/bin/make -f CMakeFiles/cmTryCompileExec993609173.dir/build.make CMakeFiles/cmTryCompileExec993609173.dir/build
make[1]: Entering directory `/home/hashim/Phd_Sem4/software/openmp/build/CMakeFiles/CMakeTmp'
/usr/bin/cmake -E cmake_progress_report /home/hashim/Phd_Sem4/software/openmp/build/CMakeFiles/CMakeTmp/CMakeFiles 1
Building C object CMakeFiles/cmTryCompileExec993609173.dir/src.c.o
/usr/bin/clang   -DLIBOMP_HAVE_WERROR_FLAG   -Werror -o CMakeFiles/cmTryCompileExec993609173.dir/src.c.o   -c /home/hashim/Phd_Sem4/software/openmp/build/CMakeFiles/CMakeTmp/src.c
Linking C executable cmTryCompileExec993609173
/usr/bin/cmake -E cmake_link_script CMakeFiles/cmTryCompileExec993609173.dir/link.txt --verbose=1
/usr/bin/clang   -DLIBOMP_HAVE_WERROR_FLAG    CMakeFiles/cmTryCompileExec993609173.dir/src.c.o  -o cmTryCompileExec993609173 -rdynamic 
make[1]: Leaving directory `/home/hashim/Phd_Sem4/software/openmp/build/CMakeFiles/CMakeTmp'

Source file was:
int main(void) { return 0; }
Performing C SOURCE FILE Test LIBOMP_HAVE_WNO_UNUSED_FUNCTION_FLAG succeded with the following output:
Change Dir: /home/hashim/Phd_Sem4/software/openmp/build/CMakeFiles/CMakeTmp

Run Build Command:/usr/bin/make "cmTryCompileExec1346050579/fast"
/usr/bin/make -f CMakeFiles/cmTryCompileExec1346050579.dir/build.make CMakeFiles/cmTryCompileExec1346050579.dir/build
make[1]: Entering directory `/home/hashim/Phd_Sem4/software/openmp/build/CMakeFiles/CMakeTmp'
/usr/bin/cmake -E cmake_progress_report /home/hashim/Phd_Sem4/software/openmp/build/CMakeFiles/CMakeTmp/CMakeFiles 1
Building C object CMakeFiles/cmTryCompileExec1346050579.dir/src.c.o
/usr/bin/clang   -DLIBOMP_HAVE_WNO_UNUSED_FUNCTION_FLAG   -Wunused-function -o CMakeFiles/cmTryCompileExec1346050579.dir/src.c.o   -c /home/hashim/Phd_Sem4/software/openmp/build/CMakeFiles/CMakeTmp/src.c
Linking C executable cmTryCompileExec1346050579
/usr/bin/cmake -E cmake_link_script CMakeFiles/cmTryCompileExec1346050579.dir/link.txt --verbose=1
/usr/bin/clang   -DLIBOMP_HAVE_WNO_UNUSED_FUNCTION_FLAG    CMakeFiles/cmTryCompileExec1346050579.dir/src.c.o  -o cmTryCompileExec1346050579 -rdynamic 
make[1]: Leaving directory `/home/hashim/Phd_Sem4/software/openmp/build/CMakeFiles/CMakeTmp'

Source file was:
int main(void) { return 0; }
Performing C SOURCE FILE Test LIBOMP_HAVE_WNO_UNUSED_LOCAL_TYPEDEF_FLAG succeded with the following output:
Change Dir: /home/hashim/Phd_Sem4/software/openmp/build/CMakeFiles/CMakeTmp

Run Build Command:/usr/bin/make "cmTryCompileExec1189373542/fast"
/usr/bin/make -f CMakeFiles/cmTryCompileExec1189373542.dir/build.make CMakeFiles/cmTryCompileExec1189373542.dir/build
make[1]: Entering directory `/home/hashim/Phd_Sem4/software/openmp/build/CMakeFiles/CMakeTmp'
/usr/bin/cmake -E cmake_progress_report /home/hashim/Phd_Sem4/software/openmp/build/CMakeFiles/CMakeTmp/CMakeFiles 1
Building C object CMakeFiles/cmTryCompileExec1189373542.dir/src.c.o
/usr/bin/clang   -DLIBOMP_HAVE_WNO_UNUSED_LOCAL_TYPEDEF_FLAG   -Wunused-local-typedef -o CMakeFiles/cmTryCompileExec1189373542.dir/src.c.o   -c /home/hashim/Phd_Sem4/software/openmp/build/CMakeFiles/CMakeTmp/src.c
Linking C executable cmTryCompileExec1189373542
/usr/bin/cmake -E cmake_link_script CMakeFiles/cmTryCompileExec1189373542.dir/link.txt --verbose=1
/usr/bin/clang   -DLIBOMP_HAVE_WNO_UNUSED_LOCAL_TYPEDEF_FLAG    CMakeFiles/cmTryCompileExec1189373542.dir/src.c.o  -o cmTryCompileExec1189373542 -rdynamic 
make[1]: Leaving directory `/home/hashim/Phd_Sem4/software/openmp/build/CMakeFiles/CMakeTmp'

Source file was:
int main(void) { return 0; }
Performing C SOURCE FILE Test LIBOMP_HAVE_WNO_UNUSED_VALUE_FLAG succeded with the following output:
Change Dir: /home/hashim/Phd_Sem4/software/openmp/build/CMakeFiles/CMakeTmp

Run Build Command:/usr/bin/make "cmTryCompileExec2394624490/fast"
/usr/bin/make -f CMakeFiles/cmTryCompileExec2394624490.dir/build.make CMakeFiles/cmTryCompileExec2394624490.dir/build
make[1]: Entering directory `/home/hashim/Phd_Sem4/software/openmp/build/CMakeFiles/CMakeTmp'
/usr/bin/cmake -E cmake_progress_report /home/hashim/Phd_Sem4/software/openmp/build/CMakeFiles/CMakeTmp/CMakeFiles 1
Building C object CMakeFiles/cmTryCompileExec2394624490.dir/src.c.o
/usr/bin/clang   -DLIBOMP_HAVE_WNO_UNUSED_VALUE_FLAG   -Wunused-value -o CMakeFiles/cmTryCompileExec2394624490.dir/src.c.o   -c /home/hashim/Phd_Sem4/software/openmp/build/CMakeFiles/CMakeTmp/src.c
Linking C executable cmTryCompileExec2394624490
/usr/bin/cmake -E cmake_link_script CMakeFiles/cmTryCompileExec2394624490.dir/link.txt --verbose=1
/usr/bin/clang   -DLIBOMP_HAVE_WNO_UNUSED_VALUE_FLAG    CMakeFiles/cmTryCompileExec2394624490.dir/src.c.o  -o cmTryCompileExec2394624490 -rdynamic 
make[1]: Leaving directory `/home/hashim/Phd_Sem4/software/openmp/build/CMakeFiles/CMakeTmp'

Source file was:
int main(void) { return 0; }
Performing C SOURCE FILE Test LIBOMP_HAVE_WNO_UNUSED_VARIABLE_FLAG succeded with the following output:
Change Dir: /home/hashim/Phd_Sem4/software/openmp/build/CMakeFiles/CMakeTmp

Run Build Command:/usr/bin/make "cmTryCompileExec3545049645/fast"
/usr/bin/make -f CMakeFiles/cmTryCompileExec3545049645.dir/build.make CMakeFiles/cmTryCompileExec3545049645.dir/build
make[1]: Entering directory `/home/hashim/Phd_Sem4/software/openmp/build/CMakeFiles/CMakeTmp'
/usr/bin/cmake -E cmake_progress_report /home/hashim/Phd_Sem4/software/openmp/build/CMakeFiles/CMakeTmp/CMakeFiles 1
Building C object CMakeFiles/cmTryCompileExec3545049645.dir/src.c.o
/usr/bin/clang   -DLIBOMP_HAVE_WNO_UNUSED_VARIABLE_FLAG   -Wunused-variable -o CMakeFiles/cmTryCompileExec3545049645.dir/src.c.o   -c /home/hashim/Phd_Sem4/software/openmp/build/CMakeFiles/CMakeTmp/src.c
Linking C executable cmTryCompileExec3545049645
/usr/bin/cmake -E cmake_link_script CMakeFiles/cmTryCompileExec3545049645.dir/link.txt --verbose=1
/usr/bin/clang   -DLIBOMP_HAVE_WNO_UNUSED_VARIABLE_FLAG    CMakeFiles/cmTryCompileExec3545049645.dir/src.c.o  -o cmTryCompileExec3545049645 -rdynamic 
make[1]: Leaving directory `/home/hashim/Phd_Sem4/software/openmp/build/CMakeFiles/CMakeTmp'

Source file was:
int main(void) { return 0; }
Performing C SOURCE FILE Test LIBOMP_HAVE_WNO_SWITCH_FLAG succeded with the following output:
Change Dir: /home/hashim/Phd_Sem4/software/openmp/build/CMakeFiles/CMakeTmp

Run Build Command:/usr/bin/make "cmTryCompileExec2253281823/fast"
/usr/bin/make -f CMakeFiles/cmTryCompileExec2253281823.dir/build.make CMakeFiles/cmTryCompileExec2253281823.dir/build
make[1]: Entering directory `/home/hashim/Phd_Sem4/software/openmp/build/CMakeFiles/CMakeTmp'
/usr/bin/cmake -E cmake_progress_report /home/hashim/Phd_Sem4/software/openmp/build/CMakeFiles/CMakeTmp/CMakeFiles 1
Building C object CMakeFiles/cmTryCompileExec2253281823.dir/src.c.o
/usr/bin/clang   -DLIBOMP_HAVE_WNO_SWITCH_FLAG   -Wswitch -o CMakeFiles/cmTryCompileExec2253281823.dir/src.c.o   -c /home/hashim/Phd_Sem4/software/openmp/build/CMakeFiles/CMakeTmp/src.c
Linking C executable cmTryCompileExec2253281823
/usr/bin/cmake -E cmake_link_script CMakeFiles/cmTryCompileExec2253281823.dir/link.txt --verbose=1
/usr/bin/clang   -DLIBOMP_HAVE_WNO_SWITCH_FLAG    CMakeFiles/cmTryCompileExec2253281823.dir/src.c.o  -o cmTryCompileExec2253281823 -rdynamic 
make[1]: Leaving directory `/home/hashim/Phd_Sem4/software/openmp/build/CMakeFiles/CMakeTmp'

Source file was:
int main(void) { return 0; }
Performing C SOURCE FILE Test LIBOMP_HAVE_WNO_COVERED_SWITCH_DEFAULT_FLAG succeded with the following output:
Change Dir: /home/hashim/Phd_Sem4/software/openmp/build/CMakeFiles/CMakeTmp

Run Build Command:/usr/bin/make "cmTryCompileExec2323582612/fast"
/usr/bin/make -f CMakeFiles/cmTryCompileExec2323582612.dir/build.make CMakeFiles/cmTryCompileExec2323582612.dir/build
make[1]: Entering directory `/home/hashim/Phd_Sem4/software/openmp/build/CMakeFiles/CMakeTmp'
/usr/bin/cmake -E cmake_progress_report /home/hashim/Phd_Sem4/software/openmp/build/CMakeFiles/CMakeTmp/CMakeFiles 1
Building C object CMakeFiles/cmTryCompileExec2323582612.dir/src.c.o
/usr/bin/clang   -DLIBOMP_HAVE_WNO_COVERED_SWITCH_DEFAULT_FLAG   -Wcovered-switch-default -o CMakeFiles/cmTryCompileExec2323582612.dir/src.c.o   -c /home/hashim/Phd_Sem4/software/openmp/build/CMakeFiles/CMakeTmp/src.c
Linking C executable cmTryCompileExec2323582612
/usr/bin/cmake -E cmake_link_script CMakeFiles/cmTryCompileExec2323582612.dir/link.txt --verbose=1
/usr/bin/clang   -DLIBOMP_HAVE_WNO_COVERED_SWITCH_DEFAULT_FLAG    CMakeFiles/cmTryCompileExec2323582612.dir/src.c.o  -o cmTryCompileExec2323582612 -rdynamic 
make[1]: Leaving directory `/home/hashim/Phd_Sem4/software/openmp/build/CMakeFiles/CMakeTmp'

Source file was:
int main(void) { return 0; }
Performing C SOURCE FILE Test LIBOMP_HAVE_WNO_DEPRECATED_REGISTER_FLAG succeded with the following output:
Change Dir: /home/hashim/Phd_Sem4/software/openmp/build/CMakeFiles/CMakeTmp

Run Build Command:/usr/bin/make "cmTryCompileExec1132333602/fast"
/usr/bin/make -f CMakeFiles/cmTryCompileExec1132333602.dir/build.make CMakeFiles/cmTryCompileExec1132333602.dir/build
make[1]: Entering directory `/home/hashim/Phd_Sem4/software/openmp/build/CMakeFiles/CMakeTmp'
/usr/bin/cmake -E cmake_progress_report /home/hashim/Phd_Sem4/software/openmp/build/CMakeFiles/CMakeTmp/CMakeFiles 1
Building C object CMakeFiles/cmTryCompileExec1132333602.dir/src.c.o
/usr/bin/clang   -DLIBOMP_HAVE_WNO_DEPRECATED_REGISTER_FLAG   -Wdeprecated-register -o CMakeFiles/cmTryCompileExec1132333602.dir/src.c.o   -c /home/hashim/Phd_Sem4/software/openmp/build/CMakeFiles/CMakeTmp/src.c
Linking C executable cmTryCompileExec1132333602
/usr/bin/cmake -E cmake_link_script CMakeFiles/cmTryCompileExec1132333602.dir/link.txt --verbose=1
/usr/bin/clang   -DLIBOMP_HAVE_WNO_DEPRECATED_REGISTER_FLAG    CMakeFiles/cmTryCompileExec1132333602.dir/src.c.o  -o cmTryCompileExec1132333602 -rdynamic 
make[1]: Leaving directory `/home/hashim/Phd_Sem4/software/openmp/build/CMakeFiles/CMakeTmp'

Source file was:
int main(void) { return 0; }
Performing C SOURCE FILE Test LIBOMP_HAVE_WNO_SIGN_COMPARE_FLAG succeded with the following output:
Change Dir: /home/hashim/Phd_Sem4/software/openmp/build/CMakeFiles/CMakeTmp

Run Build Command:/usr/bin/make "cmTryCompileExec3732776715/fast"
/usr/bin/make -f CMakeFiles/cmTryCompileExec3732776715.dir/build.make CMakeFiles/cmTryCompileExec3732776715.dir/build
make[1]: Entering directory `/home/hashim/Phd_Sem4/software/openmp/build/CMakeFiles/CMakeTmp'
/usr/bin/cmake -E cmake_progress_report /home/hashim/Phd_Sem4/software/openmp/build/CMakeFiles/CMakeTmp/CMakeFiles 1
Building C object CMakeFiles/cmTryCompileExec3732776715.dir/src.c.o
/usr/bin/clang   -DLIBOMP_HAVE_WNO_SIGN_COMPARE_FLAG   -Wsign-compare -o CMakeFiles/cmTryCompileExec3732776715.dir/src.c.o   -c /home/hashim/Phd_Sem4/software/openmp/build/CMakeFiles/CMakeTmp/src.c
Linking C executable cmTryCompileExec3732776715
/usr/bin/cmake -E cmake_link_script CMakeFiles/cmTryCompileExec3732776715.dir/link.txt --verbose=1
/usr/bin/clang   -DLIBOMP_HAVE_WNO_SIGN_COMPARE_FLAG    CMakeFiles/cmTryCompileExec3732776715.dir/src.c.o  -o cmTryCompileExec3732776715 -rdynamic 
make[1]: Leaving directory `/home/hashim/Phd_Sem4/software/openmp/build/CMakeFiles/CMakeTmp'

Source file was:
int main(void) { return 0; }
Performing C SOURCE FILE Test LIBOMP_HAVE_WNO_GNU_ANONYMOUS_STRUCT_FLAG succeded with the following output:
Change Dir: /home/hashim/Phd_Sem4/software/openmp/build/CMakeFiles/CMakeTmp

Run Build Command:/usr/bin/make "cmTryCompileExec3972710450/fast"
/usr/bin/make -f CMakeFiles/cmTryCompileExec3972710450.dir/build.make CMakeFiles/cmTryCompileExec3972710450.dir/build
make[1]: Entering directory `/home/hashim/Phd_Sem4/software/openmp/build/CMakeFiles/CMakeTmp'
/usr/bin/cmake -E cmake_progress_report /home/hashim/Phd_Sem4/software/openmp/build/CMakeFiles/CMakeTmp/CMakeFiles 1
Building C object CMakeFiles/cmTryCompileExec3972710450.dir/src.c.o
/usr/bin/clang   -DLIBOMP_HAVE_WNO_GNU_ANONYMOUS_STRUCT_FLAG   -Wgnu-anonymous-struct -o CMakeFiles/cmTryCompileExec3972710450.dir/src.c.o   -c /home/hashim/Phd_Sem4/software/openmp/build/CMakeFiles/CMakeTmp/src.c
Linking C executable cmTryCompileExec3972710450
/usr/bin/cmake -E cmake_link_script CMakeFiles/cmTryCompileExec3972710450.dir/link.txt --verbose=1
/usr/bin/clang   -DLIBOMP_HAVE_WNO_GNU_ANONYMOUS_STRUCT_FLAG    CMakeFiles/cmTryCompileExec3972710450.dir/src.c.o  -o cmTryCompileExec3972710450 -rdynamic 
make[1]: Leaving directory `/home/hashim/Phd_Sem4/software/openmp/build/CMakeFiles/CMakeTmp'

Source file was:
int main(void) { return 0; }
Performing C SOURCE FILE Test LIBOMP_HAVE_WNO_UNKNOWN_PRAGMAS_FLAG succeded with the following output:
Change Dir: /home/hashim/Phd_Sem4/software/openmp/build/CMakeFiles/CMakeTmp

Run Build Command:/usr/bin/make "cmTryCompileExec735498320/fast"
/usr/bin/make -f CMakeFiles/cmTryCompileExec735498320.dir/build.make CMakeFiles/cmTryCompileExec735498320.dir/build
make[1]: Entering directory `/home/hashim/Phd_Sem4/software/openmp/build/CMakeFiles/CMakeTmp'
/usr/bin/cmake -E cmake_progress_report /home/hashim/Phd_Sem4/software/openmp/build/CMakeFiles/CMakeTmp/CMakeFiles 1
Building C object CMakeFiles/cmTryCompileExec735498320.dir/src.c.o
/usr/bin/clang   -DLIBOMP_HAVE_WNO_UNKNOWN_PRAGMAS_FLAG   -Wunknown-pragmas -o CMakeFiles/cmTryCompileExec735498320.dir/src.c.o   -c /home/hashim/Phd_Sem4/software/openmp/build/CMakeFiles/CMakeTmp/src.c
Linking C executable cmTryCompileExec735498320
/usr/bin/cmake -E cmake_link_script CMakeFiles/cmTryCompileExec735498320.dir/link.txt --verbose=1
/usr/bin/clang   -DLIBOMP_HAVE_WNO_UNKNOWN_PRAGMAS_FLAG    CMakeFiles/cmTryCompileExec735498320.dir/src.c.o  -o cmTryCompileExec735498320 -rdynamic 
make[1]: Leaving directory `/home/hashim/Phd_Sem4/software/openmp/build/CMakeFiles/CMakeTmp'

Source file was:
int main(void) { return 0; }
Performing C SOURCE FILE Test LIBOMP_HAVE_WNO_MISSING_FIELD_INITIALIZERS_FLAG succeded with the following output:
Change Dir: /home/hashim/Phd_Sem4/software/openmp/build/CMakeFiles/CMakeTmp

Run Build Command:/usr/bin/make "cmTryCompileExec4059156887/fast"
/usr/bin/make -f CMakeFiles/cmTryCompileExec4059156887.dir/build.make CMakeFiles/cmTryCompileExec4059156887.dir/build
make[1]: Entering directory `/home/hashim/Phd_Sem4/software/openmp/build/CMakeFiles/CMakeTmp'
/usr/bin/cmake -E cmake_progress_report /home/hashim/Phd_Sem4/software/openmp/build/CMakeFiles/CMakeTmp/CMakeFiles 1
Building C object CMakeFiles/cmTryCompileExec4059156887.dir/src.c.o
/usr/bin/clang   -DLIBOMP_HAVE_WNO_MISSING_FIELD_INITIALIZERS_FLAG   -Wmissing-field-initializers -o CMakeFiles/cmTryCompileExec4059156887.dir/src.c.o   -c /home/hashim/Phd_Sem4/software/openmp/build/CMakeFiles/CMakeTmp/src.c
Linking C executable cmTryCompileExec4059156887
/usr/bin/cmake -E cmake_link_script CMakeFiles/cmTryCompileExec4059156887.dir/link.txt --verbose=1
/usr/bin/clang   -DLIBOMP_HAVE_WNO_MISSING_FIELD_INITIALIZERS_FLAG    CMakeFiles/cmTryCompileExec4059156887.dir/src.c.o  -o cmTryCompileExec4059156887 -rdynamic 
make[1]: Leaving directory `/home/hashim/Phd_Sem4/software/openmp/build/CMakeFiles/CMakeTmp'

Source file was:
int main(void) { return 0; }
Performing C SOURCE FILE Test LIBOMP_HAVE_WNO_MISSING_BRACES_FLAG succeded with the following output:
Change Dir: /home/hashim/Phd_Sem4/software/openmp/build/CMakeFiles/CMakeTmp

Run Build Command:/usr/bin/make "cmTryCompileExec2537368984/fast"
/usr/bin/make -f CMakeFiles/cmTryCompileExec2537368984.dir/build.make CMakeFiles/cmTryCompileExec2537368984.dir/build
make[1]: Entering directory `/home/hashim/Phd_Sem4/software/openmp/build/CMakeFiles/CMakeTmp'
/usr/bin/cmake -E cmake_progress_report /home/hashim/Phd_Sem4/software/openmp/build/CMakeFiles/CMakeTmp/CMakeFiles 1
Building C object CMakeFiles/cmTryCompileExec2537368984.dir/src.c.o
/usr/bin/clang   -DLIBOMP_HAVE_WNO_MISSING_BRACES_FLAG   -Wmissing-braces -o CMakeFiles/cmTryCompileExec2537368984.dir/src.c.o   -c /home/hashim/Phd_Sem4/software/openmp/build/CMakeFiles/CMakeTmp/src.c
Linking C executable cmTryCompileExec2537368984
/usr/bin/cmake -E cmake_link_script CMakeFiles/cmTryCompileExec2537368984.dir/link.txt --verbose=1
/usr/bin/clang   -DLIBOMP_HAVE_WNO_MISSING_BRACES_FLAG    CMakeFiles/cmTryCompileExec2537368984.dir/src.c.o  -o cmTryCompileExec2537368984 -rdynamic 
make[1]: Leaving directory `/home/hashim/Phd_Sem4/software/openmp/build/CMakeFiles/CMakeTmp'

Source file was:
int main(void) { return 0; }
Performing C SOURCE FILE Test LIBOMP_HAVE_WNO_COMMENT_FLAG succeded with the following output:
Change Dir: /home/hashim/Phd_Sem4/software/openmp/build/CMakeFiles/CMakeTmp

Run Build Command:/usr/bin/make "cmTryCompileExec2608391368/fast"
/usr/bin/make -f CMakeFiles/cmTryCompileExec2608391368.dir/build.make CMakeFiles/cmTryCompileExec2608391368.dir/build
make[1]: Entering directory `/home/hashim/Phd_Sem4/software/openmp/build/CMakeFiles/CMakeTmp'
/usr/bin/cmake -E cmake_progress_report /home/hashim/Phd_Sem4/software/openmp/build/CMakeFiles/CMakeTmp/CMakeFiles 1
Building C object CMakeFiles/cmTryCompileExec2608391368.dir/src.c.o
/usr/bin/clang   -DLIBOMP_HAVE_WNO_COMMENT_FLAG   -Wcomment -o CMakeFiles/cmTryCompileExec2608391368.dir/src.c.o   -c /home/hashim/Phd_Sem4/software/openmp/build/CMakeFiles/CMakeTmp/src.c
Linking C executable cmTryCompileExec2608391368
/usr/bin/cmake -E cmake_link_script CMakeFiles/cmTryCompileExec2608391368.dir/link.txt --verbose=1
/usr/bin/clang   -DLIBOMP_HAVE_WNO_COMMENT_FLAG    CMakeFiles/cmTryCompileExec2608391368.dir/src.c.o  -o cmTryCompileExec2608391368 -rdynamic 
make[1]: Leaving directory `/home/hashim/Phd_Sem4/software/openmp/build/CMakeFiles/CMakeTmp'

Source file was:
int main(void) { return 0; }
Performing C SOURCE FILE Test LIBOMP_HAVE_WNO_SELF_ASSIGN_FLAG succeded with the following output:
Change Dir: /home/hashim/Phd_Sem4/software/openmp/build/CMakeFiles/CMakeTmp

Run Build Command:/usr/bin/make "cmTryCompileExec1280180318/fast"
/usr/bin/make -f CMakeFiles/cmTryCompileExec1280180318.dir/build.make CMakeFiles/cmTryCompileExec1280180318.dir/build
make[1]: Entering directory `/home/hashim/Phd_Sem4/software/openmp/build/CMakeFiles/CMakeTmp'
/usr/bin/cmake -E cmake_progress_report /home/hashim/Phd_Sem4/software/openmp/build/CMakeFiles/CMakeTmp/CMakeFiles 1
Building C object CMakeFiles/cmTryCompileExec1280180318.dir/src.c.o
/usr/bin/clang   -DLIBOMP_HAVE_WNO_SELF_ASSIGN_FLAG   -Wself-assign -o CMakeFiles/cmTryCompileExec1280180318.dir/src.c.o   -c /home/hashim/Phd_Sem4/software/openmp/build/CMakeFiles/CMakeTmp/src.c
Linking C executable cmTryCompileExec1280180318
/usr/bin/cmake -E cmake_link_script CMakeFiles/cmTryCompileExec1280180318.dir/link.txt --verbose=1
/usr/bin/clang   -DLIBOMP_HAVE_WNO_SELF_ASSIGN_FLAG    CMakeFiles/cmTryCompileExec1280180318.dir/src.c.o  -o cmTryCompileExec1280180318 -rdynamic 
make[1]: Leaving directory `/home/hashim/Phd_Sem4/software/openmp/build/CMakeFiles/CMakeTmp'

Source file was:
int main(void) { return 0; }
Performing C SOURCE FILE Test LIBOMP_HAVE_WNO_VLA_EXTENSION_FLAG succeded with the following output:
Change Dir: /home/hashim/Phd_Sem4/software/openmp/build/CMakeFiles/CMakeTmp

Run Build Command:/usr/bin/make "cmTryCompileExec825300941/fast"
/usr/bin/make -f CMakeFiles/cmTryCompileExec825300941.dir/build.make CMakeFiles/cmTryCompileExec825300941.dir/build
make[1]: Entering directory `/home/hashim/Phd_Sem4/software/openmp/build/CMakeFiles/CMakeTmp'
/usr/bin/cmake -E cmake_progress_report /home/hashim/Phd_Sem4/software/openmp/build/CMakeFiles/CMakeTmp/CMakeFiles 1
Building C object CMakeFiles/cmTryCompileExec825300941.dir/src.c.o
/usr/bin/clang   -DLIBOMP_HAVE_WNO_VLA_EXTENSION_FLAG   -Wvla-extension -o CMakeFiles/cmTryCompileExec825300941.dir/src.c.o   -c /home/hashim/Phd_Sem4/software/openmp/build/CMakeFiles/CMakeTmp/src.c
Linking C executable cmTryCompileExec825300941
/usr/bin/cmake -E cmake_link_script CMakeFiles/cmTryCompileExec825300941.dir/link.txt --verbose=1
/usr/bin/clang   -DLIBOMP_HAVE_WNO_VLA_EXTENSION_FLAG    CMakeFiles/cmTryCompileExec825300941.dir/src.c.o  -o cmTryCompileExec825300941 -rdynamic 
make[1]: Leaving directory `/home/hashim/Phd_Sem4/software/openmp/build/CMakeFiles/CMakeTmp'

Source file was:
int main(void) { return 0; }
Performing C SOURCE FILE Test LIBOMP_HAVE_WNO_FORMAT_PEDANTIC_FLAG succeded with the following output:
Change Dir: /home/hashim/Phd_Sem4/software/openmp/build/CMakeFiles/CMakeTmp

Run Build Command:/usr/bin/make "cmTryCompileExec1653585530/fast"
/usr/bin/make -f CMakeFiles/cmTryCompileExec1653585530.dir/build.make CMakeFiles/cmTryCompileExec1653585530.dir/build
make[1]: Entering directory `/home/hashim/Phd_Sem4/software/openmp/build/CMakeFiles/CMakeTmp'
/usr/bin/cmake -E cmake_progress_report /home/hashim/Phd_Sem4/software/openmp/build/CMakeFiles/CMakeTmp/CMakeFiles 1
Building C object CMakeFiles/cmTryCompileExec1653585530.dir/src.c.o
/usr/bin/clang   -DLIBOMP_HAVE_WNO_FORMAT_PEDANTIC_FLAG   -Wformat-pedantic -o CMakeFiles/cmTryCompileExec1653585530.dir/src.c.o   -c /home/hashim/Phd_Sem4/software/openmp/build/CMakeFiles/CMakeTmp/src.c
Linking C executable cmTryCompileExec1653585530
/usr/bin/cmake -E cmake_link_script CMakeFiles/cmTryCompileExec1653585530.dir/link.txt --verbose=1
/usr/bin/clang   -DLIBOMP_HAVE_WNO_FORMAT_PEDANTIC_FLAG    CMakeFiles/cmTryCompileExec1653585530.dir/src.c.o  -o cmTryCompileExec1653585530 -rdynamic 
make[1]: Leaving directory `/home/hashim/Phd_Sem4/software/openmp/build/CMakeFiles/CMakeTmp'

Source file was:
int main(void) { return 0; }
Performing C SOURCE FILE Test LIBOMP_HAVE_MSSE2_FLAG succeded with the following output:
Change Dir: /home/hashim/Phd_Sem4/software/openmp/build/CMakeFiles/CMakeTmp

Run Build Command:/usr/bin/make "cmTryCompileExec1563334364/fast"
/usr/bin/make -f CMakeFiles/cmTryCompileExec1563334364.dir/build.make CMakeFiles/cmTryCompileExec1563334364.dir/build
make[1]: Entering directory `/home/hashim/Phd_Sem4/software/openmp/build/CMakeFiles/CMakeTmp'
/usr/bin/cmake -E cmake_progress_report /home/hashim/Phd_Sem4/software/openmp/build/CMakeFiles/CMakeTmp/CMakeFiles 1
Building C object CMakeFiles/cmTryCompileExec1563334364.dir/src.c.o
/usr/bin/clang   -DLIBOMP_HAVE_MSSE2_FLAG   -msse2 -o CMakeFiles/cmTryCompileExec1563334364.dir/src.c.o   -c /home/hashim/Phd_Sem4/software/openmp/build/CMakeFiles/CMakeTmp/src.c
Linking C executable cmTryCompileExec1563334364
/usr/bin/cmake -E cmake_link_script CMakeFiles/cmTryCompileExec1563334364.dir/link.txt --verbose=1
/usr/bin/clang   -DLIBOMP_HAVE_MSSE2_FLAG    CMakeFiles/cmTryCompileExec1563334364.dir/src.c.o  -o cmTryCompileExec1563334364 -rdynamic 
make[1]: Leaving directory `/home/hashim/Phd_Sem4/software/openmp/build/CMakeFiles/CMakeTmp'

Source file was:
int main(void) { return 0; }
Performing C SOURCE FILE Test LIBOMP_HAVE_FTLS_MODEL_FLAG succeded with the following output:
Change Dir: /home/hashim/Phd_Sem4/software/openmp/build/CMakeFiles/CMakeTmp

Run Build Command:/usr/bin/make "cmTryCompileExec4105173331/fast"
/usr/bin/make -f CMakeFiles/cmTryCompileExec4105173331.dir/build.make CMakeFiles/cmTryCompileExec4105173331.dir/build
make[1]: Entering directory `/home/hashim/Phd_Sem4/software/openmp/build/CMakeFiles/CMakeTmp'
/usr/bin/cmake -E cmake_progress_report /home/hashim/Phd_Sem4/software/openmp/build/CMakeFiles/CMakeTmp/CMakeFiles 1
Building C object CMakeFiles/cmTryCompileExec4105173331.dir/src.c.o
/usr/bin/clang   -DLIBOMP_HAVE_FTLS_MODEL_FLAG   -ftls-model=initial-exec -o CMakeFiles/cmTryCompileExec4105173331.dir/src.c.o   -c /home/hashim/Phd_Sem4/software/openmp/build/CMakeFiles/CMakeTmp/src.c
Linking C executable cmTryCompileExec4105173331
/usr/bin/cmake -E cmake_link_script CMakeFiles/cmTryCompileExec4105173331.dir/link.txt --verbose=1
/usr/bin/clang   -DLIBOMP_HAVE_FTLS_MODEL_FLAG    CMakeFiles/cmTryCompileExec4105173331.dir/src.c.o  -o cmTryCompileExec4105173331 -rdynamic 
make[1]: Leaving directory `/home/hashim/Phd_Sem4/software/openmp/build/CMakeFiles/CMakeTmp'

Source file was:
int main(void) { return 0; }
Performing C Linker Flag test LIBOMP_HAVE_X_FLAG succeeded with the following output:
Change Dir: /home/hashim/Phd_Sem4/software/openmp/build/CMakeFiles/CMakeTmp/link_flag_check_LIBOMP_HAVE_X_FLAG/build

Run Build Command:/usr/bin/make
Scanning dependencies of target foo
[100%] Building C object CMakeFiles/foo.dir/src_to_link.c.o
Linking C shared library libfoo.so
[100%] Built target foo

Source file was:
int foo(int a) { return a*a; }
Performing C Linker Flag test LIBOMP_HAVE_WARN_SHARED_TEXTREL_FLAG succeeded with the following output:
Change Dir: /home/hashim/Phd_Sem4/software/openmp/build/CMakeFiles/CMakeTmp/link_flag_check_LIBOMP_HAVE_WARN_SHARED_TEXTREL_FLAG/build

Run Build Command:/usr/bin/make
Scanning dependencies of target foo
[100%] Building C object CMakeFiles/foo.dir/src_to_link.c.o
Linking C shared library libfoo.so
[100%] Built target foo

Source file was:
int foo(int a) { return a*a; }
Performing C Linker Flag test LIBOMP_HAVE_AS_NEEDED_FLAG succeeded with the following output:
Change Dir: /home/hashim/Phd_Sem4/software/openmp/build/CMakeFiles/CMakeTmp/link_flag_check_LIBOMP_HAVE_AS_NEEDED_FLAG/build

Run Build Command:/usr/bin/make
Scanning dependencies of target foo
[100%] Building C object CMakeFiles/foo.dir/src_to_link.c.o
Linking C shared library libfoo.so
[100%] Built target foo

Source file was:
int foo(int a) { return a*a; }
Performing C Linker Flag test LIBOMP_HAVE_VERSION_SCRIPT_FLAG succeeded with the following output:
Change Dir: /home/hashim/Phd_Sem4/software/openmp/build/CMakeFiles/CMakeTmp/link_flag_check_LIBOMP_HAVE_VERSION_SCRIPT_FLAG/build

Run Build Command:/usr/bin/make
Scanning dependencies of target foo
[100%] Building C object CMakeFiles/foo.dir/src_to_link.c.o
Linking C shared library libfoo.so
[100%] Built target foo

Source file was:
int foo(int a) { return a*a; }
Performing C Linker Flag test LIBOMP_HAVE_STATIC_LIBGCC_FLAG succeeded with the following output:
Change Dir: /home/hashim/Phd_Sem4/software/openmp/build/CMakeFiles/CMakeTmp/link_flag_check_LIBOMP_HAVE_STATIC_LIBGCC_FLAG/build

Run Build Command:/usr/bin/make
Scanning dependencies of target foo
[100%] Building C object CMakeFiles/foo.dir/src_to_link.c.o
Linking C shared library libfoo.so
[100%] Built target foo

Source file was:
int foo(int a) { return a*a; }
Performing C Linker Flag test LIBOMP_HAVE_Z_NOEXECSTACK_FLAG succeeded with the following output:
Change Dir: /home/hashim/Phd_Sem4/software/openmp/build/CMakeFiles/CMakeTmp/link_flag_check_LIBOMP_HAVE_Z_NOEXECSTACK_FLAG/build

Run Build Command:/usr/bin/make
Scanning dependencies of target foo
[100%] Building C object CMakeFiles/foo.dir/src_to_link.c.o
Linking C shared library libfoo.so
[100%] Built target foo

Source file was:
int foo(int a) { return a*a; }
Performing C Linker Flag test LIBOMP_HAVE_FINI_FLAG succeeded with the following output:
Change Dir: /home/hashim/Phd_Sem4/software/openmp/build/CMakeFiles/CMakeTmp/link_flag_check_LIBOMP_HAVE_FINI_FLAG/build

Run Build Command:/usr/bin/make
Scanning dependencies of target foo
[100%] Building C object CMakeFiles/foo.dir/src_to_link.c.o
Linking C shared library libfoo.so
[100%] Built target foo

Source file was:
int foo(int a) { return a*a; }
Determining if files pthread.h exist passed with the following output:
Change Dir: /home/hashim/Phd_Sem4/software/openmp/build/CMakeFiles/CMakeTmp

Run Build Command:/usr/bin/make "cmTryCompileExec1381968359/fast"
/usr/bin/make -f CMakeFiles/cmTryCompileExec1381968359.dir/build.make CMakeFiles/cmTryCompileExec1381968359.dir/build
make[1]: Entering directory `/home/hashim/Phd_Sem4/software/openmp/build/CMakeFiles/CMakeTmp'
/usr/bin/cmake -E cmake_progress_report /home/hashim/Phd_Sem4/software/openmp/build/CMakeFiles/CMakeTmp/CMakeFiles 1
Building C object CMakeFiles/cmTryCompileExec1381968359.dir/CheckIncludeFiles.c.o
/usr/bin/clang    -o CMakeFiles/cmTryCompileExec1381968359.dir/CheckIncludeFiles.c.o   -c /home/hashim/Phd_Sem4/software/openmp/build/CMakeFiles/CMakeTmp/CheckIncludeFiles.c
Linking C executable cmTryCompileExec1381968359
/usr/bin/cmake -E cmake_link_script CMakeFiles/cmTryCompileExec1381968359.dir/link.txt --verbose=1
/usr/bin/clang       CMakeFiles/cmTryCompileExec1381968359.dir/CheckIncludeFiles.c.o  -o cmTryCompileExec1381968359 -rdynamic 
make[1]: Leaving directory `/home/hashim/Phd_Sem4/software/openmp/build/CMakeFiles/CMakeTmp'


Determining if the function pthread_create exists in the pthread passed with the following output:
Change Dir: /home/hashim/Phd_Sem4/software/openmp/build/CMakeFiles/CMakeTmp

Run Build Command:/usr/bin/make "cmTryCompileExec3493187193/fast"
/usr/bin/make -f CMakeFiles/cmTryCompileExec3493187193.dir/build.make CMakeFiles/cmTryCompileExec3493187193.dir/build
make[1]: Entering directory `/home/hashim/Phd_Sem4/software/openmp/build/CMakeFiles/CMakeTmp'
/usr/bin/cmake -E cmake_progress_report /home/hashim/Phd_Sem4/software/openmp/build/CMakeFiles/CMakeTmp/CMakeFiles 1
Building C object CMakeFiles/cmTryCompileExec3493187193.dir/CheckFunctionExists.c.o
/usr/bin/clang   -DCHECK_FUNCTION_EXISTS=pthread_create   -o CMakeFiles/cmTryCompileExec3493187193.dir/CheckFunctionExists.c.o   -c /usr/share/cmake-2.8/Modules/CheckFunctionExists.c
Linking C executable cmTryCompileExec3493187193
/usr/bin/cmake -E cmake_link_script CMakeFiles/cmTryCompileExec3493187193.dir/link.txt --verbose=1
/usr/bin/clang   -DCHECK_FUNCTION_EXISTS=pthread_create    CMakeFiles/cmTryCompileExec3493187193.dir/CheckFunctionExists.c.o  -o cmTryCompileExec3493187193 -rdynamic -lpthread 
make[1]: Leaving directory `/home/hashim/Phd_Sem4/software/openmp/build/CMakeFiles/CMakeTmp'


Performing C SOURCE FILE Test LIBOMP_HAVE_VERSION_SYMBOLS succeded with the following output:
Change Dir: /home/hashim/Phd_Sem4/software/openmp/build/CMakeFiles/CMakeTmp

Run Build Command:/usr/bin/make "cmTryCompileExec978210271/fast"
/usr/bin/make -f CMakeFiles/cmTryCompileExec978210271.dir/build.make CMakeFiles/cmTryCompileExec978210271.dir/build
make[1]: Entering directory `/home/hashim/Phd_Sem4/software/openmp/build/CMakeFiles/CMakeTmp'
/usr/bin/cmake -E cmake_progress_report /home/hashim/Phd_Sem4/software/openmp/build/CMakeFiles/CMakeTmp/CMakeFiles 1
Building C object CMakeFiles/cmTryCompileExec978210271.dir/src.c.o
/usr/bin/clang   -DLIBOMP_HAVE_VERSION_SYMBOLS -Wl,--version-script=/home/hashim/Phd_Sem4/software/openmp/build/runtime/__version_script.txt   -o CMakeFiles/cmTryCompileExec978210271.dir/src.c.o   -c /home/hashim/Phd_Sem4/software/openmp/build/CMakeFiles/CMakeTmp/src.c
clang: warning: -Wl,--version-script=/home/hashim/Phd_Sem4/software/openmp/build/runtime/__version_script.txt: 'linker' input unused
Linking C executable cmTryCompileExec978210271
/usr/bin/cmake -E cmake_link_script CMakeFiles/cmTryCompileExec978210271.dir/link.txt --verbose=1
/usr/bin/clang   -DLIBOMP_HAVE_VERSION_SYMBOLS -Wl,--version-script=/home/hashim/Phd_Sem4/software/openmp/build/runtime/__version_script.txt    CMakeFiles/cmTryCompileExec978210271.dir/src.c.o  -o cmTryCompileExec978210271 -rdynamic 
make[1]: Leaving directory `/home/hashim/Phd_Sem4/software/openmp/build/CMakeFiles/CMakeTmp'

Source file was:
#include <stdio.h>
    void func1() { printf("Hello"); }
    void func2() { printf("World"); }
    __asm__(".symver func1, func@VER1");
    __asm__(".symver func2, func@VER2");
    int main() {
      func1();
      func2();
      return 0;
    }
Performing C SOURCE FILE Test LIBOMP_HAVE___BUILTIN_FRAME_ADDRESS succeded with the following output:
Change Dir: /home/hashim/Phd_Sem4/software/openmp/build/CMakeFiles/CMakeTmp

Run Build Command:/usr/bin/make "cmTryCompileExec3111437958/fast"
/usr/bin/make -f CMakeFiles/cmTryCompileExec3111437958.dir/build.make CMakeFiles/cmTryCompileExec3111437958.dir/build
make[1]: Entering directory `/home/hashim/Phd_Sem4/software/openmp/build/CMakeFiles/CMakeTmp'
/usr/bin/cmake -E cmake_progress_report /home/hashim/Phd_Sem4/software/openmp/build/CMakeFiles/CMakeTmp/CMakeFiles 1
Building C object CMakeFiles/cmTryCompileExec3111437958.dir/src.c.o
/usr/bin/clang   -DLIBOMP_HAVE___BUILTIN_FRAME_ADDRESS   -o CMakeFiles/cmTryCompileExec3111437958.dir/src.c.o   -c /home/hashim/Phd_Sem4/software/openmp/build/CMakeFiles/CMakeTmp/src.c
Linking C executable cmTryCompileExec3111437958
/usr/bin/cmake -E cmake_link_script CMakeFiles/cmTryCompileExec3111437958.dir/link.txt --verbose=1
/usr/bin/clang   -DLIBOMP_HAVE___BUILTIN_FRAME_ADDRESS    CMakeFiles/cmTryCompileExec3111437958.dir/src.c.o  -o cmTryCompileExec3111437958 -rdynamic 
make[1]: Leaving directory `/home/hashim/Phd_Sem4/software/openmp/build/CMakeFiles/CMakeTmp'

Source file was:
int main(int argc, char** argv) {
  void* p = __builtin_frame_address(0);
  return 0;}
Performing C SOURCE FILE Test LIBOMP_HAVE_WEAK_ATTRIBUTE succeded with the following output:
Change Dir: /home/hashim/Phd_Sem4/software/openmp/build/CMakeFiles/CMakeTmp

Run Build Command:/usr/bin/make "cmTryCompileExec1835766817/fast"
/usr/bin/make -f CMakeFiles/cmTryCompileExec1835766817.dir/build.make CMakeFiles/cmTryCompileExec1835766817.dir/build
make[1]: Entering directory `/home/hashim/Phd_Sem4/software/openmp/build/CMakeFiles/CMakeTmp'
/usr/bin/cmake -E cmake_progress_report /home/hashim/Phd_Sem4/software/openmp/build/CMakeFiles/CMakeTmp/CMakeFiles 1
Building C object CMakeFiles/cmTryCompileExec1835766817.dir/src.c.o
/usr/bin/clang   -DLIBOMP_HAVE_WEAK_ATTRIBUTE   -o CMakeFiles/cmTryCompileExec1835766817.dir/src.c.o   -c /home/hashim/Phd_Sem4/software/openmp/build/CMakeFiles/CMakeTmp/src.c
Linking C executable cmTryCompileExec1835766817
/usr/bin/cmake -E cmake_link_script CMakeFiles/cmTryCompileExec1835766817.dir/link.txt --verbose=1
/usr/bin/clang   -DLIBOMP_HAVE_WEAK_ATTRIBUTE    CMakeFiles/cmTryCompileExec1835766817.dir/src.c.o  -o cmTryCompileExec1835766817 -rdynamic 
make[1]: Leaving directory `/home/hashim/Phd_Sem4/software/openmp/build/CMakeFiles/CMakeTmp'

Source file was:
__attribute__ ((weak)) int foo(int a) { return a*a; }
  int main(int argc, char** argv) {
  return foo(argc);}
Determining if the function sqrt exists in the m passed with the following output:
Change Dir: /home/hashim/Phd_Sem4/software/openmp/build/CMakeFiles/CMakeTmp

Run Build Command:/usr/bin/make "cmTryCompileExec3591310061/fast"
/usr/bin/make -f CMakeFiles/cmTryCompileExec3591310061.dir/build.make CMakeFiles/cmTryCompileExec3591310061.dir/build
make[1]: Entering directory `/home/hashim/Phd_Sem4/software/openmp/build/CMakeFiles/CMakeTmp'
/usr/bin/cmake -E cmake_progress_report /home/hashim/Phd_Sem4/software/openmp/build/CMakeFiles/CMakeTmp/CMakeFiles 1
Building C object CMakeFiles/cmTryCompileExec3591310061.dir/CheckFunctionExists.c.o
/usr/bin/clang   -DCHECK_FUNCTION_EXISTS=sqrt   -o CMakeFiles/cmTryCompileExec3591310061.dir/CheckFunctionExists.c.o   -c /usr/share/cmake-2.8/Modules/CheckFunctionExists.c
/usr/share/cmake-2.8/Modules/CheckFunctionExists.c:3:6: warning: incompatible redeclaration of library function 'sqrt' [-Wincompatible-library-redeclaration]
char CHECK_FUNCTION_EXISTS();
     ^
<command line>:1:31: note: expanded from here
#define CHECK_FUNCTION_EXISTS sqrt
                              ^
/usr/share/cmake-2.8/Modules/CheckFunctionExists.c:3:6: note: 'sqrt' is a builtin with type 'double (double)'
<command line>:1:31: note: expanded from here
#define CHECK_FUNCTION_EXISTS sqrt
                              ^
1 warning generated.
Linking C executable cmTryCompileExec3591310061
/usr/bin/cmake -E cmake_link_script CMakeFiles/cmTryCompileExec3591310061.dir/link.txt --verbose=1
/usr/bin/clang   -DCHECK_FUNCTION_EXISTS=sqrt    CMakeFiles/cmTryCompileExec3591310061.dir/CheckFunctionExists.c.o  -o cmTryCompileExec3591310061 -rdynamic -lm 
make[1]: Leaving directory `/home/hashim/Phd_Sem4/software/openmp/build/CMakeFiles/CMakeTmp'


