The system is: Linux - 3.13.0-77-generic - x86_64
Compiling the C compiler identification source file "CMakeCCompilerId.c" succeeded.
Compiler: /usr/bin/clang 
Build flags: 
Id flags: 

The output was:
0


Compilation of the C compiler identification source "CMakeCCompilerId.c" produced "a.out"

The C compiler identification is Clang, found in "/host/Phd_Sem4/Research/GitLab/ALLVM/openmp/build/CMakeFiles/2.8.12.2/CompilerIdC/a.out"

Compiling the CXX compiler identification source file "CMakeCXXCompilerId.cpp" succeeded.
Compiler: /usr/bin/clang 
Build flags: 
Id flags: 

The output was:
0


Compilation of the CXX compiler identification source "CMakeCXXCompilerId.cpp" produced "a.out"

The CXX compiler identification is Clang, found in "/host/Phd_Sem4/Research/GitLab/ALLVM/openmp/build/CMakeFiles/2.8.12.2/CompilerIdCXX/a.out"

Determining if the C compiler works passed with the following output:
Change Dir: /host/Phd_Sem4/Research/GitLab/ALLVM/openmp/build/CMakeFiles/CMakeTmp

Run Build Command:/usr/bin/make "cmTryCompileExec2948849188/fast"
/usr/bin/make -f CMakeFiles/cmTryCompileExec2948849188.dir/build.make CMakeFiles/cmTryCompileExec2948849188.dir/build
make[1]: Entering directory `/host/Phd_Sem4/Research/GitLab/ALLVM/openmp/build/CMakeFiles/CMakeTmp'
/usr/bin/cmake -E cmake_progress_report /host/Phd_Sem4/Research/GitLab/ALLVM/openmp/build/CMakeFiles/CMakeTmp/CMakeFiles 1
Building C object CMakeFiles/cmTryCompileExec2948849188.dir/testCCompiler.c.o
/usr/bin/clang    -o CMakeFiles/cmTryCompileExec2948849188.dir/testCCompiler.c.o   -c /host/Phd_Sem4/Research/GitLab/ALLVM/openmp/build/CMakeFiles/CMakeTmp/testCCompiler.c
Linking C executable cmTryCompileExec2948849188
/usr/bin/cmake -E cmake_link_script CMakeFiles/cmTryCompileExec2948849188.dir/link.txt --verbose=1
/usr/bin/clang       CMakeFiles/cmTryCompileExec2948849188.dir/testCCompiler.c.o  -o cmTryCompileExec2948849188 -rdynamic 
make[1]: Leaving directory `/host/Phd_Sem4/Research/GitLab/ALLVM/openmp/build/CMakeFiles/CMakeTmp'


Detecting C compiler ABI info compiled with the following output:
Change Dir: /host/Phd_Sem4/Research/GitLab/ALLVM/openmp/build/CMakeFiles/CMakeTmp

Run Build Command:/usr/bin/make "cmTryCompileExec3675830094/fast"
/usr/bin/make -f CMakeFiles/cmTryCompileExec3675830094.dir/build.make CMakeFiles/cmTryCompileExec3675830094.dir/build
make[1]: Entering directory `/host/Phd_Sem4/Research/GitLab/ALLVM/openmp/build/CMakeFiles/CMakeTmp'
/usr/bin/cmake -E cmake_progress_report /host/Phd_Sem4/Research/GitLab/ALLVM/openmp/build/CMakeFiles/CMakeTmp/CMakeFiles 1
Building C object CMakeFiles/cmTryCompileExec3675830094.dir/CMakeCCompilerABI.c.o
/usr/bin/clang    -o CMakeFiles/cmTryCompileExec3675830094.dir/CMakeCCompilerABI.c.o   -c /usr/share/cmake-2.8/Modules/CMakeCCompilerABI.c
Linking C executable cmTryCompileExec3675830094
/usr/bin/cmake -E cmake_link_script CMakeFiles/cmTryCompileExec3675830094.dir/link.txt --verbose=1
/usr/bin/clang     -v CMakeFiles/cmTryCompileExec3675830094.dir/CMakeCCompilerABI.c.o  -o cmTryCompileExec3675830094 -rdynamic  
Ubuntu clang version 3.4-1ubuntu3 (tags/RELEASE_34/final) (based on LLVM 3.4)
Target: x86_64-pc-linux-gnu
Thread model: posix
Found candidate GCC installation: /usr/bin/../lib/gcc/i686-linux-gnu/4.6
Found candidate GCC installation: /usr/bin/../lib/gcc/i686-linux-gnu/4.6.4
Found candidate GCC installation: /usr/bin/../lib/gcc/i686-linux-gnu/4.8
Found candidate GCC installation: /usr/bin/../lib/gcc/i686-linux-gnu/4.8.4
Found candidate GCC installation: /usr/bin/../lib/gcc/i686-linux-gnu/4.9
Found candidate GCC installation: /usr/bin/../lib/gcc/i686-linux-gnu/4.9.3
Found candidate GCC installation: /usr/bin/../lib/gcc/x86_64-linux-gnu/4.6
Found candidate GCC installation: /usr/bin/../lib/gcc/x86_64-linux-gnu/4.6.4
Found candidate GCC installation: /usr/bin/../lib/gcc/x86_64-linux-gnu/4.7
Found candidate GCC installation: /usr/bin/../lib/gcc/x86_64-linux-gnu/4.7.3
Found candidate GCC installation: /usr/bin/../lib/gcc/x86_64-linux-gnu/4.8
Found candidate GCC installation: /usr/bin/../lib/gcc/x86_64-linux-gnu/4.8.4
Found candidate GCC installation: /usr/bin/../lib/gcc/x86_64-linux-gnu/4.9
Found candidate GCC installation: /usr/bin/../lib/gcc/x86_64-linux-gnu/4.9.3
Found candidate GCC installation: /usr/lib/gcc/i686-linux-gnu/4.6
Found candidate GCC installation: /usr/lib/gcc/i686-linux-gnu/4.6.4
Found candidate GCC installation: /usr/lib/gcc/i686-linux-gnu/4.8
Found candidate GCC installation: /usr/lib/gcc/i686-linux-gnu/4.8.4
Found candidate GCC installation: /usr/lib/gcc/i686-linux-gnu/4.9
Found candidate GCC installation: /usr/lib/gcc/i686-linux-gnu/4.9.3
Found candidate GCC installation: /usr/lib/gcc/x86_64-linux-gnu/4.6
Found candidate GCC installation: /usr/lib/gcc/x86_64-linux-gnu/4.6.4
Found candidate GCC installation: /usr/lib/gcc/x86_64-linux-gnu/4.7
Found candidate GCC installation: /usr/lib/gcc/x86_64-linux-gnu/4.7.3
Found candidate GCC installation: /usr/lib/gcc/x86_64-linux-gnu/4.8
Found candidate GCC installation: /usr/lib/gcc/x86_64-linux-gnu/4.8.4
Found candidate GCC installation: /usr/lib/gcc/x86_64-linux-gnu/4.9
Found candidate GCC installation: /usr/lib/gcc/x86_64-linux-gnu/4.9.3
Selected GCC installation: /usr/bin/../lib/gcc/x86_64-linux-gnu/4.8
 "/usr/bin/ld" -export-dynamic -z relro --hash-style=gnu --build-id --eh-frame-hdr -m elf_x86_64 -dynamic-linker /lib64/ld-linux-x86-64.so.2 -o cmTryCompileExec3675830094 /usr/bin/../lib/gcc/x86_64-linux-gnu/4.8/../../../x86_64-linux-gnu/crt1.o /usr/bin/../lib/gcc/x86_64-linux-gnu/4.8/../../../x86_64-linux-gnu/crti.o /usr/bin/../lib/gcc/x86_64-linux-gnu/4.8/crtbegin.o -L/usr/bin/../lib/gcc/x86_64-linux-gnu/4.8 -L/usr/bin/../lib/gcc/x86_64-linux-gnu/4.8/../../../x86_64-linux-gnu -L/lib/x86_64-linux-gnu -L/lib/../lib64 -L/usr/lib/x86_64-linux-gnu -L/usr/bin/../lib/gcc/x86_64-linux-gnu/4.8/../../.. -L/lib -L/usr/lib CMakeFiles/cmTryCompileExec3675830094.dir/CMakeCCompilerABI.c.o -lgcc --as-needed -lgcc_s --no-as-needed -lc -lgcc --as-needed -lgcc_s --no-as-needed /usr/bin/../lib/gcc/x86_64-linux-gnu/4.8/crtend.o /usr/bin/../lib/gcc/x86_64-linux-gnu/4.8/../../../x86_64-linux-gnu/crtn.o
make[1]: Leaving directory `/host/Phd_Sem4/Research/GitLab/ALLVM/openmp/build/CMakeFiles/CMakeTmp'


Parsed C implicit link information from above output:
  link line regex: [^( *|.*[/\])(ld|([^/\]+-)?ld|collect2)[^/\]*( |$)]
  ignore line: [Change Dir: /host/Phd_Sem4/Research/GitLab/ALLVM/openmp/build/CMakeFiles/CMakeTmp]
  ignore line: []
  ignore line: [Run Build Command:/usr/bin/make "cmTryCompileExec3675830094/fast"]
  ignore line: [/usr/bin/make -f CMakeFiles/cmTryCompileExec3675830094.dir/build.make CMakeFiles/cmTryCompileExec3675830094.dir/build]
  ignore line: [make[1]: Entering directory `/host/Phd_Sem4/Research/GitLab/ALLVM/openmp/build/CMakeFiles/CMakeTmp']
  ignore line: [/usr/bin/cmake -E cmake_progress_report /host/Phd_Sem4/Research/GitLab/ALLVM/openmp/build/CMakeFiles/CMakeTmp/CMakeFiles 1]
  ignore line: [Building C object CMakeFiles/cmTryCompileExec3675830094.dir/CMakeCCompilerABI.c.o]
  ignore line: [/usr/bin/clang    -o CMakeFiles/cmTryCompileExec3675830094.dir/CMakeCCompilerABI.c.o   -c /usr/share/cmake-2.8/Modules/CMakeCCompilerABI.c]
  ignore line: [Linking C executable cmTryCompileExec3675830094]
  ignore line: [/usr/bin/cmake -E cmake_link_script CMakeFiles/cmTryCompileExec3675830094.dir/link.txt --verbose=1]
  ignore line: [/usr/bin/clang     -v CMakeFiles/cmTryCompileExec3675830094.dir/CMakeCCompilerABI.c.o  -o cmTryCompileExec3675830094 -rdynamic  ]
  ignore line: [Ubuntu clang version 3.4-1ubuntu3 (tags/RELEASE_34/final) (based on LLVM 3.4)]
  ignore line: [Target: x86_64-pc-linux-gnu]
  ignore line: [Thread model: posix]
  ignore line: [Found candidate GCC installation: /usr/bin/../lib/gcc/i686-linux-gnu/4.6]
  ignore line: [Found candidate GCC installation: /usr/bin/../lib/gcc/i686-linux-gnu/4.6.4]
  ignore line: [Found candidate GCC installation: /usr/bin/../lib/gcc/i686-linux-gnu/4.8]
  ignore line: [Found candidate GCC installation: /usr/bin/../lib/gcc/i686-linux-gnu/4.8.4]
  ignore line: [Found candidate GCC installation: /usr/bin/../lib/gcc/i686-linux-gnu/4.9]
  ignore line: [Found candidate GCC installation: /usr/bin/../lib/gcc/i686-linux-gnu/4.9.3]
  ignore line: [Found candidate GCC installation: /usr/bin/../lib/gcc/x86_64-linux-gnu/4.6]
  ignore line: [Found candidate GCC installation: /usr/bin/../lib/gcc/x86_64-linux-gnu/4.6.4]
  ignore line: [Found candidate GCC installation: /usr/bin/../lib/gcc/x86_64-linux-gnu/4.7]
  ignore line: [Found candidate GCC installation: /usr/bin/../lib/gcc/x86_64-linux-gnu/4.7.3]
  ignore line: [Found candidate GCC installation: /usr/bin/../lib/gcc/x86_64-linux-gnu/4.8]
  ignore line: [Found candidate GCC installation: /usr/bin/../lib/gcc/x86_64-linux-gnu/4.8.4]
  ignore line: [Found candidate GCC installation: /usr/bin/../lib/gcc/x86_64-linux-gnu/4.9]
  ignore line: [Found candidate GCC installation: /usr/bin/../lib/gcc/x86_64-linux-gnu/4.9.3]
  ignore line: [Found candidate GCC installation: /usr/lib/gcc/i686-linux-gnu/4.6]
  ignore line: [Found candidate GCC installation: /usr/lib/gcc/i686-linux-gnu/4.6.4]
  ignore line: [Found candidate GCC installation: /usr/lib/gcc/i686-linux-gnu/4.8]
  ignore line: [Found candidate GCC installation: /usr/lib/gcc/i686-linux-gnu/4.8.4]
  ignore line: [Found candidate GCC installation: /usr/lib/gcc/i686-linux-gnu/4.9]
  ignore line: [Found candidate GCC installation: /usr/lib/gcc/i686-linux-gnu/4.9.3]
  ignore line: [Found candidate GCC installation: /usr/lib/gcc/x86_64-linux-gnu/4.6]
  ignore line: [Found candidate GCC installation: /usr/lib/gcc/x86_64-linux-gnu/4.6.4]
  ignore line: [Found candidate GCC installation: /usr/lib/gcc/x86_64-linux-gnu/4.7]
  ignore line: [Found candidate GCC installation: /usr/lib/gcc/x86_64-linux-gnu/4.7.3]
  ignore line: [Found candidate GCC installation: /usr/lib/gcc/x86_64-linux-gnu/4.8]
  ignore line: [Found candidate GCC installation: /usr/lib/gcc/x86_64-linux-gnu/4.8.4]
  ignore line: [Found candidate GCC installation: /usr/lib/gcc/x86_64-linux-gnu/4.9]
  ignore line: [Found candidate GCC installation: /usr/lib/gcc/x86_64-linux-gnu/4.9.3]
  ignore line: [Selected GCC installation: /usr/bin/../lib/gcc/x86_64-linux-gnu/4.8]
  link line: [ "/usr/bin/ld" -export-dynamic -z relro --hash-style=gnu --build-id --eh-frame-hdr -m elf_x86_64 -dynamic-linker /lib64/ld-linux-x86-64.so.2 -o cmTryCompileExec3675830094 /usr/bin/../lib/gcc/x86_64-linux-gnu/4.8/../../../x86_64-linux-gnu/crt1.o /usr/bin/../lib/gcc/x86_64-linux-gnu/4.8/../../../x86_64-linux-gnu/crti.o /usr/bin/../lib/gcc/x86_64-linux-gnu/4.8/crtbegin.o -L/usr/bin/../lib/gcc/x86_64-linux-gnu/4.8 -L/usr/bin/../lib/gcc/x86_64-linux-gnu/4.8/../../../x86_64-linux-gnu -L/lib/x86_64-linux-gnu -L/lib/../lib64 -L/usr/lib/x86_64-linux-gnu -L/usr/bin/../lib/gcc/x86_64-linux-gnu/4.8/../../.. -L/lib -L/usr/lib CMakeFiles/cmTryCompileExec3675830094.dir/CMakeCCompilerABI.c.o -lgcc --as-needed -lgcc_s --no-as-needed -lc -lgcc --as-needed -lgcc_s --no-as-needed /usr/bin/../lib/gcc/x86_64-linux-gnu/4.8/crtend.o /usr/bin/../lib/gcc/x86_64-linux-gnu/4.8/../../../x86_64-linux-gnu/crtn.o]
    arg [/usr/bin/ld] ==> ignore
    arg [-export-dynamic] ==> ignore
    arg [-zrelro] ==> ignore
    arg [--hash-style=gnu] ==> ignore
    arg [--build-id] ==> ignore
    arg [--eh-frame-hdr] ==> ignore
    arg [-m] ==> ignore
    arg [elf_x86_64] ==> ignore
    arg [-dynamic-linker] ==> ignore
    arg [/lib64/ld-linux-x86-64.so.2] ==> ignore
    arg [-o] ==> ignore
    arg [cmTryCompileExec3675830094] ==> ignore
    arg [/usr/bin/../lib/gcc/x86_64-linux-gnu/4.8/../../../x86_64-linux-gnu/crt1.o] ==> ignore
    arg [/usr/bin/../lib/gcc/x86_64-linux-gnu/4.8/../../../x86_64-linux-gnu/crti.o] ==> ignore
    arg [/usr/bin/../lib/gcc/x86_64-linux-gnu/4.8/crtbegin.o] ==> ignore
    arg [-L/usr/bin/../lib/gcc/x86_64-linux-gnu/4.8] ==> dir [/usr/bin/../lib/gcc/x86_64-linux-gnu/4.8]
    arg [-L/usr/bin/../lib/gcc/x86_64-linux-gnu/4.8/../../../x86_64-linux-gnu] ==> dir [/usr/bin/../lib/gcc/x86_64-linux-gnu/4.8/../../../x86_64-linux-gnu]
    arg [-L/lib/x86_64-linux-gnu] ==> dir [/lib/x86_64-linux-gnu]
    arg [-L/lib/../lib64] ==> dir [/lib/../lib64]
    arg [-L/usr/lib/x86_64-linux-gnu] ==> dir [/usr/lib/x86_64-linux-gnu]
    arg [-L/usr/bin/../lib/gcc/x86_64-linux-gnu/4.8/../../..] ==> dir [/usr/bin/../lib/gcc/x86_64-linux-gnu/4.8/../../..]
    arg [-L/lib] ==> dir [/lib]
    arg [-L/usr/lib] ==> dir [/usr/lib]
    arg [CMakeFiles/cmTryCompileExec3675830094.dir/CMakeCCompilerABI.c.o] ==> ignore
    arg [-lgcc] ==> lib [gcc]
    arg [--as-needed] ==> ignore
    arg [-lgcc_s] ==> lib [gcc_s]
    arg [--no-as-needed] ==> ignore
    arg [-lc] ==> lib [c]
    arg [-lgcc] ==> lib [gcc]
    arg [--as-needed] ==> ignore
    arg [-lgcc_s] ==> lib [gcc_s]
    arg [--no-as-needed] ==> ignore
    arg [/usr/bin/../lib/gcc/x86_64-linux-gnu/4.8/crtend.o] ==> ignore
    arg [/usr/bin/../lib/gcc/x86_64-linux-gnu/4.8/../../../x86_64-linux-gnu/crtn.o] ==> ignore
  remove lib [gcc]
  remove lib [gcc_s]
  remove lib [gcc]
  remove lib [gcc_s]
  collapse library dir [/usr/bin/../lib/gcc/x86_64-linux-gnu/4.8] ==> [/usr/lib/gcc/x86_64-linux-gnu/4.8]
  collapse library dir [/usr/bin/../lib/gcc/x86_64-linux-gnu/4.8/../../../x86_64-linux-gnu] ==> [/usr/lib/x86_64-linux-gnu]
  collapse library dir [/lib/x86_64-linux-gnu] ==> [/lib/x86_64-linux-gnu]
  collapse library dir [/lib/../lib64] ==> [/lib64]
  collapse library dir [/usr/lib/x86_64-linux-gnu] ==> [/usr/lib/x86_64-linux-gnu]
  collapse library dir [/usr/bin/../lib/gcc/x86_64-linux-gnu/4.8/../../..] ==> [/usr/lib]
  collapse library dir [/lib] ==> [/lib]
  collapse library dir [/usr/lib] ==> [/usr/lib]
  implicit libs: [c]
  implicit dirs: [/usr/lib/gcc/x86_64-linux-gnu/4.8;/usr/lib/x86_64-linux-gnu;/lib/x86_64-linux-gnu;/lib64;/usr/lib;/lib]
  implicit fwks: []


Determining if the CXX compiler works passed with the following output:
Change Dir: /host/Phd_Sem4/Research/GitLab/ALLVM/openmp/build/CMakeFiles/CMakeTmp

Run Build Command:/usr/bin/make "cmTryCompileExec1088416685/fast"
/usr/bin/make -f CMakeFiles/cmTryCompileExec1088416685.dir/build.make CMakeFiles/cmTryCompileExec1088416685.dir/build
make[1]: Entering directory `/host/Phd_Sem4/Research/GitLab/ALLVM/openmp/build/CMakeFiles/CMakeTmp'
/usr/bin/cmake -E cmake_progress_report /host/Phd_Sem4/Research/GitLab/ALLVM/openmp/build/CMakeFiles/CMakeTmp/CMakeFiles 1
Building CXX object CMakeFiles/cmTryCompileExec1088416685.dir/testCXXCompiler.cxx.o
/usr/bin/clang     -o CMakeFiles/cmTryCompileExec1088416685.dir/testCXXCompiler.cxx.o -c /host/Phd_Sem4/Research/GitLab/ALLVM/openmp/build/CMakeFiles/CMakeTmp/testCXXCompiler.cxx
Linking CXX executable cmTryCompileExec1088416685
/usr/bin/cmake -E cmake_link_script CMakeFiles/cmTryCompileExec1088416685.dir/link.txt --verbose=1
/usr/bin/clang        CMakeFiles/cmTryCompileExec1088416685.dir/testCXXCompiler.cxx.o  -o cmTryCompileExec1088416685 -rdynamic 
make[1]: Leaving directory `/host/Phd_Sem4/Research/GitLab/ALLVM/openmp/build/CMakeFiles/CMakeTmp'


Detecting CXX compiler ABI info compiled with the following output:
Change Dir: /host/Phd_Sem4/Research/GitLab/ALLVM/openmp/build/CMakeFiles/CMakeTmp

Run Build Command:/usr/bin/make "cmTryCompileExec1867811842/fast"
/usr/bin/make -f CMakeFiles/cmTryCompileExec1867811842.dir/build.make CMakeFiles/cmTryCompileExec1867811842.dir/build
make[1]: Entering directory `/host/Phd_Sem4/Research/GitLab/ALLVM/openmp/build/CMakeFiles/CMakeTmp'
/usr/bin/cmake -E cmake_progress_report /host/Phd_Sem4/Research/GitLab/ALLVM/openmp/build/CMakeFiles/CMakeTmp/CMakeFiles 1
Building CXX object CMakeFiles/cmTryCompileExec1867811842.dir/CMakeCXXCompilerABI.cpp.o
/usr/bin/clang     -o CMakeFiles/cmTryCompileExec1867811842.dir/CMakeCXXCompilerABI.cpp.o -c /usr/share/cmake-2.8/Modules/CMakeCXXCompilerABI.cpp
Linking CXX executable cmTryCompileExec1867811842
/usr/bin/cmake -E cmake_link_script CMakeFiles/cmTryCompileExec1867811842.dir/link.txt --verbose=1
/usr/bin/clang      -v CMakeFiles/cmTryCompileExec1867811842.dir/CMakeCXXCompilerABI.cpp.o  -o cmTryCompileExec1867811842 -rdynamic  
Ubuntu clang version 3.4-1ubuntu3 (tags/RELEASE_34/final) (based on LLVM 3.4)
Target: x86_64-pc-linux-gnu
Thread model: posix
Found candidate GCC installation: /usr/bin/../lib/gcc/i686-linux-gnu/4.6
Found candidate GCC installation: /usr/bin/../lib/gcc/i686-linux-gnu/4.6.4
Found candidate GCC installation: /usr/bin/../lib/gcc/i686-linux-gnu/4.8
Found candidate GCC installation: /usr/bin/../lib/gcc/i686-linux-gnu/4.8.4
Found candidate GCC installation: /usr/bin/../lib/gcc/i686-linux-gnu/4.9
Found candidate GCC installation: /usr/bin/../lib/gcc/i686-linux-gnu/4.9.3
Found candidate GCC installation: /usr/bin/../lib/gcc/x86_64-linux-gnu/4.6
Found candidate GCC installation: /usr/bin/../lib/gcc/x86_64-linux-gnu/4.6.4
Found candidate GCC installation: /usr/bin/../lib/gcc/x86_64-linux-gnu/4.7
Found candidate GCC installation: /usr/bin/../lib/gcc/x86_64-linux-gnu/4.7.3
Found candidate GCC installation: /usr/bin/../lib/gcc/x86_64-linux-gnu/4.8
Found candidate GCC installation: /usr/bin/../lib/gcc/x86_64-linux-gnu/4.8.4
Found candidate GCC installation: /usr/bin/../lib/gcc/x86_64-linux-gnu/4.9
Found candidate GCC installation: /usr/bin/../lib/gcc/x86_64-linux-gnu/4.9.3
Found candidate GCC installation: /usr/lib/gcc/i686-linux-gnu/4.6
Found candidate GCC installation: /usr/lib/gcc/i686-linux-gnu/4.6.4
Found candidate GCC installation: /usr/lib/gcc/i686-linux-gnu/4.8
Found candidate GCC installation: /usr/lib/gcc/i686-linux-gnu/4.8.4
Found candidate GCC installation: /usr/lib/gcc/i686-linux-gnu/4.9
Found candidate GCC installation: /usr/lib/gcc/i686-linux-gnu/4.9.3
Found candidate GCC installation: /usr/lib/gcc/x86_64-linux-gnu/4.6
Found candidate GCC installation: /usr/lib/gcc/x86_64-linux-gnu/4.6.4
Found candidate GCC installation: /usr/lib/gcc/x86_64-linux-gnu/4.7
Found candidate GCC installation: /usr/lib/gcc/x86_64-linux-gnu/4.7.3
Found candidate GCC installation: /usr/lib/gcc/x86_64-linux-gnu/4.8
Found candidate GCC installation: /usr/lib/gcc/x86_64-linux-gnu/4.8.4
Found candidate GCC installation: /usr/lib/gcc/x86_64-linux-gnu/4.9
Found candidate GCC installation: /usr/lib/gcc/x86_64-linux-gnu/4.9.3
Selected GCC installation: /usr/bin/../lib/gcc/x86_64-linux-gnu/4.8
 "/usr/bin/ld" -export-dynamic -z relro --hash-style=gnu --build-id --eh-frame-hdr -m elf_x86_64 -dynamic-linker /lib64/ld-linux-x86-64.so.2 -o cmTryCompileExec1867811842 /usr/bin/../lib/gcc/x86_64-linux-gnu/4.8/../../../x86_64-linux-gnu/crt1.o /usr/bin/../lib/gcc/x86_64-linux-gnu/4.8/../../../x86_64-linux-gnu/crti.o /usr/bin/../lib/gcc/x86_64-linux-gnu/4.8/crtbegin.o -L/usr/bin/../lib/gcc/x86_64-linux-gnu/4.8 -L/usr/bin/../lib/gcc/x86_64-linux-gnu/4.8/../../../x86_64-linux-gnu -L/lib/x86_64-linux-gnu -L/lib/../lib64 -L/usr/lib/x86_64-linux-gnu -L/usr/bin/../lib/gcc/x86_64-linux-gnu/4.8/../../.. -L/lib -L/usr/lib CMakeFiles/cmTryCompileExec1867811842.dir/CMakeCXXCompilerABI.cpp.o -lgcc --as-needed -lgcc_s --no-as-needed -lc -lgcc --as-needed -lgcc_s --no-as-needed /usr/bin/../lib/gcc/x86_64-linux-gnu/4.8/crtend.o /usr/bin/../lib/gcc/x86_64-linux-gnu/4.8/../../../x86_64-linux-gnu/crtn.o
make[1]: Leaving directory `/host/Phd_Sem4/Research/GitLab/ALLVM/openmp/build/CMakeFiles/CMakeTmp'


Parsed CXX implicit link information from above output:
  link line regex: [^( *|.*[/\])(ld|([^/\]+-)?ld|collect2)[^/\]*( |$)]
  ignore line: [Change Dir: /host/Phd_Sem4/Research/GitLab/ALLVM/openmp/build/CMakeFiles/CMakeTmp]
  ignore line: []
  ignore line: [Run Build Command:/usr/bin/make "cmTryCompileExec1867811842/fast"]
  ignore line: [/usr/bin/make -f CMakeFiles/cmTryCompileExec1867811842.dir/build.make CMakeFiles/cmTryCompileExec1867811842.dir/build]
  ignore line: [make[1]: Entering directory `/host/Phd_Sem4/Research/GitLab/ALLVM/openmp/build/CMakeFiles/CMakeTmp']
  ignore line: [/usr/bin/cmake -E cmake_progress_report /host/Phd_Sem4/Research/GitLab/ALLVM/openmp/build/CMakeFiles/CMakeTmp/CMakeFiles 1]
  ignore line: [Building CXX object CMakeFiles/cmTryCompileExec1867811842.dir/CMakeCXXCompilerABI.cpp.o]
  ignore line: [/usr/bin/clang     -o CMakeFiles/cmTryCompileExec1867811842.dir/CMakeCXXCompilerABI.cpp.o -c /usr/share/cmake-2.8/Modules/CMakeCXXCompilerABI.cpp]
  ignore line: [Linking CXX executable cmTryCompileExec1867811842]
  ignore line: [/usr/bin/cmake -E cmake_link_script CMakeFiles/cmTryCompileExec1867811842.dir/link.txt --verbose=1]
  ignore line: [/usr/bin/clang      -v CMakeFiles/cmTryCompileExec1867811842.dir/CMakeCXXCompilerABI.cpp.o  -o cmTryCompileExec1867811842 -rdynamic  ]
  ignore line: [Ubuntu clang version 3.4-1ubuntu3 (tags/RELEASE_34/final) (based on LLVM 3.4)]
  ignore line: [Target: x86_64-pc-linux-gnu]
  ignore line: [Thread model: posix]
  ignore line: [Found candidate GCC installation: /usr/bin/../lib/gcc/i686-linux-gnu/4.6]
  ignore line: [Found candidate GCC installation: /usr/bin/../lib/gcc/i686-linux-gnu/4.6.4]
  ignore line: [Found candidate GCC installation: /usr/bin/../lib/gcc/i686-linux-gnu/4.8]
  ignore line: [Found candidate GCC installation: /usr/bin/../lib/gcc/i686-linux-gnu/4.8.4]
  ignore line: [Found candidate GCC installation: /usr/bin/../lib/gcc/i686-linux-gnu/4.9]
  ignore line: [Found candidate GCC installation: /usr/bin/../lib/gcc/i686-linux-gnu/4.9.3]
  ignore line: [Found candidate GCC installation: /usr/bin/../lib/gcc/x86_64-linux-gnu/4.6]
  ignore line: [Found candidate GCC installation: /usr/bin/../lib/gcc/x86_64-linux-gnu/4.6.4]
  ignore line: [Found candidate GCC installation: /usr/bin/../lib/gcc/x86_64-linux-gnu/4.7]
  ignore line: [Found candidate GCC installation: /usr/bin/../lib/gcc/x86_64-linux-gnu/4.7.3]
  ignore line: [Found candidate GCC installation: /usr/bin/../lib/gcc/x86_64-linux-gnu/4.8]
  ignore line: [Found candidate GCC installation: /usr/bin/../lib/gcc/x86_64-linux-gnu/4.8.4]
  ignore line: [Found candidate GCC installation: /usr/bin/../lib/gcc/x86_64-linux-gnu/4.9]
  ignore line: [Found candidate GCC installation: /usr/bin/../lib/gcc/x86_64-linux-gnu/4.9.3]
  ignore line: [Found candidate GCC installation: /usr/lib/gcc/i686-linux-gnu/4.6]
  ignore line: [Found candidate GCC installation: /usr/lib/gcc/i686-linux-gnu/4.6.4]
  ignore line: [Found candidate GCC installation: /usr/lib/gcc/i686-linux-gnu/4.8]
  ignore line: [Found candidate GCC installation: /usr/lib/gcc/i686-linux-gnu/4.8.4]
  ignore line: [Found candidate GCC installation: /usr/lib/gcc/i686-linux-gnu/4.9]
  ignore line: [Found candidate GCC installation: /usr/lib/gcc/i686-linux-gnu/4.9.3]
  ignore line: [Found candidate GCC installation: /usr/lib/gcc/x86_64-linux-gnu/4.6]
  ignore line: [Found candidate GCC installation: /usr/lib/gcc/x86_64-linux-gnu/4.6.4]
  ignore line: [Found candidate GCC installation: /usr/lib/gcc/x86_64-linux-gnu/4.7]
  ignore line: [Found candidate GCC installation: /usr/lib/gcc/x86_64-linux-gnu/4.7.3]
  ignore line: [Found candidate GCC installation: /usr/lib/gcc/x86_64-linux-gnu/4.8]
  ignore line: [Found candidate GCC installation: /usr/lib/gcc/x86_64-linux-gnu/4.8.4]
  ignore line: [Found candidate GCC installation: /usr/lib/gcc/x86_64-linux-gnu/4.9]
  ignore line: [Found candidate GCC installation: /usr/lib/gcc/x86_64-linux-gnu/4.9.3]
  ignore line: [Selected GCC installation: /usr/bin/../lib/gcc/x86_64-linux-gnu/4.8]
  link line: [ "/usr/bin/ld" -export-dynamic -z relro --hash-style=gnu --build-id --eh-frame-hdr -m elf_x86_64 -dynamic-linker /lib64/ld-linux-x86-64.so.2 -o cmTryCompileExec1867811842 /usr/bin/../lib/gcc/x86_64-linux-gnu/4.8/../../../x86_64-linux-gnu/crt1.o /usr/bin/../lib/gcc/x86_64-linux-gnu/4.8/../../../x86_64-linux-gnu/crti.o /usr/bin/../lib/gcc/x86_64-linux-gnu/4.8/crtbegin.o -L/usr/bin/../lib/gcc/x86_64-linux-gnu/4.8 -L/usr/bin/../lib/gcc/x86_64-linux-gnu/4.8/../../../x86_64-linux-gnu -L/lib/x86_64-linux-gnu -L/lib/../lib64 -L/usr/lib/x86_64-linux-gnu -L/usr/bin/../lib/gcc/x86_64-linux-gnu/4.8/../../.. -L/lib -L/usr/lib CMakeFiles/cmTryCompileExec1867811842.dir/CMakeCXXCompilerABI.cpp.o -lgcc --as-needed -lgcc_s --no-as-needed -lc -lgcc --as-needed -lgcc_s --no-as-needed /usr/bin/../lib/gcc/x86_64-linux-gnu/4.8/crtend.o /usr/bin/../lib/gcc/x86_64-linux-gnu/4.8/../../../x86_64-linux-gnu/crtn.o]
    arg [/usr/bin/ld] ==> ignore
    arg [-export-dynamic] ==> ignore
    arg [-zrelro] ==> ignore
    arg [--hash-style=gnu] ==> ignore
    arg [--build-id] ==> ignore
    arg [--eh-frame-hdr] ==> ignore
    arg [-m] ==> ignore
    arg [elf_x86_64] ==> ignore
    arg [-dynamic-linker] ==> ignore
    arg [/lib64/ld-linux-x86-64.so.2] ==> ignore
    arg [-o] ==> ignore
    arg [cmTryCompileExec1867811842] ==> ignore
    arg [/usr/bin/../lib/gcc/x86_64-linux-gnu/4.8/../../../x86_64-linux-gnu/crt1.o] ==> ignore
    arg [/usr/bin/../lib/gcc/x86_64-linux-gnu/4.8/../../../x86_64-linux-gnu/crti.o] ==> ignore
    arg [/usr/bin/../lib/gcc/x86_64-linux-gnu/4.8/crtbegin.o] ==> ignore
    arg [-L/usr/bin/../lib/gcc/x86_64-linux-gnu/4.8] ==> dir [/usr/bin/../lib/gcc/x86_64-linux-gnu/4.8]
    arg [-L/usr/bin/../lib/gcc/x86_64-linux-gnu/4.8/../../../x86_64-linux-gnu] ==> dir [/usr/bin/../lib/gcc/x86_64-linux-gnu/4.8/../../../x86_64-linux-gnu]
    arg [-L/lib/x86_64-linux-gnu] ==> dir [/lib/x86_64-linux-gnu]
    arg [-L/lib/../lib64] ==> dir [/lib/../lib64]
    arg [-L/usr/lib/x86_64-linux-gnu] ==> dir [/usr/lib/x86_64-linux-gnu]
    arg [-L/usr/bin/../lib/gcc/x86_64-linux-gnu/4.8/../../..] ==> dir [/usr/bin/../lib/gcc/x86_64-linux-gnu/4.8/../../..]
    arg [-L/lib] ==> dir [/lib]
    arg [-L/usr/lib] ==> dir [/usr/lib]
    arg [CMakeFiles/cmTryCompileExec1867811842.dir/CMakeCXXCompilerABI.cpp.o] ==> ignore
    arg [-lgcc] ==> lib [gcc]
    arg [--as-needed] ==> ignore
    arg [-lgcc_s] ==> lib [gcc_s]
    arg [--no-as-needed] ==> ignore
    arg [-lc] ==> lib [c]
    arg [-lgcc] ==> lib [gcc]
    arg [--as-needed] ==> ignore
    arg [-lgcc_s] ==> lib [gcc_s]
    arg [--no-as-needed] ==> ignore
    arg [/usr/bin/../lib/gcc/x86_64-linux-gnu/4.8/crtend.o] ==> ignore
    arg [/usr/bin/../lib/gcc/x86_64-linux-gnu/4.8/../../../x86_64-linux-gnu/crtn.o] ==> ignore
  remove lib [gcc]
  remove lib [gcc_s]
  remove lib [gcc]
  remove lib [gcc_s]
  collapse library dir [/usr/bin/../lib/gcc/x86_64-linux-gnu/4.8] ==> [/usr/lib/gcc/x86_64-linux-gnu/4.8]
  collapse library dir [/usr/bin/../lib/gcc/x86_64-linux-gnu/4.8/../../../x86_64-linux-gnu] ==> [/usr/lib/x86_64-linux-gnu]
  collapse library dir [/lib/x86_64-linux-gnu] ==> [/lib/x86_64-linux-gnu]
  collapse library dir [/lib/../lib64] ==> [/lib64]
  collapse library dir [/usr/lib/x86_64-linux-gnu] ==> [/usr/lib/x86_64-linux-gnu]
  collapse library dir [/usr/bin/../lib/gcc/x86_64-linux-gnu/4.8/../../..] ==> [/usr/lib]
  collapse library dir [/lib] ==> [/lib]
  collapse library dir [/usr/lib] ==> [/usr/lib]
  implicit libs: [c]
  implicit dirs: [/usr/lib/gcc/x86_64-linux-gnu/4.8;/usr/lib/x86_64-linux-gnu;/lib/x86_64-linux-gnu;/lib64;/usr/lib;/lib]
  implicit fwks: []


Performing C++ SOURCE FILE Test LIBOMP_HAVE_STD_CPP11_FLAG succeded with the following output:
Change Dir: /host/Phd_Sem4/Research/GitLab/ALLVM/openmp/build/CMakeFiles/CMakeTmp

Run Build Command:/usr/bin/make "cmTryCompileExec1645682571/fast"
/usr/bin/make -f CMakeFiles/cmTryCompileExec1645682571.dir/build.make CMakeFiles/cmTryCompileExec1645682571.dir/build
make[1]: Entering directory `/host/Phd_Sem4/Research/GitLab/ALLVM/openmp/build/CMakeFiles/CMakeTmp'
/usr/bin/cmake -E cmake_progress_report /host/Phd_Sem4/Research/GitLab/ALLVM/openmp/build/CMakeFiles/CMakeTmp/CMakeFiles 1
Building CXX object CMakeFiles/cmTryCompileExec1645682571.dir/src.cxx.o
/usr/bin/clang    -DLIBOMP_HAVE_STD_CPP11_FLAG   -std=c++11 -o CMakeFiles/cmTryCompileExec1645682571.dir/src.cxx.o -c /host/Phd_Sem4/Research/GitLab/ALLVM/openmp/build/CMakeFiles/CMakeTmp/src.cxx
Linking CXX executable cmTryCompileExec1645682571
/usr/bin/cmake -E cmake_link_script CMakeFiles/cmTryCompileExec1645682571.dir/link.txt --verbose=1
/usr/bin/clang    -DLIBOMP_HAVE_STD_CPP11_FLAG    CMakeFiles/cmTryCompileExec1645682571.dir/src.cxx.o  -o cmTryCompileExec1645682571 -rdynamic 
make[1]: Leaving directory `/host/Phd_Sem4/Research/GitLab/ALLVM/openmp/build/CMakeFiles/CMakeTmp'

Source file was:
int main() { return 0;}
Performing C++ SOURCE FILE Test LIBOMP_HAVE_FNO_EXCEPTIONS_FLAG succeded with the following output:
Change Dir: /host/Phd_Sem4/Research/GitLab/ALLVM/openmp/build/CMakeFiles/CMakeTmp

Run Build Command:/usr/bin/make "cmTryCompileExec1507260316/fast"
/usr/bin/make -f CMakeFiles/cmTryCompileExec1507260316.dir/build.make CMakeFiles/cmTryCompileExec1507260316.dir/build
make[1]: Entering directory `/host/Phd_Sem4/Research/GitLab/ALLVM/openmp/build/CMakeFiles/CMakeTmp'
/usr/bin/cmake -E cmake_progress_report /host/Phd_Sem4/Research/GitLab/ALLVM/openmp/build/CMakeFiles/CMakeTmp/CMakeFiles 1
Building CXX object CMakeFiles/cmTryCompileExec1507260316.dir/src.cxx.o
/usr/bin/clang    -DLIBOMP_HAVE_FNO_EXCEPTIONS_FLAG   -fno-exceptions -o CMakeFiles/cmTryCompileExec1507260316.dir/src.cxx.o -c /host/Phd_Sem4/Research/GitLab/ALLVM/openmp/build/CMakeFiles/CMakeTmp/src.cxx
Linking CXX executable cmTryCompileExec1507260316
/usr/bin/cmake -E cmake_link_script CMakeFiles/cmTryCompileExec1507260316.dir/link.txt --verbose=1
/usr/bin/clang    -DLIBOMP_HAVE_FNO_EXCEPTIONS_FLAG    CMakeFiles/cmTryCompileExec1507260316.dir/src.cxx.o  -o cmTryCompileExec1507260316 -rdynamic 
make[1]: Leaving directory `/host/Phd_Sem4/Research/GitLab/ALLVM/openmp/build/CMakeFiles/CMakeTmp'

Source file was:
int main() { return 0;}
Performing C SOURCE FILE Test LIBOMP_HAVE_X_CPP_FLAG succeded with the following output:
Change Dir: /host/Phd_Sem4/Research/GitLab/ALLVM/openmp/build/CMakeFiles/CMakeTmp

Run Build Command:/usr/bin/make "cmTryCompileExec1622774222/fast"
/usr/bin/make -f CMakeFiles/cmTryCompileExec1622774222.dir/build.make CMakeFiles/cmTryCompileExec1622774222.dir/build
make[1]: Entering directory `/host/Phd_Sem4/Research/GitLab/ALLVM/openmp/build/CMakeFiles/CMakeTmp'
/usr/bin/cmake -E cmake_progress_report /host/Phd_Sem4/Research/GitLab/ALLVM/openmp/build/CMakeFiles/CMakeTmp/CMakeFiles 1
Building C object CMakeFiles/cmTryCompileExec1622774222.dir/src.c.o
/usr/bin/clang   -DLIBOMP_HAVE_X_CPP_FLAG   -x c++ -o CMakeFiles/cmTryCompileExec1622774222.dir/src.c.o   -c /host/Phd_Sem4/Research/GitLab/ALLVM/openmp/build/CMakeFiles/CMakeTmp/src.c
Linking C executable cmTryCompileExec1622774222
/usr/bin/cmake -E cmake_link_script CMakeFiles/cmTryCompileExec1622774222.dir/link.txt --verbose=1
/usr/bin/clang   -DLIBOMP_HAVE_X_CPP_FLAG    CMakeFiles/cmTryCompileExec1622774222.dir/src.c.o  -o cmTryCompileExec1622774222 -rdynamic 
make[1]: Leaving directory `/host/Phd_Sem4/Research/GitLab/ALLVM/openmp/build/CMakeFiles/CMakeTmp'

Source file was:
int main(void) { return 0; }
Performing C SOURCE FILE Test LIBOMP_HAVE_WERROR_FLAG succeded with the following output:
Change Dir: /host/Phd_Sem4/Research/GitLab/ALLVM/openmp/build/CMakeFiles/CMakeTmp

Run Build Command:/usr/bin/make "cmTryCompileExec4153555847/fast"
/usr/bin/make -f CMakeFiles/cmTryCompileExec4153555847.dir/build.make CMakeFiles/cmTryCompileExec4153555847.dir/build
make[1]: Entering directory `/host/Phd_Sem4/Research/GitLab/ALLVM/openmp/build/CMakeFiles/CMakeTmp'
/usr/bin/cmake -E cmake_progress_report /host/Phd_Sem4/Research/GitLab/ALLVM/openmp/build/CMakeFiles/CMakeTmp/CMakeFiles 1
Building C object CMakeFiles/cmTryCompileExec4153555847.dir/src.c.o
/usr/bin/clang   -DLIBOMP_HAVE_WERROR_FLAG   -Werror -o CMakeFiles/cmTryCompileExec4153555847.dir/src.c.o   -c /host/Phd_Sem4/Research/GitLab/ALLVM/openmp/build/CMakeFiles/CMakeTmp/src.c
Linking C executable cmTryCompileExec4153555847
/usr/bin/cmake -E cmake_link_script CMakeFiles/cmTryCompileExec4153555847.dir/link.txt --verbose=1
/usr/bin/clang   -DLIBOMP_HAVE_WERROR_FLAG    CMakeFiles/cmTryCompileExec4153555847.dir/src.c.o  -o cmTryCompileExec4153555847 -rdynamic 
make[1]: Leaving directory `/host/Phd_Sem4/Research/GitLab/ALLVM/openmp/build/CMakeFiles/CMakeTmp'

Source file was:
int main(void) { return 0; }
Performing C SOURCE FILE Test LIBOMP_HAVE_WNO_UNUSED_FUNCTION_FLAG succeded with the following output:
Change Dir: /host/Phd_Sem4/Research/GitLab/ALLVM/openmp/build/CMakeFiles/CMakeTmp

Run Build Command:/usr/bin/make "cmTryCompileExec888996730/fast"
/usr/bin/make -f CMakeFiles/cmTryCompileExec888996730.dir/build.make CMakeFiles/cmTryCompileExec888996730.dir/build
make[1]: Entering directory `/host/Phd_Sem4/Research/GitLab/ALLVM/openmp/build/CMakeFiles/CMakeTmp'
/usr/bin/cmake -E cmake_progress_report /host/Phd_Sem4/Research/GitLab/ALLVM/openmp/build/CMakeFiles/CMakeTmp/CMakeFiles 1
Building C object CMakeFiles/cmTryCompileExec888996730.dir/src.c.o
/usr/bin/clang   -DLIBOMP_HAVE_WNO_UNUSED_FUNCTION_FLAG   -Wunused-function -o CMakeFiles/cmTryCompileExec888996730.dir/src.c.o   -c /host/Phd_Sem4/Research/GitLab/ALLVM/openmp/build/CMakeFiles/CMakeTmp/src.c
Linking C executable cmTryCompileExec888996730
/usr/bin/cmake -E cmake_link_script CMakeFiles/cmTryCompileExec888996730.dir/link.txt --verbose=1
/usr/bin/clang   -DLIBOMP_HAVE_WNO_UNUSED_FUNCTION_FLAG    CMakeFiles/cmTryCompileExec888996730.dir/src.c.o  -o cmTryCompileExec888996730 -rdynamic 
make[1]: Leaving directory `/host/Phd_Sem4/Research/GitLab/ALLVM/openmp/build/CMakeFiles/CMakeTmp'

Source file was:
int main(void) { return 0; }
Performing C SOURCE FILE Test LIBOMP_HAVE_WNO_UNUSED_VALUE_FLAG succeded with the following output:
Change Dir: /host/Phd_Sem4/Research/GitLab/ALLVM/openmp/build/CMakeFiles/CMakeTmp

Run Build Command:/usr/bin/make "cmTryCompileExec4116677559/fast"
/usr/bin/make -f CMakeFiles/cmTryCompileExec4116677559.dir/build.make CMakeFiles/cmTryCompileExec4116677559.dir/build
make[1]: Entering directory `/host/Phd_Sem4/Research/GitLab/ALLVM/openmp/build/CMakeFiles/CMakeTmp'
/usr/bin/cmake -E cmake_progress_report /host/Phd_Sem4/Research/GitLab/ALLVM/openmp/build/CMakeFiles/CMakeTmp/CMakeFiles 1
Building C object CMakeFiles/cmTryCompileExec4116677559.dir/src.c.o
/usr/bin/clang   -DLIBOMP_HAVE_WNO_UNUSED_VALUE_FLAG   -Wunused-value -o CMakeFiles/cmTryCompileExec4116677559.dir/src.c.o   -c /host/Phd_Sem4/Research/GitLab/ALLVM/openmp/build/CMakeFiles/CMakeTmp/src.c
Linking C executable cmTryCompileExec4116677559
/usr/bin/cmake -E cmake_link_script CMakeFiles/cmTryCompileExec4116677559.dir/link.txt --verbose=1
/usr/bin/clang   -DLIBOMP_HAVE_WNO_UNUSED_VALUE_FLAG    CMakeFiles/cmTryCompileExec4116677559.dir/src.c.o  -o cmTryCompileExec4116677559 -rdynamic 
make[1]: Leaving directory `/host/Phd_Sem4/Research/GitLab/ALLVM/openmp/build/CMakeFiles/CMakeTmp'

Source file was:
int main(void) { return 0; }
Performing C SOURCE FILE Test LIBOMP_HAVE_WNO_UNUSED_VARIABLE_FLAG succeded with the following output:
Change Dir: /host/Phd_Sem4/Research/GitLab/ALLVM/openmp/build/CMakeFiles/CMakeTmp

Run Build Command:/usr/bin/make "cmTryCompileExec2194622591/fast"
/usr/bin/make -f CMakeFiles/cmTryCompileExec2194622591.dir/build.make CMakeFiles/cmTryCompileExec2194622591.dir/build
make[1]: Entering directory `/host/Phd_Sem4/Research/GitLab/ALLVM/openmp/build/CMakeFiles/CMakeTmp'
/usr/bin/cmake -E cmake_progress_report /host/Phd_Sem4/Research/GitLab/ALLVM/openmp/build/CMakeFiles/CMakeTmp/CMakeFiles 1
Building C object CMakeFiles/cmTryCompileExec2194622591.dir/src.c.o
/usr/bin/clang   -DLIBOMP_HAVE_WNO_UNUSED_VARIABLE_FLAG   -Wunused-variable -o CMakeFiles/cmTryCompileExec2194622591.dir/src.c.o   -c /host/Phd_Sem4/Research/GitLab/ALLVM/openmp/build/CMakeFiles/CMakeTmp/src.c
Linking C executable cmTryCompileExec2194622591
/usr/bin/cmake -E cmake_link_script CMakeFiles/cmTryCompileExec2194622591.dir/link.txt --verbose=1
/usr/bin/clang   -DLIBOMP_HAVE_WNO_UNUSED_VARIABLE_FLAG    CMakeFiles/cmTryCompileExec2194622591.dir/src.c.o  -o cmTryCompileExec2194622591 -rdynamic 
make[1]: Leaving directory `/host/Phd_Sem4/Research/GitLab/ALLVM/openmp/build/CMakeFiles/CMakeTmp'

Source file was:
int main(void) { return 0; }
Performing C SOURCE FILE Test LIBOMP_HAVE_WNO_SWITCH_FLAG succeded with the following output:
Change Dir: /host/Phd_Sem4/Research/GitLab/ALLVM/openmp/build/CMakeFiles/CMakeTmp

Run Build Command:/usr/bin/make "cmTryCompileExec3395959601/fast"
/usr/bin/make -f CMakeFiles/cmTryCompileExec3395959601.dir/build.make CMakeFiles/cmTryCompileExec3395959601.dir/build
make[1]: Entering directory `/host/Phd_Sem4/Research/GitLab/ALLVM/openmp/build/CMakeFiles/CMakeTmp'
/usr/bin/cmake -E cmake_progress_report /host/Phd_Sem4/Research/GitLab/ALLVM/openmp/build/CMakeFiles/CMakeTmp/CMakeFiles 1
Building C object CMakeFiles/cmTryCompileExec3395959601.dir/src.c.o
/usr/bin/clang   -DLIBOMP_HAVE_WNO_SWITCH_FLAG   -Wswitch -o CMakeFiles/cmTryCompileExec3395959601.dir/src.c.o   -c /host/Phd_Sem4/Research/GitLab/ALLVM/openmp/build/CMakeFiles/CMakeTmp/src.c
Linking C executable cmTryCompileExec3395959601
/usr/bin/cmake -E cmake_link_script CMakeFiles/cmTryCompileExec3395959601.dir/link.txt --verbose=1
/usr/bin/clang   -DLIBOMP_HAVE_WNO_SWITCH_FLAG    CMakeFiles/cmTryCompileExec3395959601.dir/src.c.o  -o cmTryCompileExec3395959601 -rdynamic 
make[1]: Leaving directory `/host/Phd_Sem4/Research/GitLab/ALLVM/openmp/build/CMakeFiles/CMakeTmp'

Source file was:
int main(void) { return 0; }
Performing C SOURCE FILE Test LIBOMP_HAVE_WNO_COVERED_SWITCH_DEFAULT_FLAG succeded with the following output:
Change Dir: /host/Phd_Sem4/Research/GitLab/ALLVM/openmp/build/CMakeFiles/CMakeTmp

Run Build Command:/usr/bin/make "cmTryCompileExec2471715829/fast"
/usr/bin/make -f CMakeFiles/cmTryCompileExec2471715829.dir/build.make CMakeFiles/cmTryCompileExec2471715829.dir/build
make[1]: Entering directory `/host/Phd_Sem4/Research/GitLab/ALLVM/openmp/build/CMakeFiles/CMakeTmp'
/usr/bin/cmake -E cmake_progress_report /host/Phd_Sem4/Research/GitLab/ALLVM/openmp/build/CMakeFiles/CMakeTmp/CMakeFiles 1
Building C object CMakeFiles/cmTryCompileExec2471715829.dir/src.c.o
/usr/bin/clang   -DLIBOMP_HAVE_WNO_COVERED_SWITCH_DEFAULT_FLAG   -Wcovered-switch-default -o CMakeFiles/cmTryCompileExec2471715829.dir/src.c.o   -c /host/Phd_Sem4/Research/GitLab/ALLVM/openmp/build/CMakeFiles/CMakeTmp/src.c
Linking C executable cmTryCompileExec2471715829
/usr/bin/cmake -E cmake_link_script CMakeFiles/cmTryCompileExec2471715829.dir/link.txt --verbose=1
/usr/bin/clang   -DLIBOMP_HAVE_WNO_COVERED_SWITCH_DEFAULT_FLAG    CMakeFiles/cmTryCompileExec2471715829.dir/src.c.o  -o cmTryCompileExec2471715829 -rdynamic 
make[1]: Leaving directory `/host/Phd_Sem4/Research/GitLab/ALLVM/openmp/build/CMakeFiles/CMakeTmp'

Source file was:
int main(void) { return 0; }
Performing C SOURCE FILE Test LIBOMP_HAVE_WNO_DEPRECATED_REGISTER_FLAG succeded with the following output:
Change Dir: /host/Phd_Sem4/Research/GitLab/ALLVM/openmp/build/CMakeFiles/CMakeTmp

Run Build Command:/usr/bin/make "cmTryCompileExec2571544480/fast"
/usr/bin/make -f CMakeFiles/cmTryCompileExec2571544480.dir/build.make CMakeFiles/cmTryCompileExec2571544480.dir/build
make[1]: Entering directory `/host/Phd_Sem4/Research/GitLab/ALLVM/openmp/build/CMakeFiles/CMakeTmp'
/usr/bin/cmake -E cmake_progress_report /host/Phd_Sem4/Research/GitLab/ALLVM/openmp/build/CMakeFiles/CMakeTmp/CMakeFiles 1
Building C object CMakeFiles/cmTryCompileExec2571544480.dir/src.c.o
/usr/bin/clang   -DLIBOMP_HAVE_WNO_DEPRECATED_REGISTER_FLAG   -Wdeprecated-register -o CMakeFiles/cmTryCompileExec2571544480.dir/src.c.o   -c /host/Phd_Sem4/Research/GitLab/ALLVM/openmp/build/CMakeFiles/CMakeTmp/src.c
Linking C executable cmTryCompileExec2571544480
/usr/bin/cmake -E cmake_link_script CMakeFiles/cmTryCompileExec2571544480.dir/link.txt --verbose=1
/usr/bin/clang   -DLIBOMP_HAVE_WNO_DEPRECATED_REGISTER_FLAG    CMakeFiles/cmTryCompileExec2571544480.dir/src.c.o  -o cmTryCompileExec2571544480 -rdynamic 
make[1]: Leaving directory `/host/Phd_Sem4/Research/GitLab/ALLVM/openmp/build/CMakeFiles/CMakeTmp'

Source file was:
int main(void) { return 0; }
Performing C SOURCE FILE Test LIBOMP_HAVE_WNO_SIGN_COMPARE_FLAG succeded with the following output:
Change Dir: /host/Phd_Sem4/Research/GitLab/ALLVM/openmp/build/CMakeFiles/CMakeTmp

Run Build Command:/usr/bin/make "cmTryCompileExec3594719051/fast"
/usr/bin/make -f CMakeFiles/cmTryCompileExec3594719051.dir/build.make CMakeFiles/cmTryCompileExec3594719051.dir/build
make[1]: Entering directory `/host/Phd_Sem4/Research/GitLab/ALLVM/openmp/build/CMakeFiles/CMakeTmp'
/usr/bin/cmake -E cmake_progress_report /host/Phd_Sem4/Research/GitLab/ALLVM/openmp/build/CMakeFiles/CMakeTmp/CMakeFiles 1
Building C object CMakeFiles/cmTryCompileExec3594719051.dir/src.c.o
/usr/bin/clang   -DLIBOMP_HAVE_WNO_SIGN_COMPARE_FLAG   -Wsign-compare -o CMakeFiles/cmTryCompileExec3594719051.dir/src.c.o   -c /host/Phd_Sem4/Research/GitLab/ALLVM/openmp/build/CMakeFiles/CMakeTmp/src.c
Linking C executable cmTryCompileExec3594719051
/usr/bin/cmake -E cmake_link_script CMakeFiles/cmTryCompileExec3594719051.dir/link.txt --verbose=1
/usr/bin/clang   -DLIBOMP_HAVE_WNO_SIGN_COMPARE_FLAG    CMakeFiles/cmTryCompileExec3594719051.dir/src.c.o  -o cmTryCompileExec3594719051 -rdynamic 
make[1]: Leaving directory `/host/Phd_Sem4/Research/GitLab/ALLVM/openmp/build/CMakeFiles/CMakeTmp'

Source file was:
int main(void) { return 0; }
Performing C SOURCE FILE Test LIBOMP_HAVE_WNO_GNU_ANONYMOUS_STRUCT_FLAG succeded with the following output:
Change Dir: /host/Phd_Sem4/Research/GitLab/ALLVM/openmp/build/CMakeFiles/CMakeTmp

Run Build Command:/usr/bin/make "cmTryCompileExec248681002/fast"
/usr/bin/make -f CMakeFiles/cmTryCompileExec248681002.dir/build.make CMakeFiles/cmTryCompileExec248681002.dir/build
make[1]: Entering directory `/host/Phd_Sem4/Research/GitLab/ALLVM/openmp/build/CMakeFiles/CMakeTmp'
/usr/bin/cmake -E cmake_progress_report /host/Phd_Sem4/Research/GitLab/ALLVM/openmp/build/CMakeFiles/CMakeTmp/CMakeFiles 1
Building C object CMakeFiles/cmTryCompileExec248681002.dir/src.c.o
/usr/bin/clang   -DLIBOMP_HAVE_WNO_GNU_ANONYMOUS_STRUCT_FLAG   -Wgnu-anonymous-struct -o CMakeFiles/cmTryCompileExec248681002.dir/src.c.o   -c /host/Phd_Sem4/Research/GitLab/ALLVM/openmp/build/CMakeFiles/CMakeTmp/src.c
Linking C executable cmTryCompileExec248681002
/usr/bin/cmake -E cmake_link_script CMakeFiles/cmTryCompileExec248681002.dir/link.txt --verbose=1
/usr/bin/clang   -DLIBOMP_HAVE_WNO_GNU_ANONYMOUS_STRUCT_FLAG    CMakeFiles/cmTryCompileExec248681002.dir/src.c.o  -o cmTryCompileExec248681002 -rdynamic 
make[1]: Leaving directory `/host/Phd_Sem4/Research/GitLab/ALLVM/openmp/build/CMakeFiles/CMakeTmp'

Source file was:
int main(void) { return 0; }
Performing C SOURCE FILE Test LIBOMP_HAVE_WNO_UNKNOWN_PRAGMAS_FLAG succeded with the following output:
Change Dir: /host/Phd_Sem4/Research/GitLab/ALLVM/openmp/build/CMakeFiles/CMakeTmp

Run Build Command:/usr/bin/make "cmTryCompileExec2707215370/fast"
/usr/bin/make -f CMakeFiles/cmTryCompileExec2707215370.dir/build.make CMakeFiles/cmTryCompileExec2707215370.dir/build
make[1]: Entering directory `/host/Phd_Sem4/Research/GitLab/ALLVM/openmp/build/CMakeFiles/CMakeTmp'
/usr/bin/cmake -E cmake_progress_report /host/Phd_Sem4/Research/GitLab/ALLVM/openmp/build/CMakeFiles/CMakeTmp/CMakeFiles 1
Building C object CMakeFiles/cmTryCompileExec2707215370.dir/src.c.o
/usr/bin/clang   -DLIBOMP_HAVE_WNO_UNKNOWN_PRAGMAS_FLAG   -Wunknown-pragmas -o CMakeFiles/cmTryCompileExec2707215370.dir/src.c.o   -c /host/Phd_Sem4/Research/GitLab/ALLVM/openmp/build/CMakeFiles/CMakeTmp/src.c
Linking C executable cmTryCompileExec2707215370
/usr/bin/cmake -E cmake_link_script CMakeFiles/cmTryCompileExec2707215370.dir/link.txt --verbose=1
/usr/bin/clang   -DLIBOMP_HAVE_WNO_UNKNOWN_PRAGMAS_FLAG    CMakeFiles/cmTryCompileExec2707215370.dir/src.c.o  -o cmTryCompileExec2707215370 -rdynamic 
make[1]: Leaving directory `/host/Phd_Sem4/Research/GitLab/ALLVM/openmp/build/CMakeFiles/CMakeTmp'

Source file was:
int main(void) { return 0; }
Performing C SOURCE FILE Test LIBOMP_HAVE_WNO_MISSING_FIELD_INITIALIZERS_FLAG succeded with the following output:
Change Dir: /host/Phd_Sem4/Research/GitLab/ALLVM/openmp/build/CMakeFiles/CMakeTmp

Run Build Command:/usr/bin/make "cmTryCompileExec4263182558/fast"
/usr/bin/make -f CMakeFiles/cmTryCompileExec4263182558.dir/build.make CMakeFiles/cmTryCompileExec4263182558.dir/build
make[1]: Entering directory `/host/Phd_Sem4/Research/GitLab/ALLVM/openmp/build/CMakeFiles/CMakeTmp'
/usr/bin/cmake -E cmake_progress_report /host/Phd_Sem4/Research/GitLab/ALLVM/openmp/build/CMakeFiles/CMakeTmp/CMakeFiles 1
Building C object CMakeFiles/cmTryCompileExec4263182558.dir/src.c.o
/usr/bin/clang   -DLIBOMP_HAVE_WNO_MISSING_FIELD_INITIALIZERS_FLAG   -Wmissing-field-initializers -o CMakeFiles/cmTryCompileExec4263182558.dir/src.c.o   -c /host/Phd_Sem4/Research/GitLab/ALLVM/openmp/build/CMakeFiles/CMakeTmp/src.c
Linking C executable cmTryCompileExec4263182558
/usr/bin/cmake -E cmake_link_script CMakeFiles/cmTryCompileExec4263182558.dir/link.txt --verbose=1
/usr/bin/clang   -DLIBOMP_HAVE_WNO_MISSING_FIELD_INITIALIZERS_FLAG    CMakeFiles/cmTryCompileExec4263182558.dir/src.c.o  -o cmTryCompileExec4263182558 -rdynamic 
make[1]: Leaving directory `/host/Phd_Sem4/Research/GitLab/ALLVM/openmp/build/CMakeFiles/CMakeTmp'

Source file was:
int main(void) { return 0; }
Performing C SOURCE FILE Test LIBOMP_HAVE_WNO_MISSING_BRACES_FLAG succeded with the following output:
Change Dir: /host/Phd_Sem4/Research/GitLab/ALLVM/openmp/build/CMakeFiles/CMakeTmp

Run Build Command:/usr/bin/make "cmTryCompileExec1086988007/fast"
/usr/bin/make -f CMakeFiles/cmTryCompileExec1086988007.dir/build.make CMakeFiles/cmTryCompileExec1086988007.dir/build
make[1]: Entering directory `/host/Phd_Sem4/Research/GitLab/ALLVM/openmp/build/CMakeFiles/CMakeTmp'
/usr/bin/cmake -E cmake_progress_report /host/Phd_Sem4/Research/GitLab/ALLVM/openmp/build/CMakeFiles/CMakeTmp/CMakeFiles 1
Building C object CMakeFiles/cmTryCompileExec1086988007.dir/src.c.o
/usr/bin/clang   -DLIBOMP_HAVE_WNO_MISSING_BRACES_FLAG   -Wmissing-braces -o CMakeFiles/cmTryCompileExec1086988007.dir/src.c.o   -c /host/Phd_Sem4/Research/GitLab/ALLVM/openmp/build/CMakeFiles/CMakeTmp/src.c
Linking C executable cmTryCompileExec1086988007
/usr/bin/cmake -E cmake_link_script CMakeFiles/cmTryCompileExec1086988007.dir/link.txt --verbose=1
/usr/bin/clang   -DLIBOMP_HAVE_WNO_MISSING_BRACES_FLAG    CMakeFiles/cmTryCompileExec1086988007.dir/src.c.o  -o cmTryCompileExec1086988007 -rdynamic 
make[1]: Leaving directory `/host/Phd_Sem4/Research/GitLab/ALLVM/openmp/build/CMakeFiles/CMakeTmp'

Source file was:
int main(void) { return 0; }
Performing C SOURCE FILE Test LIBOMP_HAVE_WNO_COMMENT_FLAG succeded with the following output:
Change Dir: /host/Phd_Sem4/Research/GitLab/ALLVM/openmp/build/CMakeFiles/CMakeTmp

Run Build Command:/usr/bin/make "cmTryCompileExec857070011/fast"
/usr/bin/make -f CMakeFiles/cmTryCompileExec857070011.dir/build.make CMakeFiles/cmTryCompileExec857070011.dir/build
make[1]: Entering directory `/host/Phd_Sem4/Research/GitLab/ALLVM/openmp/build/CMakeFiles/CMakeTmp'
/usr/bin/cmake -E cmake_progress_report /host/Phd_Sem4/Research/GitLab/ALLVM/openmp/build/CMakeFiles/CMakeTmp/CMakeFiles 1
Building C object CMakeFiles/cmTryCompileExec857070011.dir/src.c.o
/usr/bin/clang   -DLIBOMP_HAVE_WNO_COMMENT_FLAG   -Wcomment -o CMakeFiles/cmTryCompileExec857070011.dir/src.c.o   -c /host/Phd_Sem4/Research/GitLab/ALLVM/openmp/build/CMakeFiles/CMakeTmp/src.c
Linking C executable cmTryCompileExec857070011
/usr/bin/cmake -E cmake_link_script CMakeFiles/cmTryCompileExec857070011.dir/link.txt --verbose=1
/usr/bin/clang   -DLIBOMP_HAVE_WNO_COMMENT_FLAG    CMakeFiles/cmTryCompileExec857070011.dir/src.c.o  -o cmTryCompileExec857070011 -rdynamic 
make[1]: Leaving directory `/host/Phd_Sem4/Research/GitLab/ALLVM/openmp/build/CMakeFiles/CMakeTmp'

Source file was:
int main(void) { return 0; }
Performing C SOURCE FILE Test LIBOMP_HAVE_WNO_SELF_ASSIGN_FLAG succeded with the following output:
Change Dir: /host/Phd_Sem4/Research/GitLab/ALLVM/openmp/build/CMakeFiles/CMakeTmp

Run Build Command:/usr/bin/make "cmTryCompileExec1210023910/fast"
/usr/bin/make -f CMakeFiles/cmTryCompileExec1210023910.dir/build.make CMakeFiles/cmTryCompileExec1210023910.dir/build
make[1]: Entering directory `/host/Phd_Sem4/Research/GitLab/ALLVM/openmp/build/CMakeFiles/CMakeTmp'
/usr/bin/cmake -E cmake_progress_report /host/Phd_Sem4/Research/GitLab/ALLVM/openmp/build/CMakeFiles/CMakeTmp/CMakeFiles 1
Building C object CMakeFiles/cmTryCompileExec1210023910.dir/src.c.o
/usr/bin/clang   -DLIBOMP_HAVE_WNO_SELF_ASSIGN_FLAG   -Wself-assign -o CMakeFiles/cmTryCompileExec1210023910.dir/src.c.o   -c /host/Phd_Sem4/Research/GitLab/ALLVM/openmp/build/CMakeFiles/CMakeTmp/src.c
Linking C executable cmTryCompileExec1210023910
/usr/bin/cmake -E cmake_link_script CMakeFiles/cmTryCompileExec1210023910.dir/link.txt --verbose=1
/usr/bin/clang   -DLIBOMP_HAVE_WNO_SELF_ASSIGN_FLAG    CMakeFiles/cmTryCompileExec1210023910.dir/src.c.o  -o cmTryCompileExec1210023910 -rdynamic 
make[1]: Leaving directory `/host/Phd_Sem4/Research/GitLab/ALLVM/openmp/build/CMakeFiles/CMakeTmp'

Source file was:
int main(void) { return 0; }
Performing C SOURCE FILE Test LIBOMP_HAVE_WNO_VLA_EXTENSION_FLAG succeded with the following output:
Change Dir: /host/Phd_Sem4/Research/GitLab/ALLVM/openmp/build/CMakeFiles/CMakeTmp

Run Build Command:/usr/bin/make "cmTryCompileExec3905074483/fast"
/usr/bin/make -f CMakeFiles/cmTryCompileExec3905074483.dir/build.make CMakeFiles/cmTryCompileExec3905074483.dir/build
make[1]: Entering directory `/host/Phd_Sem4/Research/GitLab/ALLVM/openmp/build/CMakeFiles/CMakeTmp'
/usr/bin/cmake -E cmake_progress_report /host/Phd_Sem4/Research/GitLab/ALLVM/openmp/build/CMakeFiles/CMakeTmp/CMakeFiles 1
Building C object CMakeFiles/cmTryCompileExec3905074483.dir/src.c.o
/usr/bin/clang   -DLIBOMP_HAVE_WNO_VLA_EXTENSION_FLAG   -Wvla-extension -o CMakeFiles/cmTryCompileExec3905074483.dir/src.c.o   -c /host/Phd_Sem4/Research/GitLab/ALLVM/openmp/build/CMakeFiles/CMakeTmp/src.c
Linking C executable cmTryCompileExec3905074483
/usr/bin/cmake -E cmake_link_script CMakeFiles/cmTryCompileExec3905074483.dir/link.txt --verbose=1
/usr/bin/clang   -DLIBOMP_HAVE_WNO_VLA_EXTENSION_FLAG    CMakeFiles/cmTryCompileExec3905074483.dir/src.c.o  -o cmTryCompileExec3905074483 -rdynamic 
make[1]: Leaving directory `/host/Phd_Sem4/Research/GitLab/ALLVM/openmp/build/CMakeFiles/CMakeTmp'

Source file was:
int main(void) { return 0; }
Performing C SOURCE FILE Test LIBOMP_HAVE_MSSE2_FLAG succeded with the following output:
Change Dir: /host/Phd_Sem4/Research/GitLab/ALLVM/openmp/build/CMakeFiles/CMakeTmp

Run Build Command:/usr/bin/make "cmTryCompileExec1051843044/fast"
/usr/bin/make -f CMakeFiles/cmTryCompileExec1051843044.dir/build.make CMakeFiles/cmTryCompileExec1051843044.dir/build
make[1]: Entering directory `/host/Phd_Sem4/Research/GitLab/ALLVM/openmp/build/CMakeFiles/CMakeTmp'
/usr/bin/cmake -E cmake_progress_report /host/Phd_Sem4/Research/GitLab/ALLVM/openmp/build/CMakeFiles/CMakeTmp/CMakeFiles 1
Building C object CMakeFiles/cmTryCompileExec1051843044.dir/src.c.o
/usr/bin/clang   -DLIBOMP_HAVE_MSSE2_FLAG   -msse2 -o CMakeFiles/cmTryCompileExec1051843044.dir/src.c.o   -c /host/Phd_Sem4/Research/GitLab/ALLVM/openmp/build/CMakeFiles/CMakeTmp/src.c
Linking C executable cmTryCompileExec1051843044
/usr/bin/cmake -E cmake_link_script CMakeFiles/cmTryCompileExec1051843044.dir/link.txt --verbose=1
/usr/bin/clang   -DLIBOMP_HAVE_MSSE2_FLAG    CMakeFiles/cmTryCompileExec1051843044.dir/src.c.o  -o cmTryCompileExec1051843044 -rdynamic 
make[1]: Leaving directory `/host/Phd_Sem4/Research/GitLab/ALLVM/openmp/build/CMakeFiles/CMakeTmp'

Source file was:
int main(void) { return 0; }
Performing C SOURCE FILE Test LIBOMP_HAVE_FTLS_MODEL_FLAG succeded with the following output:
Change Dir: /host/Phd_Sem4/Research/GitLab/ALLVM/openmp/build/CMakeFiles/CMakeTmp

Run Build Command:/usr/bin/make "cmTryCompileExec473607185/fast"
/usr/bin/make -f CMakeFiles/cmTryCompileExec473607185.dir/build.make CMakeFiles/cmTryCompileExec473607185.dir/build
make[1]: Entering directory `/host/Phd_Sem4/Research/GitLab/ALLVM/openmp/build/CMakeFiles/CMakeTmp'
/usr/bin/cmake -E cmake_progress_report /host/Phd_Sem4/Research/GitLab/ALLVM/openmp/build/CMakeFiles/CMakeTmp/CMakeFiles 1
Building C object CMakeFiles/cmTryCompileExec473607185.dir/src.c.o
/usr/bin/clang   -DLIBOMP_HAVE_FTLS_MODEL_FLAG   -ftls-model=initial-exec -o CMakeFiles/cmTryCompileExec473607185.dir/src.c.o   -c /host/Phd_Sem4/Research/GitLab/ALLVM/openmp/build/CMakeFiles/CMakeTmp/src.c
Linking C executable cmTryCompileExec473607185
/usr/bin/cmake -E cmake_link_script CMakeFiles/cmTryCompileExec473607185.dir/link.txt --verbose=1
/usr/bin/clang   -DLIBOMP_HAVE_FTLS_MODEL_FLAG    CMakeFiles/cmTryCompileExec473607185.dir/src.c.o  -o cmTryCompileExec473607185 -rdynamic 
make[1]: Leaving directory `/host/Phd_Sem4/Research/GitLab/ALLVM/openmp/build/CMakeFiles/CMakeTmp'

Source file was:
int main(void) { return 0; }
Performing C SOURCE FILE Test LIBOMP_HAVE_M32_FLAG succeded with the following output:
Change Dir: /host/Phd_Sem4/Research/GitLab/ALLVM/openmp/build/CMakeFiles/CMakeTmp

Run Build Command:/usr/bin/make "cmTryCompileExec2826605380/fast"
/usr/bin/make -f CMakeFiles/cmTryCompileExec2826605380.dir/build.make CMakeFiles/cmTryCompileExec2826605380.dir/build
make[1]: Entering directory `/host/Phd_Sem4/Research/GitLab/ALLVM/openmp/build/CMakeFiles/CMakeTmp'
/usr/bin/cmake -E cmake_progress_report /host/Phd_Sem4/Research/GitLab/ALLVM/openmp/build/CMakeFiles/CMakeTmp/CMakeFiles 1
Building C object CMakeFiles/cmTryCompileExec2826605380.dir/src.c.o
/usr/bin/clang   -DLIBOMP_HAVE_M32_FLAG -m32   -m32 -o CMakeFiles/cmTryCompileExec2826605380.dir/src.c.o   -c /host/Phd_Sem4/Research/GitLab/ALLVM/openmp/build/CMakeFiles/CMakeTmp/src.c
Linking C executable cmTryCompileExec2826605380
/usr/bin/cmake -E cmake_link_script CMakeFiles/cmTryCompileExec2826605380.dir/link.txt --verbose=1
/usr/bin/clang   -DLIBOMP_HAVE_M32_FLAG -m32    CMakeFiles/cmTryCompileExec2826605380.dir/src.c.o  -o cmTryCompileExec2826605380 -rdynamic 
make[1]: Leaving directory `/host/Phd_Sem4/Research/GitLab/ALLVM/openmp/build/CMakeFiles/CMakeTmp'

Source file was:
int main(void) { return 0; }
Performing C Linker Flag test LIBOMP_HAVE_X_FLAG succeeded with the following output:
Change Dir: /host/Phd_Sem4/Research/GitLab/ALLVM/openmp/build/CMakeFiles/CMakeTmp/link_flag_check_LIBOMP_HAVE_X_FLAG/build

Run Build Command:/usr/bin/make
Scanning dependencies of target foo
[100%] Building C object CMakeFiles/foo.dir/src_to_link.c.o
Linking C shared library libfoo.so
[100%] Built target foo

Source file was:
int foo(int a) { return a*a; }
Performing C Linker Flag test LIBOMP_HAVE_WARN_SHARED_TEXTREL_FLAG succeeded with the following output:
Change Dir: /host/Phd_Sem4/Research/GitLab/ALLVM/openmp/build/CMakeFiles/CMakeTmp/link_flag_check_LIBOMP_HAVE_WARN_SHARED_TEXTREL_FLAG/build

Run Build Command:/usr/bin/make
Scanning dependencies of target foo
[100%] Building C object CMakeFiles/foo.dir/src_to_link.c.o
Linking C shared library libfoo.so
[100%] Built target foo

Source file was:
int foo(int a) { return a*a; }
Performing C Linker Flag test LIBOMP_HAVE_AS_NEEDED_FLAG succeeded with the following output:
Change Dir: /host/Phd_Sem4/Research/GitLab/ALLVM/openmp/build/CMakeFiles/CMakeTmp/link_flag_check_LIBOMP_HAVE_AS_NEEDED_FLAG/build

Run Build Command:/usr/bin/make
Scanning dependencies of target foo
[100%] Building C object CMakeFiles/foo.dir/src_to_link.c.o
Linking C shared library libfoo.so
[100%] Built target foo

Source file was:
int foo(int a) { return a*a; }
Performing C Linker Flag test LIBOMP_HAVE_VERSION_SCRIPT_FLAG succeeded with the following output:
Change Dir: /host/Phd_Sem4/Research/GitLab/ALLVM/openmp/build/CMakeFiles/CMakeTmp/link_flag_check_LIBOMP_HAVE_VERSION_SCRIPT_FLAG/build

Run Build Command:/usr/bin/make
Scanning dependencies of target foo
[100%] Building C object CMakeFiles/foo.dir/src_to_link.c.o
Linking C shared library libfoo.so
[100%] Built target foo

Source file was:
int foo(int a) { return a*a; }
Performing C Linker Flag test LIBOMP_HAVE_STATIC_LIBGCC_FLAG succeeded with the following output:
Change Dir: /host/Phd_Sem4/Research/GitLab/ALLVM/openmp/build/CMakeFiles/CMakeTmp/link_flag_check_LIBOMP_HAVE_STATIC_LIBGCC_FLAG/build

Run Build Command:/usr/bin/make
Scanning dependencies of target foo
[100%] Building C object CMakeFiles/foo.dir/src_to_link.c.o
Linking C shared library libfoo.so
[100%] Built target foo

Source file was:
int foo(int a) { return a*a; }
Performing C Linker Flag test LIBOMP_HAVE_Z_NOEXECSTACK_FLAG succeeded with the following output:
Change Dir: /host/Phd_Sem4/Research/GitLab/ALLVM/openmp/build/CMakeFiles/CMakeTmp/link_flag_check_LIBOMP_HAVE_Z_NOEXECSTACK_FLAG/build

Run Build Command:/usr/bin/make
Scanning dependencies of target foo
[100%] Building C object CMakeFiles/foo.dir/src_to_link.c.o
Linking C shared library libfoo.so
[100%] Built target foo

Source file was:
int foo(int a) { return a*a; }
Performing C Linker Flag test LIBOMP_HAVE_FINI_FLAG succeeded with the following output:
Change Dir: /host/Phd_Sem4/Research/GitLab/ALLVM/openmp/build/CMakeFiles/CMakeTmp/link_flag_check_LIBOMP_HAVE_FINI_FLAG/build

Run Build Command:/usr/bin/make
Scanning dependencies of target foo
[100%] Building C object CMakeFiles/foo.dir/src_to_link.c.o
Linking C shared library libfoo.so
[100%] Built target foo

Source file was:
int foo(int a) { return a*a; }
Determining if files pthread.h exist passed with the following output:
Change Dir: /host/Phd_Sem4/Research/GitLab/ALLVM/openmp/build/CMakeFiles/CMakeTmp

Run Build Command:/usr/bin/make "cmTryCompileExec59422822/fast"
/usr/bin/make -f CMakeFiles/cmTryCompileExec59422822.dir/build.make CMakeFiles/cmTryCompileExec59422822.dir/build
make[1]: Entering directory `/host/Phd_Sem4/Research/GitLab/ALLVM/openmp/build/CMakeFiles/CMakeTmp'
/usr/bin/cmake -E cmake_progress_report /host/Phd_Sem4/Research/GitLab/ALLVM/openmp/build/CMakeFiles/CMakeTmp/CMakeFiles 1
Building C object CMakeFiles/cmTryCompileExec59422822.dir/CheckIncludeFiles.c.o
/usr/bin/clang    -o CMakeFiles/cmTryCompileExec59422822.dir/CheckIncludeFiles.c.o   -c /host/Phd_Sem4/Research/GitLab/ALLVM/openmp/build/CMakeFiles/CMakeTmp/CheckIncludeFiles.c
Linking C executable cmTryCompileExec59422822
/usr/bin/cmake -E cmake_link_script CMakeFiles/cmTryCompileExec59422822.dir/link.txt --verbose=1
/usr/bin/clang       CMakeFiles/cmTryCompileExec59422822.dir/CheckIncludeFiles.c.o  -o cmTryCompileExec59422822 -rdynamic 
make[1]: Leaving directory `/host/Phd_Sem4/Research/GitLab/ALLVM/openmp/build/CMakeFiles/CMakeTmp'


Determining if the function pthread_create exists in the pthread passed with the following output:
Change Dir: /host/Phd_Sem4/Research/GitLab/ALLVM/openmp/build/CMakeFiles/CMakeTmp

Run Build Command:/usr/bin/make "cmTryCompileExec1117795098/fast"
/usr/bin/make -f CMakeFiles/cmTryCompileExec1117795098.dir/build.make CMakeFiles/cmTryCompileExec1117795098.dir/build
make[1]: Entering directory `/host/Phd_Sem4/Research/GitLab/ALLVM/openmp/build/CMakeFiles/CMakeTmp'
/usr/bin/cmake -E cmake_progress_report /host/Phd_Sem4/Research/GitLab/ALLVM/openmp/build/CMakeFiles/CMakeTmp/CMakeFiles 1
Building C object CMakeFiles/cmTryCompileExec1117795098.dir/CheckFunctionExists.c.o
/usr/bin/clang   -DCHECK_FUNCTION_EXISTS=pthread_create   -o CMakeFiles/cmTryCompileExec1117795098.dir/CheckFunctionExists.c.o   -c /usr/share/cmake-2.8/Modules/CheckFunctionExists.c
Linking C executable cmTryCompileExec1117795098
/usr/bin/cmake -E cmake_link_script CMakeFiles/cmTryCompileExec1117795098.dir/link.txt --verbose=1
/usr/bin/clang   -DCHECK_FUNCTION_EXISTS=pthread_create    CMakeFiles/cmTryCompileExec1117795098.dir/CheckFunctionExists.c.o  -o cmTryCompileExec1117795098 -rdynamic -lpthread 
make[1]: Leaving directory `/host/Phd_Sem4/Research/GitLab/ALLVM/openmp/build/CMakeFiles/CMakeTmp'


Performing C SOURCE FILE Test LIBOMP_HAVE_VERSION_SYMBOLS succeded with the following output:
Change Dir: /host/Phd_Sem4/Research/GitLab/ALLVM/openmp/build/CMakeFiles/CMakeTmp

Run Build Command:/usr/bin/make "cmTryCompileExec3736630018/fast"
/usr/bin/make -f CMakeFiles/cmTryCompileExec3736630018.dir/build.make CMakeFiles/cmTryCompileExec3736630018.dir/build
make[1]: Entering directory `/host/Phd_Sem4/Research/GitLab/ALLVM/openmp/build/CMakeFiles/CMakeTmp'
/usr/bin/cmake -E cmake_progress_report /host/Phd_Sem4/Research/GitLab/ALLVM/openmp/build/CMakeFiles/CMakeTmp/CMakeFiles 1
Building C object CMakeFiles/cmTryCompileExec3736630018.dir/src.c.o
/usr/bin/clang   -DLIBOMP_HAVE_VERSION_SYMBOLS -Wl,--version-script=/host/Phd_Sem4/Research/GitLab/ALLVM/openmp/build/runtime/__version_script.txt   -o CMakeFiles/cmTryCompileExec3736630018.dir/src.c.o   -c /host/Phd_Sem4/Research/GitLab/ALLVM/openmp/build/CMakeFiles/CMakeTmp/src.c
clang: warning: -Wl,--version-script=/host/Phd_Sem4/Research/GitLab/ALLVM/openmp/build/runtime/__version_script.txt: 'linker' input unused
Linking C executable cmTryCompileExec3736630018
/usr/bin/cmake -E cmake_link_script CMakeFiles/cmTryCompileExec3736630018.dir/link.txt --verbose=1
/usr/bin/clang   -DLIBOMP_HAVE_VERSION_SYMBOLS -Wl,--version-script=/host/Phd_Sem4/Research/GitLab/ALLVM/openmp/build/runtime/__version_script.txt    CMakeFiles/cmTryCompileExec3736630018.dir/src.c.o  -o cmTryCompileExec3736630018 -rdynamic 
make[1]: Leaving directory `/host/Phd_Sem4/Research/GitLab/ALLVM/openmp/build/CMakeFiles/CMakeTmp'

Source file was:
#include <stdio.h>
    void func1() { printf("Hello"); }
    void func2() { printf("World"); }
    __asm__(".symver func1, func@VER1");
    __asm__(".symver func2, func@VER2");
    int main() {
      func1();
      func2();
      return 0;
    }
Performing C SOURCE FILE Test LIBOMP_HAVE___BUILTIN_FRAME_ADDRESS succeded with the following output:
Change Dir: /host/Phd_Sem4/Research/GitLab/ALLVM/openmp/build/CMakeFiles/CMakeTmp

Run Build Command:/usr/bin/make "cmTryCompileExec2195446595/fast"
/usr/bin/make -f CMakeFiles/cmTryCompileExec2195446595.dir/build.make CMakeFiles/cmTryCompileExec2195446595.dir/build
make[1]: Entering directory `/host/Phd_Sem4/Research/GitLab/ALLVM/openmp/build/CMakeFiles/CMakeTmp'
/usr/bin/cmake -E cmake_progress_report /host/Phd_Sem4/Research/GitLab/ALLVM/openmp/build/CMakeFiles/CMakeTmp/CMakeFiles 1
Building C object CMakeFiles/cmTryCompileExec2195446595.dir/src.c.o
/usr/bin/clang   -DLIBOMP_HAVE___BUILTIN_FRAME_ADDRESS   -o CMakeFiles/cmTryCompileExec2195446595.dir/src.c.o   -c /host/Phd_Sem4/Research/GitLab/ALLVM/openmp/build/CMakeFiles/CMakeTmp/src.c
Linking C executable cmTryCompileExec2195446595
/usr/bin/cmake -E cmake_link_script CMakeFiles/cmTryCompileExec2195446595.dir/link.txt --verbose=1
/usr/bin/clang   -DLIBOMP_HAVE___BUILTIN_FRAME_ADDRESS    CMakeFiles/cmTryCompileExec2195446595.dir/src.c.o  -o cmTryCompileExec2195446595 -rdynamic 
make[1]: Leaving directory `/host/Phd_Sem4/Research/GitLab/ALLVM/openmp/build/CMakeFiles/CMakeTmp'

Source file was:
int main(int argc, char** argv) {
  void* p = __builtin_frame_address(0);
  return 0;}
Performing C SOURCE FILE Test LIBOMP_HAVE_WEAK_ATTRIBUTE succeded with the following output:
Change Dir: /host/Phd_Sem4/Research/GitLab/ALLVM/openmp/build/CMakeFiles/CMakeTmp

Run Build Command:/usr/bin/make "cmTryCompileExec3047675266/fast"
/usr/bin/make -f CMakeFiles/cmTryCompileExec3047675266.dir/build.make CMakeFiles/cmTryCompileExec3047675266.dir/build
make[1]: Entering directory `/host/Phd_Sem4/Research/GitLab/ALLVM/openmp/build/CMakeFiles/CMakeTmp'
/usr/bin/cmake -E cmake_progress_report /host/Phd_Sem4/Research/GitLab/ALLVM/openmp/build/CMakeFiles/CMakeTmp/CMakeFiles 1
Building C object CMakeFiles/cmTryCompileExec3047675266.dir/src.c.o
/usr/bin/clang   -DLIBOMP_HAVE_WEAK_ATTRIBUTE   -o CMakeFiles/cmTryCompileExec3047675266.dir/src.c.o   -c /host/Phd_Sem4/Research/GitLab/ALLVM/openmp/build/CMakeFiles/CMakeTmp/src.c
Linking C executable cmTryCompileExec3047675266
/usr/bin/cmake -E cmake_link_script CMakeFiles/cmTryCompileExec3047675266.dir/link.txt --verbose=1
/usr/bin/clang   -DLIBOMP_HAVE_WEAK_ATTRIBUTE    CMakeFiles/cmTryCompileExec3047675266.dir/src.c.o  -o cmTryCompileExec3047675266 -rdynamic 
make[1]: Leaving directory `/host/Phd_Sem4/Research/GitLab/ALLVM/openmp/build/CMakeFiles/CMakeTmp'

Source file was:
__attribute__ ((weak)) int foo(int a) { return a*a; }
  int main(int argc, char** argv) {
  return foo(argc);}
