__libc_thread_freeres_fn       libc.so.6            8          168            2
         __libc_freeres       libc.so.6            0            0            1
               utmpname       libc.so.6            0            0            2
            getutline_r       libc.so.6            0            0            2
              getutid_r       libc.so.6            0            0            2
               endutent       libc.so.6            0            0            2
              pututline       libc.so.6            0            0            2
             getutent_r       libc.so.6            0            0            2
               setutent       libc.so.6            0            0            2
           key_get_conv       libc.so.6            0            0            2
             key_setnet       libc.so.6            0            0            2
  key_decryptsession_pk       libc.so.6            0            0            2
  key_encryptsession_pk       libc.so.6            0            0            2
     key_decryptsession       libc.so.6            0            0            2
     key_encryptsession       libc.so.6            0            0            2
   key_secretkey_is_set       libc.so.6            0            0            2
          key_setsecret       libc.so.6            0            0            2
           bindresvport       libc.so.6            0            0            2
  __nss_lookup_function       libc.so.6            0            0            2
 __nss_configure_lookup       libc.so.6            0            0            2
  __nss_database_lookup       libc.so.6            0            0            3
       __res_maybe_init       libc.so.6            0            0            3
             __res_init       libc.so.6            0            0            1
         getaliasbyname       libc.so.6            0            0            2
            getaliasent       libc.so.6            0            0            2
          getaliasent_r       libc.so.6            0            0            2
            endaliasent       libc.so.6            0            0            2
            setaliasent       libc.so.6            0            0            2
          getnetgrent_r       libc.so.6            0            0            2
            endnetgrent       libc.so.6            0            0            2
            setnetgrent       libc.so.6            0            0            2
            getrpcent_r       libc.so.6            0            0            2
              endrpcent       libc.so.6            0            0            2
              setrpcent       libc.so.6            0            0            2
         getrpcbynumber       libc.so.6            0            0            2
           getrpcbyname       libc.so.6            0            0            2
              getrpcent       libc.so.6            0            0            2
           getservent_r       libc.so.6            0            0            2
             endservent       libc.so.6            0            0            2
             setservent       libc.so.6            0            0            2
             getservent       libc.so.6            0            0            2
          getservbyport       libc.so.6            0            0            2
          getservbyname       libc.so.6            0            0            2
         getprotobyname       libc.so.6            0            0            2
          getprotoent_r       libc.so.6            0            0            2
            endprotoent       libc.so.6            0            0            2
            setprotoent       libc.so.6            0            0            2
            getprotoent       libc.so.6            0            0            2
       getprotobynumber       libc.so.6            0            0            2
            getnetent_r       libc.so.6            0            0            2
              endnetent       libc.so.6            0            0            2
              setnetent       libc.so.6            0            0            2
              getnetent       libc.so.6            0            0            2
           getnetbyname       libc.so.6            0            0            2
           getnetbyaddr       libc.so.6            0            0            2
           gethostent_r       libc.so.6            0            0            2
             endhostent       libc.so.6            0            0            2
             sethostent       libc.so.6            0            0            2
             gethostent       libc.so.6            0            0            2
         gethostbyname2       libc.so.6            0            0            2
          gethostbyname       libc.so.6            0            0            2
          gethostbyaddr       libc.so.6            0            0            2
         __wcstombs_chk       libc.so.6            0            0            2
           __fgetws_chk       libc.so.6            0            0            3
        __vfwprintf_chk       libc.so.6            0            0            3
         __vwprintf_chk       libc.so.6            0            0            3
         __fwprintf_chk       libc.so.6            0            0            3
          __wprintf_chk       libc.so.6            0            0            3
            __fread_chk       libc.so.6            0            0            3
            __fgets_chk       libc.so.6            0            0            3
             __gets_chk       libc.so.6            0            0            3
         __vfprintf_chk       libc.so.6            0            0            3
          __vprintf_chk       libc.so.6            0            0            3
          __fprintf_chk       libc.so.6            0            0            3
           __printf_chk       libc.so.6            0            0            3
      __register_atfork       libc.so.6            2          113            4
            fgetsgent_r       libc.so.6            0            0            4
             getsgent_r       libc.so.6            0            0            2
               endsgent       libc.so.6            0            0            2
               setsgent       libc.so.6            0            0            2
               putsgent       libc.so.6            0            0            2
              fgetsgent       libc.so.6            0            0            2
              sgetsgent       libc.so.6            0            0            2
               getsgnam       libc.so.6            0            0            2
               getsgent       libc.so.6            0            0            2
               ulckpwdf       libc.so.6            0            0            2
                lckpwdf       libc.so.6            0            0            3
            fgetspent_r       libc.so.6            0            0            4
             getspent_r       libc.so.6            0            0            2
               endspent       libc.so.6            0            0            2
               setspent       libc.so.6            0            0            2
               putspent       libc.so.6            0            0            2
              fgetspent       libc.so.6            0            0            2
              sgetspent       libc.so.6            0            0            2
               getspnam       libc.so.6            0            0            2
               getspent       libc.so.6            0            0            2
               closelog       libc.so.6            0            0            1
                openlog       libc.so.6            0            0            1
          __vsyslog_chk       libc.so.6            0            0            2
                regexec       libc.so.6            0            0            2
            getaddrinfo       libc.so.6            0            0            2
                 __fork       libc.so.6            0            0            3
                  sleep       libc.so.6            0            0            1
            fgetpwent_r       libc.so.6            0            0            4
             getpwent_r       libc.so.6            0            0            2
               endpwent       libc.so.6            0            0            2
               setpwent       libc.so.6            0            0            2
               getpwuid       libc.so.6            0            0            2
               getpwnam       libc.so.6            0            0            2
               getpwent       libc.so.6            0            0            2
              fgetpwent       libc.so.6            0            0            2
            fgetgrent_r       libc.so.6            0            0            4
             getgrent_r       libc.so.6            0            0            2
               endgrent       libc.so.6            0            0            2
               setgrent       libc.so.6            0            0            2
               putgrent       libc.so.6            0            0            3
               getgrnam       libc.so.6            0            0            2
               getgrgid       libc.so.6            0            0            2
               getgrent       libc.so.6            0            0            2
              fgetgrent       libc.so.6            0            0            2
                seekdir       libc.so.6            0            0            2
              rewinddir       libc.so.6            0            0            2
              readdir_r       libc.so.6            0            0            2
                readdir       libc.so.6            0            0            2
                  tzset       libc.so.6            0            0            4
      __isoc99_vfwscanf       libc.so.6            0            0            3
       __isoc99_fwscanf       libc.so.6            0            0            3
       __isoc99_vwscanf       libc.so.6            0            0            3
        __isoc99_wscanf       libc.so.6            0            0            3
           malloc_stats       libc.so.6            0            0            2
               mallinfo       libc.so.6            0            0            2
            malloc_trim       libc.so.6            0            0            2
       malloc_set_state       libc.so.6            0            0            3
                mallopt       libc.so.6            0            0            2
          __libc_calloc       libc.so.6            9          722            3
         __libc_realloc       libc.so.6           10          256            4
            __libc_free       libc.so.6          151         2182            2
       malloc_get_state       libc.so.6            0            0            2
          __libc_malloc       libc.so.6          156         6687            5
        _IO_list_unlock       libc.so.6            0            0            1
          _IO_list_lock       libc.so.6            0            0            1
_IO_flush_all_linebuffered       libc.so.6            0            0            4
            _IO_link_in       libc.so.6            2          104            4
            _IO_un_link       libc.so.6            3           86            4
     _IO_file_underflow       libc.so.6            1           47            3
                  fwide       libc.so.6            0            0            2
               putwchar       libc.so.6            0            0            3
                  putwc       libc.so.6            0            0            3
                ungetwc       libc.so.6            0            0            2
                 fputws       libc.so.6            0            0            3
                 fgetws       libc.so.6            0            0            3
               getwchar       libc.so.6            0            0            3
                 fgetwc       libc.so.6            0            0            3
                 fputwc       libc.so.6            0            0            3
    _IO_wfile_underflow       libc.so.6            0            0            3
       _IO_peekc_locked       libc.so.6            0            0            3
              freopen64       libc.so.6            0            0            3
               ftello64       libc.so.6            0            0            3
                 fseeko       libc.so.6            0            0            3
                 rewind       libc.so.6            0            0            3
               _IO_putc       libc.so.6            0            0            3
                getchar       libc.so.6            0            0            3
               _IO_getc       libc.so.6            0            0            3
                  fseek       libc.so.6            0            0            3
                freopen       libc.so.6            0            0            3
                  fputc       libc.so.6            0            0            3
                 ferror       libc.so.6            0            0            2
                   feof       libc.so.6            0            0            2
               clearerr       libc.so.6            0            0            2
                putchar       libc.so.6            0            0            3
             _IO_ungetc       libc.so.6            0            0            2
            _IO_setvbuf       libc.so.6            0            0            3
          _IO_setbuffer       libc.so.6            0            0            3
            _IO_seekpos       libc.so.6            0            0            3
            _IO_seekoff       libc.so.6            0            0            3
               _IO_puts       libc.so.6            0            0            3
          _IO_proc_open       libc.so.6            0            0            2
         _IO_proc_close       libc.so.6            0            0            2
               _IO_gets       libc.so.6            0            0            3
               getdelim       libc.so.6            0            0            3
             _IO_fwrite       libc.so.6            0            0            3
              _IO_ftell       libc.so.6            0            0            3
              fsetpos64       libc.so.6            0            0            3
              _IO_fread       libc.so.6            0            0            3
              _IO_fputs       libc.so.6            0            0            3
                  fgets       libc.so.6            0            0            3
                fgetpos       libc.so.6            0            0            3
                 fflush       libc.so.6            0            0            3
             _IO_fclose       libc.so.6            1           54            5
              vfwprintf       libc.so.6            0            0            4
       __isoc99_vfscanf       libc.so.6            0            0            3
        __isoc99_fscanf       libc.so.6            0            0            3
        __isoc99_vscanf       libc.so.6            0            0            3
         __isoc99_scanf       libc.so.6            0            0            3
            funlockfile       libc.so.6            0            0            1
       _IO_ftrylockfile       libc.so.6            0            0            1
          _IO_flockfile       libc.so.6            0            0            1
            _IO_vfscanf       libc.so.6            1         1060            2
   register_printf_type       libc.so.6            0            0            2
register_printf_modifier       libc.so.6            0            0            2
register_printf_specifier       libc.so.6            0            0            2
           _IO_vfprintf       libc.so.6           20         8083            4
            addseverity       libc.so.6            0            0            2
                 fmtmsg       libc.so.6            0            0            2
                 random       libc.so.6            0            0            2
               setstate       libc.so.6            0            0            2
              initstate       libc.so.6            0            0            2
                  srand       libc.so.6            0            0            2
         __cxa_finalize       libc.so.6            3          138            2
               clearenv       libc.so.6            0            0            2
               unsetenv       libc.so.6            1          262            2
                  abort       libc.so.6            0            0            3
      __libc_start_main       libc.so.6            1           60            1
__pthread_mutex_cond_lock libpthread.so.0            7          161            6
  __lll_trylock_elision libpthread.so.0            0            0            1
__lll_timedlock_elision libpthread.so.0            0            0            1
   __lll_unlock_elision libpthread.so.0            0            0            1
     __lll_lock_elision libpthread.so.0            0            0            1
pthread_getattr_default_np libpthread.so.0            0            0            2
pthread_setattr_default_np libpthread.so.0            0            0            2
pthread_mutex_setprioceiling libpthread.so.0            0            0            3
__pthread_current_priority libpthread.so.0            0            0            2
__pthread_tpp_change_priority libpthread.so.0            0            0            2
            funlockfile libpthread.so.0            0            0            1
           ftrylockfile libpthread.so.0            0            0            1
              flockfile libpthread.so.0            0            0            1
__lll_robust_timedlock_wait libpthread.so.0            0            0            4
 __lll_robust_lock_wait libpthread.so.0            0            0            2
   __lll_timedlock_wait libpthread.so.0            0            0            3
        __lll_lock_wait libpthread.so.0            1           14            1
__lll_lock_wait_private libpthread.so.0            0            0            1
__pthread_disable_asynccancel libpthread.so.0            9           45            1
__pthread_enable_asynccancel libpthread.so.0            9           64            2
_pthread_cleanup_pop_restore libpthread.so.0           11          179            2
_pthread_cleanup_push_defer libpthread.so.0           11          217            1
__pthread_unregister_cancel_restore libpthread.so.0            0            0            2
__pthread_register_cancel_defer libpthread.so.0            0            0            1
               sem_post libpthread.so.0            0            0            1
 sem_timedwait_cleanup2 libpthread.so.0            0            0            1
  sem_timedwait_cleanup libpthread.so.0            0            0            1
          sem_timedwait libpthread.so.0            0            0            7
            sem_trywait libpthread.so.0            0            0            1
       sem_wait_cleanup libpthread.so.0            0            0            1
               sem_wait libpthread.so.0            0            0            4
              sem_close libpthread.so.0            0            0            2
      check_add_mapping libpthread.so.0            0            0            2
           pthread_once libpthread.so.0            1           28            2
  pthread_setcanceltype libpthread.so.0            8          248            5
 pthread_setcancelstate libpthread.so.0            8          168            5
     pthread_testcancel libpthread.so.0            0            0            1
         pthread_cancel libpthread.so.0            0            0            2
     pthread_key_delete libpthread.so.0            2           28            1
     pthread_key_create libpthread.so.0            3           78            1
   pthread_barrier_wait libpthread.so.0            0            0            6
pthread_barrier_destroy libpthread.so.0            0            0            2
   pthread_spin_trylock libpthread.so.0            0            0            1
      pthread_spin_lock libpthread.so.0            0            0            1
 pthread_cond_broadcast libpthread.so.0            0            0            1
    pthread_cond_signal libpthread.so.0            0            0            1
 pthread_cond_timedwait libpthread.so.0            0            0            1
      pthread_cond_wait libpthread.so.0            0            0            1
 pthread_cond_broadcast libpthread.so.0            0            0            3
    pthread_cond_signal libpthread.so.0            6          174            2
     __condvar_cleanup2 libpthread.so.0            0            0            2
 pthread_cond_timedwait libpthread.so.0            1          103            8
     __condvar_cleanup1 libpthread.so.0            0            0            2
      pthread_cond_wait libpthread.so.0            6          426            5
   pthread_cond_destroy libpthread.so.0            6          192            4
  pthread_rwlock_unlock libpthread.so.0            0            0            3
pthread_rwlock_trywrlock libpthread.so.0            0            0            2
pthread_rwlock_tryrdlock libpthread.so.0            0            0            2
pthread_rwlock_timedwrlock libpthread.so.0            0            0            4
  pthread_rwlock_wrlock libpthread.so.0            0            0            4
pthread_rwlock_timedrdlock libpthread.so.0            0            0            4
__pthread_rwlock_rdlock libpthread.so.0            0            0            4
 __pthread_mutex_unlock libpthread.so.0           28          602            1
__pthread_mutex_unlock_usercnt libpthread.so.0            7          126            1
pthread_mutex_timedlock libpthread.so.0            0            0           13
  pthread_mutex_trylock libpthread.so.0            0            0            8
     pthread_mutex_lock libpthread.so.0           28          854            5
     pthread_getattr_np libpthread.so.0            8          520            2
pthread_attr_getstacksize libpthread.so.0            1           14            2
   pthread_setschedprio libpthread.so.0            0            0            2
  pthread_setschedparam libpthread.so.0            0            0            2
  pthread_getschedparam libpthread.so.0            0            0            2
   pthread_timedjoin_np libpthread.so.0            0            0            1
     pthread_tryjoin_np libpthread.so.0            0            0            1
           pthread_join libpthread.so.0            2          123            1
                cleanup libpthread.so.0            0            0            1
         pthread_detach libpthread.so.0            0            0            1
           pthread_exit libpthread.so.0            0            0            1
         pthread_create libpthread.so.0            8         1736           18
             __free_tcb libpthread.so.0            2           24            1
           start_thread libpthread.so.0            8          592            7
   __find_in_stack_list libpthread.so.0            0            0            2
     __wait_lookup_done libpthread.so.0            0            0            4
__pthread_init_static_tls libpthread.so.0            0            0            2
          __nptl_setxid libpthread.so.0            0            0           10
    __find_thread_by_id libpthread.so.0            0            0            2
__make_stacks_executable libpthread.so.0            0            0            2
   do_clone.constprop.3 libpthread.so.0            8          256            4
     __deallocate_stack libpthread.so.0            2           70            2
__pthread_initialize_minimal libpthread.so.0            1          176            2
      sighandler_setxid libpthread.so.0            0            0            2
      sigcancel_handler libpthread.so.0            0            0            2
__pthread_mutex_cond_lock_full libpthread.so.0            0            0            8
__pthread_mutex_unlock_full libpthread.so.0            0            0            3
__pthread_mutex_lock_full libpthread.so.0            0            0            8
          __kmpc_cancel       libomp.so            0            0            2
_ZL16__kmp_check_depsiP11kmp_depnodeP8kmp_taskP11kmp_dephashbiP15kmp_depend_infoiS6_       libomp.so            0            0           15
     __kmp_release_deps       libomp.so            0            0            5
_ZL34__kmp_acquire_hle_lock_with_checksPji       libomp.so            0            0            2
_ZL36__kmp_acquire_futex_lock_with_checksP14kmp_futex_locki       libomp.so            0            0            2
_ZL36__kmp_release_futex_lock_with_checksP14kmp_futex_locki       libomp.so            0            0            1
_ZL31__kmp_test_hle_lock_with_checksPji       libomp.so            0            0            1
_ZL33__kmp_test_futex_lock_with_checksP14kmp_futex_locki       libomp.so            0            0            1
_ZL31__kmp_test_tas_lock_with_checksP12kmp_tas_locki       libomp.so            0            0            1
_ZL44__kmp_acquire_nested_ticket_lock_with_checksP15kmp_ticket_locki       libomp.so            0            0            1
_ZL43__kmp_acquire_nested_futex_lock_with_checksP14kmp_futex_locki       libomp.so            0            0            2
_ZL37__kmp_acquire_ticket_lock_with_checksP15kmp_ticket_locki       libomp.so            0            0            1
_ZL45__kmp_release_nested_queuing_lock_with_checksP16kmp_queuing_locki       libomp.so            0            0            2
_ZL43__kmp_release_nested_futex_lock_with_checksP14kmp_futex_locki       libomp.so            0            0            1
_ZL34__kmp_release_rtm_lock_with_checksP16kmp_queuing_locki       libomp.so            0            0            2
_ZL39__kmp_release_adaptive_lock_with_checksP17kmp_adaptive_locki       libomp.so            0            0            2
_ZL38__kmp_release_queuing_lock_with_checksP16kmp_queuing_locki       libomp.so            0            0            2
_ZL40__kmp_test_nested_drdpa_lock_with_checksP14kmp_drdpa_locki       libomp.so            0            0            1
_ZL42__kmp_test_nested_queuing_lock_with_checksP16kmp_queuing_locki       libomp.so            0            0            1
_ZL41__kmp_test_nested_ticket_lock_with_checksP15kmp_ticket_locki       libomp.so            0            0            1
_ZL40__kmp_test_nested_futex_lock_with_checksP14kmp_futex_locki       libomp.so            0            0            1
_ZL38__kmp_test_nested_tas_lock_with_checksP12kmp_tas_locki       libomp.so            0            0            1
_ZL33__kmp_test_drdpa_lock_with_checksP14kmp_drdpa_locki       libomp.so            0            0            1
_ZL36__kmp_test_adaptive_lock_with_checksP17kmp_adaptive_locki       libomp.so            0            0            1
_ZL35__kmp_test_queuing_lock_with_checksP16kmp_queuing_locki       libomp.so            0            0            1
_ZL34__kmp_test_ticket_lock_with_checksP15kmp_ticket_locki       libomp.so            0            0            1
_ZL22__kmp_acquire_hle_lockPji       libomp.so            0            0            2
_ZL19__kmp_test_hle_lockPji       libomp.so            0            0            1
_ZL22__kmp_release_rtm_lockP16kmp_queuing_locki       libomp.so            0            0            2
_ZL27__kmp_release_adaptive_lockP17kmp_adaptive_locki       libomp.so            0            0            2
_ZL24__kmp_test_adaptive_lockP17kmp_adaptive_locki       libomp.so            0            0            1
__kmp_allocate_indirect_lock       libomp.so            0            0            1
_ZL27__kmp_destroy_indirect_lockPj       libomp.so            0            0            1
__kmp_test_nested_drdpa_lock       libomp.so            0            0            1
  __kmp_test_drdpa_lock       libomp.so            0            0            1
_ZL39__kmp_acquire_drdpa_lock_timed_templateP14kmp_drdpa_locki       libomp.so            0            0            1
__kmp_release_nested_queuing_lock       libomp.so            0            0            2
__kmp_test_nested_queuing_lock       libomp.so            0            0            1
__kmp_release_queuing_lock       libomp.so            0            0            2
__kmp_test_queuing_lock       libomp.so            0            0            1
_ZL41__kmp_acquire_queuing_lock_timed_templateILb0EEiP16kmp_queuing_locki       libomp.so            0            0            3
__kmp_test_nested_ticket_lock       libomp.so            0            0            1
__kmp_acquire_nested_ticket_lock       libomp.so            0            0            1
 __kmp_test_ticket_lock       libomp.so            0            0            1
__kmp_acquire_ticket_lock       libomp.so           13          184            1
__kmp_release_nested_futex_lock       libomp.so            0            0            1
__kmp_test_nested_futex_lock       libomp.so            0            0            1
__kmp_acquire_nested_futex_lock       libomp.so            0            0            2
__kmp_release_futex_lock       libomp.so            0            0            1
  __kmp_test_futex_lock       libomp.so            0            0            1
__kmp_acquire_futex_lock       libomp.so            0            0            2
__kmp_test_nested_tas_lock       libomp.so            0            0            1
    __kmp_test_tas_lock       libomp.so            0            0            1
_ZL37__kmp_acquire_tas_lock_timed_templateP12kmp_tas_locki       libomp.so            0            0            2
_ZL18__kmp_dispatch_dxoIjEvPiS0_P5ident       libomp.so            0            0            1
_ZL18__kmp_dispatch_dxoIyEvPiS0_P5ident       libomp.so            0            0            1
__kmp_aux_dispatch_fini_chunk_8u       libomp.so            0            0            1
__kmp_aux_dispatch_fini_chunk_8       libomp.so            0            0            1
_ZL27__kmp_dispatch_finish_chunkIjEviP5ident       libomp.so            0            0            1
__kmpc_dispatch_fini_8u       libomp.so            0            0            1
 __kmpc_dispatch_fini_8       libomp.so            0            0            1
_ZL21__kmp_dispatch_finishIjEviP5ident       libomp.so            0            0            1
__kmpc_dispatch_next_8u       libomp.so            0            0            6
 __kmpc_dispatch_next_8       libomp.so            0            0            6
__kmpc_dispatch_next_4u       libomp.so            0            0            8
 __kmpc_dispatch_next_4       libomp.so            0            0            8
_ZN14hierarchy_info6resizeEj       libomp.so            0            0            2
_ZN14hierarchy_info4initEP11AddrUnsPairi       libomp.so            0            0            1
   __kmp_release_oncore       libomp.so            0            0            1
       __kmp_release_64       libomp.so            7          163            1
       __kmp_release_32       libomp.so            0            0            1
      __kmp_wait_oncore       libomp.so            0            0            2
          __kmp_wait_64       libomp.so            0            0            2
          __kmp_wait_32       libomp.so            0            0            2
_ZN15kmp_flag_oncore4waitEP8kmp_infoi       libomp.so            0            0            2
_ZN11kmp_flag_644waitEP8kmp_infoiPv       libomp.so           21      5520002            2
_ZL28__kmp_linear_barrier_release12barrier_typeP8kmp_infoiiiPv       libomp.so            0            0            1
_ZL26__kmp_tree_barrier_release12barrier_typeP8kmp_infoiiiPv       libomp.so            0            0            1
_ZL34__kmp_hierarchical_barrier_release12barrier_typeP8kmp_infoiiiPv       libomp.so            0            0            2
_ZL27__kmp_hyper_barrier_release12barrier_typeP8kmp_infoiiiPv       libomp.so           15         1666            1
_ZL22__kmp_itt_frame_submitiyyiP5identii       libomp.so            0            0            2
_ZL27__kmp_linear_barrier_gather12barrier_typeP8kmp_infoiiPFvPvS2_ES2_       libomp.so            0            0            1
_ZL25__kmp_tree_barrier_gather12barrier_typeP8kmp_infoiiPFvPvS2_ES2_       libomp.so            0            0            1
_ZL33__kmp_hierarchical_barrier_gather12barrier_typeP8kmp_infoiiPFvPvS2_ES2_       libomp.so            0            0            3
_ZL26__kmp_hyper_barrier_gather12barrier_typeP8kmp_infoiiPFvPvS2_ES2_       libomp.so            8         1079            1
  __kmp_itt_init_ittlib       libomp.so            1         2006            1
_ZL39__kmp_itt_string_handle_create_init_3_0PKc       libomp.so            0            0            1
_ZL32__kmp_itt_domain_create_init_3_0PKc       libomp.so            0            0            1
    __kmp_resume_oncore       libomp.so            0            0            1
        __kmp_resume_64       libomp.so            6          288            1
        __kmp_resume_32       libomp.so            0            0            1
   __kmp_suspend_oncore       libomp.so            0            0            4
       __kmp_suspend_64       libomp.so            6          441            4
       __kmp_suspend_32       libomp.so            0            0            4
  __kmpc_end_taskq_task       libomp.so            0            0            2
_ZN11kmp_flag_324waitEP8kmp_infoiPv       libomp.so            0            0            2
_ZL16__kmp_steal_taskP8kmp_infoiP13kmp_task_teamPVjPii       libomp.so            0            0            1
_Z21__kmp_taskloop_linearP5identiP8kmp_taskPyS3_xiyPv       libomp.so            0            0            3
_Z20__kmp_task_dup_allocP8kmp_infoP8kmp_task       libomp.so            0            0            3
__kmpc_proxy_task_completed_ooo       libomp.so            0            0            2
__kmpc_proxy_task_completed       libomp.so            0            0            4
__kmp_execute_tasks_oncore       libomp.so            0            0            3
 __kmp_execute_tasks_64       libomp.so            0            0            3
 __kmp_execute_tasks_32       libomp.so            0            0            3
_ZL17__kmp_invoke_taskiP8kmp_taskP12kmp_taskdata       libomp.so            0            0            2
       __kmp_task_alloc       libomp.so            0            0            3
_ZL17__kmp_task_finishiP8kmp_taskP12kmp_taskdata       libomp.so            0            0            4
_ZL17__kmp_reap_threadP8kmp_infoi       libomp.so            8          607            1
        __kmp_join_call       libomp.so            1          140            4
        __kmp_fork_call       libomp.so            1          346            2
_ZL24__kmp_itt_region_forkingiiii       libomp.so            0            0            2
     __kmp_enter_single       libomp.so            0            0            1
          __kmp_vprintf       libomp.so            0            0            1
   __kmpc_doacross_fini       libomp.so            0            0            1
   __kmpc_doacross_post       libomp.so            0            0            1
   __kmpc_doacross_init       libomp.so            0            0            1
_ZL41__kmp_enter_critical_section_reduce_blockP5identiPA8_i       libomp.so            0            0            2
       __kmpc_test_lock       libomp.so            0            0            1
        __kmpc_set_lock       libomp.so            0            0            2
__kmpc_critical_with_hint       libomp.so            0            0            4
_ZL22__kmp_itt_frame_submitiyyiP5identii       libomp.so            0            0            4
        __kmpc_atomic_8       libomp.so            0            0            2
        __kmpc_atomic_4       libomp.so            0            0            2
        __kmpc_atomic_2       libomp.so            0            0            2
        __kmpc_atomic_1       libomp.so            0            0            2
__kmpc_atomic_float8_swp       libomp.so            0            0            1
__kmpc_atomic_fixed8_swp       libomp.so            0            0            1
__kmpc_atomic_float4_swp       libomp.so            0            0            1
__kmpc_atomic_fixed4_swp       libomp.so            0            0            1
__kmpc_atomic_fixed2_swp       libomp.so            0            0            1
__kmpc_atomic_fixed1_swp       libomp.so            0            0            1
__kmpc_atomic_float8_sub_cpt_rev       libomp.so            0            0            1
__kmpc_atomic_float8_div_cpt_rev       libomp.so            0            0            1
__kmpc_atomic_float4_sub_cpt_rev       libomp.so            0            0            1
__kmpc_atomic_float4_div_cpt_rev       libomp.so            0            0            1
__kmpc_atomic_fixed8_sub_cpt_rev       libomp.so            0            0            1
__kmpc_atomic_fixed8u_shr_cpt_rev       libomp.so            0            0            1
__kmpc_atomic_fixed8_shr_cpt_rev       libomp.so            0            0            1
__kmpc_atomic_fixed8_shl_cpt_rev       libomp.so            0            0            1
__kmpc_atomic_fixed8u_div_cpt_rev       libomp.so            0            0            1
__kmpc_atomic_fixed8_div_cpt_rev       libomp.so            0            0            1
__kmpc_atomic_fixed4_sub_cpt_rev       libomp.so            0            0            1
__kmpc_atomic_fixed4u_shr_cpt_rev       libomp.so            0            0            1
__kmpc_atomic_fixed4_shr_cpt_rev       libomp.so            0            0            1
__kmpc_atomic_fixed4_shl_cpt_rev       libomp.so            0            0            1
__kmpc_atomic_fixed4u_div_cpt_rev       libomp.so            0            0            1
__kmpc_atomic_fixed4_div_cpt_rev       libomp.so            0            0            1
__kmpc_atomic_fixed2_sub_cpt_rev       libomp.so            0            0            1
__kmpc_atomic_fixed2u_shr_cpt_rev       libomp.so            0            0            1
__kmpc_atomic_fixed2_shr_cpt_rev       libomp.so            0            0            1
__kmpc_atomic_fixed2_shl_cpt_rev       libomp.so            0            0            1
__kmpc_atomic_fixed2u_div_cpt_rev       libomp.so            0            0            1
__kmpc_atomic_fixed2_div_cpt_rev       libomp.so            0            0            1
__kmpc_atomic_fixed1_sub_cpt_rev       libomp.so            0            0            1
__kmpc_atomic_fixed1u_shr_cpt_rev       libomp.so            0            0            1
__kmpc_atomic_fixed1_shr_cpt_rev       libomp.so            0            0            1
__kmpc_atomic_fixed1_shl_cpt_rev       libomp.so            0            0            1
__kmpc_atomic_fixed1u_div_cpt_rev       libomp.so            0            0            1
__kmpc_atomic_fixed1_div_cpt_rev       libomp.so            0            0            1
__kmpc_atomic_fixed8_eqv_cpt       libomp.so            0            0            1
__kmpc_atomic_fixed4_eqv_cpt       libomp.so            0            0            1
__kmpc_atomic_fixed2_eqv_cpt       libomp.so            0            0            1
__kmpc_atomic_fixed1_eqv_cpt       libomp.so            0            0            1
__kmpc_atomic_fixed8_neqv_cpt       libomp.so            0            0            1
__kmpc_atomic_fixed4_neqv_cpt       libomp.so            0            0            1
__kmpc_atomic_fixed2_neqv_cpt       libomp.so            0            0            1
__kmpc_atomic_fixed1_neqv_cpt       libomp.so            0            0            1
__kmpc_atomic_float8_min_cpt       libomp.so            0            0            1
__kmpc_atomic_float8_max_cpt       libomp.so            0            0            1
__kmpc_atomic_float4_min_cpt       libomp.so            0            0            1
__kmpc_atomic_float4_max_cpt       libomp.so            0            0            1
__kmpc_atomic_fixed8_min_cpt       libomp.so            0            0            1
__kmpc_atomic_fixed8_max_cpt       libomp.so            0            0            1
__kmpc_atomic_fixed4_min_cpt       libomp.so            0            0            1
__kmpc_atomic_fixed4_max_cpt       libomp.so            0            0            1
__kmpc_atomic_fixed2_min_cpt       libomp.so            0            0            1
__kmpc_atomic_fixed2_max_cpt       libomp.so            0            0            1
__kmpc_atomic_fixed1_min_cpt       libomp.so            0            0            1
__kmpc_atomic_fixed1_max_cpt       libomp.so            0            0            1
__kmpc_atomic_fixed8_orl_cpt       libomp.so            0            0            1
__kmpc_atomic_fixed8_andl_cpt       libomp.so            0            0            1
__kmpc_atomic_fixed4_orl_cpt       libomp.so            0            0            1
__kmpc_atomic_fixed4_andl_cpt       libomp.so            0            0            1
__kmpc_atomic_fixed2_orl_cpt       libomp.so            0            0            1
__kmpc_atomic_fixed2_andl_cpt       libomp.so            0            0            1
__kmpc_atomic_fixed1_orl_cpt       libomp.so            0            0            1
__kmpc_atomic_fixed1_andl_cpt       libomp.so            0            0            1
__kmpc_atomic_float8_mul_cpt       libomp.so            0            0            1
__kmpc_atomic_float8_div_cpt       libomp.so            0            0            1
__kmpc_atomic_float4_mul_cpt       libomp.so            0            0            1
__kmpc_atomic_float4_div_cpt       libomp.so            0            0            1
__kmpc_atomic_fixed8_xor_cpt       libomp.so            0            0            1
__kmpc_atomic_fixed8u_shr_cpt       libomp.so            0            0            1
__kmpc_atomic_fixed8_shr_cpt       libomp.so            0            0            1
__kmpc_atomic_fixed8_shl_cpt       libomp.so            0            0            1
__kmpc_atomic_fixed8_orb_cpt       libomp.so            0            0            1
__kmpc_atomic_fixed8_mul_cpt       libomp.so            0            0            1
__kmpc_atomic_fixed8u_div_cpt       libomp.so            0            0            1
__kmpc_atomic_fixed8_div_cpt       libomp.so            0            0            1
__kmpc_atomic_fixed8_andb_cpt       libomp.so            0            0            1
__kmpc_atomic_fixed4_xor_cpt       libomp.so            0            0            1
__kmpc_atomic_fixed4u_shr_cpt       libomp.so            0            0            1
__kmpc_atomic_fixed4_shr_cpt       libomp.so            0            0            1
__kmpc_atomic_fixed4_shl_cpt       libomp.so            0            0            1
__kmpc_atomic_fixed4_orb_cpt       libomp.so            0            0            1
__kmpc_atomic_fixed4_mul_cpt       libomp.so            0            0            1
__kmpc_atomic_fixed4u_div_cpt       libomp.so            0            0            1
__kmpc_atomic_fixed4_div_cpt       libomp.so            0            0            1
__kmpc_atomic_fixed4_andb_cpt       libomp.so            0            0            1
__kmpc_atomic_fixed2_xor_cpt       libomp.so            0            0            1
__kmpc_atomic_fixed2_sub_cpt       libomp.so            0            0            1
__kmpc_atomic_fixed2u_shr_cpt       libomp.so            0            0            1
__kmpc_atomic_fixed2_shr_cpt       libomp.so            0            0            1
__kmpc_atomic_fixed2_shl_cpt       libomp.so            0            0            1
__kmpc_atomic_fixed2_orb_cpt       libomp.so            0            0            1
__kmpc_atomic_fixed2_mul_cpt       libomp.so            0            0            1
__kmpc_atomic_fixed2u_div_cpt       libomp.so            0            0            1
__kmpc_atomic_fixed2_div_cpt       libomp.so            0            0            1
__kmpc_atomic_fixed2_andb_cpt       libomp.so            0            0            1
__kmpc_atomic_fixed2_add_cpt       libomp.so            0            0            1
__kmpc_atomic_fixed1_xor_cpt       libomp.so            0            0            1
__kmpc_atomic_fixed1_sub_cpt       libomp.so            0            0            1
__kmpc_atomic_fixed1u_shr_cpt       libomp.so            0            0            1
__kmpc_atomic_fixed1_shr_cpt       libomp.so            0            0            1
__kmpc_atomic_fixed1_shl_cpt       libomp.so            0            0            1
__kmpc_atomic_fixed1_orb_cpt       libomp.so            0            0            1
__kmpc_atomic_fixed1_mul_cpt       libomp.so            0            0            1
__kmpc_atomic_fixed1u_div_cpt       libomp.so            0            0            1
__kmpc_atomic_fixed1_div_cpt       libomp.so            0            0            1
__kmpc_atomic_fixed1_andb_cpt       libomp.so            0            0            1
__kmpc_atomic_fixed1_add_cpt       libomp.so            0            0            1
__kmpc_atomic_float8_sub_cpt       libomp.so            0            0            1
__kmpc_atomic_float8_add_cpt       libomp.so            0            0            1
__kmpc_atomic_float4_sub_cpt       libomp.so            0            0            1
__kmpc_atomic_float4_add_cpt       libomp.so            0            0            1
__kmpc_atomic_fixed8_sub_cpt       libomp.so            0            0            1
__kmpc_atomic_fixed8_add_cpt       libomp.so            0            0            1
__kmpc_atomic_fixed4_sub_cpt       libomp.so            0            0            1
__kmpc_atomic_fixed4_add_cpt       libomp.so            0            0            1
__kmpc_atomic_float8_wr       libomp.so            0            0            1
__kmpc_atomic_float4_wr       libomp.so            0            0            1
__kmpc_atomic_fixed8_wr       libomp.so            0            0            1
__kmpc_atomic_fixed4_wr       libomp.so            0            0            1
__kmpc_atomic_fixed2_wr       libomp.so            0            0            1
__kmpc_atomic_fixed1_wr       libomp.so            0            0            1
__kmpc_atomic_fixed2_rd       libomp.so            0            0            1
__kmpc_atomic_fixed1_rd       libomp.so            0            0            1
__kmpc_atomic_float8_rd       libomp.so            0            0            1
__kmpc_atomic_float4_rd       libomp.so            0            0            1
__kmpc_atomic_fixed8_rd       libomp.so            0            0            1
__kmpc_atomic_fixed4_rd       libomp.so            0            0            1
__kmpc_atomic_cmplx4_div_cmplx8       libomp.so            0            0            1
__kmpc_atomic_cmplx4_mul_cmplx8       libomp.so            0            0            1
__kmpc_atomic_cmplx4_sub_cmplx8       libomp.so            0            0            1
__kmpc_atomic_cmplx4_add_cmplx8       libomp.so            0            0            1
__kmpc_atomic_float4_div_float8       libomp.so            0            0            1
__kmpc_atomic_float4_mul_float8       libomp.so            0            0            1
__kmpc_atomic_float4_sub_float8       libomp.so            0            0            1
__kmpc_atomic_float4_add_float8       libomp.so            0            0            1
__kmpc_atomic_fixed8_div_float8       libomp.so            0            0            1
__kmpc_atomic_fixed8_mul_float8       libomp.so            0            0            1
__kmpc_atomic_fixed4_div_float8       libomp.so            0            0            1
__kmpc_atomic_fixed4_mul_float8       libomp.so            0            0            1
__kmpc_atomic_fixed2_div_float8       libomp.so            0            0            1
__kmpc_atomic_fixed2_mul_float8       libomp.so            0            0            1
__kmpc_atomic_fixed1_div_float8       libomp.so            0            0            1
__kmpc_atomic_fixed1_mul_float8       libomp.so            0            0            1
__kmpc_atomic_float8_sub_rev       libomp.so            0            0            1
__kmpc_atomic_float8_div_rev       libomp.so            0            0            1
__kmpc_atomic_float4_sub_rev       libomp.so            0            0            1
__kmpc_atomic_float4_div_rev       libomp.so            0            0            1
__kmpc_atomic_fixed8_sub_rev       libomp.so            0            0            1
__kmpc_atomic_fixed8u_shr_rev       libomp.so            0            0            1
__kmpc_atomic_fixed8_shr_rev       libomp.so            0            0            1
__kmpc_atomic_fixed8_shl_rev       libomp.so            0            0            1
__kmpc_atomic_fixed8u_div_rev       libomp.so            0            0            1
__kmpc_atomic_fixed8_div_rev       libomp.so            0            0            1
__kmpc_atomic_fixed4_sub_rev       libomp.so            0            0            1
__kmpc_atomic_fixed4u_shr_rev       libomp.so            0            0            1
__kmpc_atomic_fixed4_shr_rev       libomp.so            0            0            1
__kmpc_atomic_fixed4_shl_rev       libomp.so            0            0            1
__kmpc_atomic_fixed4u_div_rev       libomp.so            0            0            1
__kmpc_atomic_fixed4_div_rev       libomp.so            0            0            1
__kmpc_atomic_fixed2_sub_rev       libomp.so            0            0            1
__kmpc_atomic_fixed2u_shr_rev       libomp.so            0            0            1
__kmpc_atomic_fixed2_shr_rev       libomp.so            0            0            1
__kmpc_atomic_fixed2_shl_rev       libomp.so            0            0            1
__kmpc_atomic_fixed2u_div_rev       libomp.so            0            0            1
__kmpc_atomic_fixed2_div_rev       libomp.so            0            0            1
__kmpc_atomic_fixed1_sub_rev       libomp.so            0            0            1
__kmpc_atomic_fixed1u_shr_rev       libomp.so            0            0            1
__kmpc_atomic_fixed1_shr_rev       libomp.so            0            0            1
__kmpc_atomic_fixed1_shl_rev       libomp.so            0            0            1
__kmpc_atomic_fixed1u_div_rev       libomp.so            0            0            2
__kmpc_atomic_fixed1_div_rev       libomp.so            0            0            1
__kmpc_atomic_cmplx4_div       libomp.so            0            0            1
__kmpc_atomic_cmplx4_mul       libomp.so            0            0            1
__kmpc_atomic_cmplx4_sub       libomp.so            0            0            1
__kmpc_atomic_cmplx4_add       libomp.so            0            0            1
__kmpc_atomic_fixed8_eqv       libomp.so            0            0            1
__kmpc_atomic_fixed4_eqv       libomp.so            0            0            1
__kmpc_atomic_fixed2_eqv       libomp.so            0            0            1
__kmpc_atomic_fixed1_eqv       libomp.so            0            0            1
__kmpc_atomic_fixed8_neqv       libomp.so            0            0            1
__kmpc_atomic_fixed4_neqv       libomp.so            0            0            1
__kmpc_atomic_fixed2_neqv       libomp.so            0            0            1
__kmpc_atomic_fixed1_neqv       libomp.so            0            0            1
__kmpc_atomic_float8_min       libomp.so            0            0            1
__kmpc_atomic_float8_max       libomp.so            0            0            1
__kmpc_atomic_float4_min       libomp.so            0            0            1
__kmpc_atomic_float4_max       libomp.so            0            0            1
__kmpc_atomic_fixed8_min       libomp.so            0            0            1
__kmpc_atomic_fixed8_max       libomp.so            0            0            1
__kmpc_atomic_fixed4_min       libomp.so            0            0            1
__kmpc_atomic_fixed4_max       libomp.so            0            0            1
__kmpc_atomic_fixed2_min       libomp.so            0            0            1
__kmpc_atomic_fixed2_max       libomp.so            0            0            1
__kmpc_atomic_fixed1_min       libomp.so            0            0            1
__kmpc_atomic_fixed1_max       libomp.so            0            0            1
__kmpc_atomic_fixed8_orl       libomp.so            0            0            1
__kmpc_atomic_fixed8_andl       libomp.so            0            0            1
__kmpc_atomic_fixed4_orl       libomp.so            0            0            1
__kmpc_atomic_fixed4_andl       libomp.so            0            0            1
__kmpc_atomic_fixed2_orl       libomp.so            0            0            1
__kmpc_atomic_fixed2_andl       libomp.so            0            0            1
__kmpc_atomic_fixed1_orl       libomp.so            0            0            1
__kmpc_atomic_fixed1_andl       libomp.so            0            0            1
__kmpc_atomic_float8_mul       libomp.so            0            0            1
__kmpc_atomic_float8_div       libomp.so            0            0            1
__kmpc_atomic_float4_mul       libomp.so            0            0            1
__kmpc_atomic_float4_div       libomp.so            0            0            1
__kmpc_atomic_fixed8_xor       libomp.so            0            0            1
__kmpc_atomic_fixed8u_shr       libomp.so            0            0            1
__kmpc_atomic_fixed8_shr       libomp.so            0            0            1
__kmpc_atomic_fixed8_shl       libomp.so            0            0            1
__kmpc_atomic_fixed8_orb       libomp.so            0            0            1
__kmpc_atomic_fixed8_mul       libomp.so            0            0            1
__kmpc_atomic_fixed8u_div       libomp.so            0            0            1
__kmpc_atomic_fixed8_div       libomp.so            0            0            1
__kmpc_atomic_fixed8_andb       libomp.so            0            0            1
__kmpc_atomic_fixed4_xor       libomp.so            0            0            1
__kmpc_atomic_fixed4u_shr       libomp.so            0            0            1
__kmpc_atomic_fixed4_shr       libomp.so            0            0            1
__kmpc_atomic_fixed4_shl       libomp.so            0            0            1
__kmpc_atomic_fixed4_orb       libomp.so            0            0            1
__kmpc_atomic_fixed4_mul       libomp.so            0            0            1
__kmpc_atomic_fixed4u_div       libomp.so            0            0            1
__kmpc_atomic_fixed4_div       libomp.so            0            0            1
__kmpc_atomic_fixed4_andb       libomp.so            0            0            1
__kmpc_atomic_fixed2_xor       libomp.so            0            0            1
__kmpc_atomic_fixed2_sub       libomp.so            0            0            1
__kmpc_atomic_fixed2u_shr       libomp.so            0            0            1
__kmpc_atomic_fixed2_shr       libomp.so            0            0            1
__kmpc_atomic_fixed2_shl       libomp.so            0            0            1
__kmpc_atomic_fixed2_orb       libomp.so            0            0            1
__kmpc_atomic_fixed2_mul       libomp.so            0            0            1
__kmpc_atomic_fixed2u_div       libomp.so            0            0            1
__kmpc_atomic_fixed2_div       libomp.so            0            0            1
__kmpc_atomic_fixed2_andb       libomp.so            0            0            1
__kmpc_atomic_fixed2_add       libomp.so            0            0            1
__kmpc_atomic_fixed1_xor       libomp.so            0            0            1
__kmpc_atomic_fixed1_sub       libomp.so            0            0            1
__kmpc_atomic_fixed1u_shr       libomp.so            0            0            1
__kmpc_atomic_fixed1_shr       libomp.so            0            0            1
__kmpc_atomic_fixed1_shl       libomp.so            0            0            1
__kmpc_atomic_fixed1_orb       libomp.so            0            0            1
__kmpc_atomic_fixed1_mul       libomp.so            0            0            1
__kmpc_atomic_fixed1u_div       libomp.so            0            0            1
__kmpc_atomic_fixed1_div       libomp.so            0            0            1
__kmpc_atomic_fixed1_andb       libomp.so            0            0            1
__kmpc_atomic_fixed1_add       libomp.so            0            0            1
__kmpc_atomic_float8_sub       libomp.so            0            0            1
__kmpc_atomic_float8_add       libomp.so            0            0            1
__kmpc_atomic_fixed8_sub       libomp.so            0            0            1
__kmpc_atomic_fixed8_add       libomp.so            0            0            1
__kmpc_atomic_float4_sub       libomp.so            0            0            1
__kmpc_atomic_float4_add       libomp.so            0            0            1
__kmpc_atomic_fixed4_sub       libomp.so            0            0            1
__kmpc_atomic_fixed4_add       libomp.so            0            0            1
 __kmp_free_fast_memory       libomp.so            8         1728            2
       ___kmp_fast_free       libomp.so            0            0            4
   ___kmp_fast_allocate       libomp.so            0            0            2
     ___kmp_thread_free       libomp.so            0            0            2
              kmpc_free       libomp.so            0            0            2
   _ZL4brelP8kmp_infoPv       libomp.so            0            0            2
    _ZL4bgetP8kmp_infol       libomp.so            0            0            4
    _Z14kmpc_poolprintv       libomp.so            0            0            2
_Z17kmpc_get_poolstatPmS_       libomp.so            0            0            2
             _dl_mcount ld-linux-x86-64.so.2            0            0            6



 Summary 

 image	count


 ld-linux-x86-64.so.2	6
libc.so.6	509
libomp.so	520
libpthread.so.0	267
