              Procedure           Image            Address        Calls Instructions       Atomic
                  .fini      libdl.so.2       7f3765b2d9d0            1            3            0
                  dlsym      libdl.so.2       7f3765b2d150            1           25            0
                  .text      libdl.so.2       7f3765b2ced0            1           39            0
                   .plt      libdl.so.2       7f3765b2cdc0            7           35            0
                  _init      libdl.so.2       7f3765b2cda0            1            6            0
  __libc_thread_freeres       libc.so.6       7f3765e96040            8          224            0
__libc_thread_freeres_fn       libc.so.6       7f3765e95f90            8          168            2
    __libc_dl_error_tsd       libc.so.6       7f3765e66900            5           15            0
                _dl_sym       libc.so.6       7f3765e668f0            1            3            0
               _dl_addr       libc.so.6       7f3765e65d10            1        56045            0
    __libc_pthread_init       libc.so.6       7f3765e385b0            1          393            0
      __register_atfork       libc.so.6       7f3765e38250            2          113            4
   __libc_alloca_cutoff       libc.so.6       7f3765e37b10            1           10            0
                  clone       libc.so.6       7f3765e2a410            8          216            0
         get_phys_pages       libc.so.6       7f3765e27f70            1            2            0
             get_nprocs       libc.so.6       7f3765e27c20            1          103            0
                  tfind       libc.so.6       7f3765e257e0            1           15            0
                tsearch       libc.so.6       7f3765e254d0            1           51            0
              __madvise       libc.so.6       7f3765e24ab0            8           40            0
               mprotect       libc.so.6       7f3765e24a20           16           80            0
                 munmap       libc.so.6       7f3765e249f0            9           45            0
                   mmap       libc.so.6       7f3765e249c0           19          114            0
                syscall       libc.so.6       7f3765e24840           24          268            0
            getpagesize       libc.so.6       7f3765e21ba0           34          170            0
                   sbrk       libc.so.6       7f3765e21280            8          154            0
                    brk       libc.so.6       7f3765e21210            2           26            0
            getrlimit64       libc.so.6       7f3765e20d50            1            5            0
                  close       libc.so.6       7f3765e1bf50            0            5            0
                __write       libc.so.6       7f3765e1b860            8          120            0
                   read       libc.so.6       7f3765e1b800            0           10            0
                   open       libc.so.6       7f3765e1b610            0           10            0
             __fxstat64       libc.so.6       7f3765e1b1e0            2           20            0
                sysconf       libc.so.6       7f3765df2c40            6          164            0
                 getpid       libc.so.6       7f3765df1e10            2           10            0
                  _Exit       libc.so.6       7f3765df12d0            1            8            0
              strchrnul       libc.so.6       7f3765dc3ac0           52         1496            0
              rawmemchr       libc.so.6       7f3765dc38b0            1           24            0
                 memset       libc.so.6       7f3765dbc5c0          154        17360            0
                 memchr       libc.so.6       7f3765dbbc10            3           59            0
                 rindex       libc.so.6       7f3765dba7c0            2           78            0
                 strlen       libc.so.6       7f3765db8ac0           63         2460            0
               __strdup       libc.so.6       7f3765db8820            9          153            0
     __default_morecore       libc.so.6       7f3765db5090            8           64            0
          __libc_calloc       libc.so.6       7f3765db3220            9          722            3
         __libc_realloc       libc.so.6       7f3765db2ef0           10          256            4
            __libc_free       libc.so.6       7f3765db2df0          151         2182            2
          __libc_malloc       libc.so.6       7f3765db2750          156         6687            5
     _IO_unsave_markers       libc.so.6       7f3765dac770            1            9            0
          _IO_sputbackc       libc.so.6       7f3765dabe50            2           28            0
     _IO_default_finish       libc.so.6       7f3765dabdc0            1           14            0
     _IO_default_xsputn       libc.so.6       7f3765dab650           45         2467            0
      _IO_default_uflow       libc.so.6       7f3765dab620            1           12            0
         _IO_doallocbuf       libc.so.6       7f3765dab570            2           36            0
               _IO_setb       libc.so.6       7f3765dab500           16          349            0
                __uflow       libc.so.6       7f3765dab3a0            1           26            0
 _IO_switch_to_get_mode       libc.so.6       7f3765dab170            1           20            0
            _IO_link_in       libc.so.6       7f3765daacf0            2          104            4
            _IO_un_link       libc.so.6       7f3765daaa90            3           86            4
      _IO_file_overflow       libc.so.6       7f3765daa7c0           27          820            0
     _IO_file_underflow       libc.so.6       7f3765daa570            1           47            3
           _IO_do_write       libc.so.6       7f3765daa460            9          399            0
         _IO_file_fopen       libc.so.6       7f3765da9ea0            1           96            0
        _IO_file_finish       libc.so.6       7f3765da9d70            1            8            0
      _IO_file_close_it       libc.so.6       7f3765da9bf0            1           48            0
          _IO_file_init       libc.so.6       7f3765da9bc0            1           13            0
        _IO_file_xsputn       libc.so.6       7f3765da95f0           40         3385            0
          _IO_file_read       libc.so.6       7f3765da95d0            1            8            0
         _IO_file_write       libc.so.6       7f3765da8fc0            8          288            0
          _IO_file_stat       libc.so.6       7f3765da8fb0            2            8            0
        _IO_file_setbuf       libc.so.6       7f3765da88d0            1           15            0
         _IO_file_close       libc.so.6       7f3765da88c0            1            2            0
          _IO_file_sync       libc.so.6       7f3765da8800            1           13            0
         fgets_unlocked       libc.so.6       7f3765da39f0            1           36            0
            __vsnprintf       libc.so.6       7f3765da2500           12          528            0
                vsscanf       libc.so.6       7f3765da0a10            1           33            0
            _IO_getline       libc.so.6       7f3765d9f430            1            2            0
       _IO_getline_info       libc.so.6       7f3765d9f2a0            1           81            0
              _IO_fopen       libc.so.6       7f3765d9e4e0            1            2            0
             _IO_fclose       libc.so.6       7f3765d9d990            1           54            5
    _IO_file_doallocate       libc.so.6       7f3765d9d870            2           95            0
                 sscanf       libc.so.6       7f3765d8d200            1           17            0
            _IO_vfscanf       libc.so.6       7f3765d846f0            1         1060            2
             _IO_printf       libc.so.6       7f3765d84400            8          168            0
           _IO_vfprintf       libc.so.6       7f3765d79cf0           20         8079            4
                 strtod       libc.so.6       7f3765d6de40            1            4            0
               strtoull       libc.so.6       7f3765d6d4c0            2            8            0
     __strtoll_internal       libc.so.6       7f3765d6d480            1            3            0
       __call_tls_dtors       libc.so.6       7f3765d6c860            9          108            0
         __cxa_finalize       libc.so.6       7f3765d6c550            3          138            2
           __cxa_atexit       libc.so.6       7f3765d6c4c0            1           22            0
                   exit       libc.so.6       7f3765d6c290            1            4            0
               unsetenv       libc.so.6       7f3765d6bec0            1          262            2
                 setenv       libc.so.6       7f3765d6be60            1           22            0
                 getenv       libc.so.6       7f3765d6b830            6          948            0
                  qsort       libc.so.6       7f3765d6b820            2            4            0
                qsort_r       libc.so.6       7f3765d6b4f0            2         2256            0
            sigismember       libc.so.6       7f3765d678b0           64          704            0
            sigemptyset       libc.so.6       7f3765d676b0            1           37            0
                _setjmp       libc.so.6       7f3765d66b20            9           18            0
            __sigsetjmp       libc.so.6       7f3765d66a80            9          243            0
           __ctype_init       libc.so.6       7f3765d60100            9          144            0
      __libc_start_main       libc.so.6       7f3765d51dd0            1           60            1
                  _init       libc.so.6       7f3765d51c20            1          101            0
                  .text       libc.so.6       7f3765d4f4a0            0          148            0
                   .plt       libc.so.6       7f3765d4f3d0            5           66            0
                  _fini libpthread.so.0       7f37661074f4            1            3            0
       __errno_location libpthread.so.0       7f3766107490            1            3            0
__pthread_mutex_cond_lock libpthread.so.0       7f3766107160            4           92            6
           elision_init libpthread.so.0       7f3766106f00            1            8            0
     __get_cpu_features libpthread.so.0       7f3766106c00            1           88            0
 pthread_getaffinity_np libpthread.so.0       7f37661055c0            8          160            0
              sigaction libpthread.so.0       7f3766105560           11           44            0
       __libc_sigaction libpthread.so.0       7f3766105350           13          836            0
      __lll_unlock_wake libpthread.so.0       7f3766104070            6           60            0
        __lll_lock_wait libpthread.so.0       7f3766103f10            1           20            1
__pthread_disable_asynccancel libpthread.so.0       7f3766103e80            5           24            1
__pthread_enable_asynccancel libpthread.so.0       7f3766103e20            5           35            2
_pthread_cleanup_pop_restore libpthread.so.0       7f3766103b00           11          179            2
_pthread_cleanup_push_defer libpthread.so.0       7f3766103aa0           11          217            1
   _pthread_cleanup_pop libpthread.so.0       7f3766103a70            1            5            0
  _pthread_cleanup_push libpthread.so.0       7f3766103a50            1            6            0
           pthread_once libpthread.so.0       7f3766102a40            1           28            2
  pthread_setcanceltype libpthread.so.0       7f3766102910            8          248            5
 pthread_setcancelstate libpthread.so.0       7f37661027f0            8          168            5
           pthread_kill libpthread.so.0       7f37661025f0            8           63            0
  __pthread_setspecific libpthread.so.0       7f3766102470           11          374            0
  __pthread_getspecific libpthread.so.0       7f37661023f0            3           46            0
     pthread_key_delete libpthread.so.0       7f37661023b0            2           28            1
     pthread_key_create libpthread.so.0       7f3766102350            3           78            1
  pthread_condattr_init libpthread.so.0       7f3766102060            2            6            0
    pthread_cond_signal libpthread.so.0       7f3766101c10            3           87            2
 pthread_cond_timedwait libpthread.so.0       7f3766101690            1          103            8
      pthread_cond_wait libpthread.so.0       7f3766101350            3          213            5
   pthread_cond_destroy libpthread.so.0       7f37661011f0            4          128            4
      pthread_cond_init libpthread.so.0       7f3766101170            4           72            0
pthread_mutexattr_setkind_np libpthread.so.0       7f3766100920            1           12            0
pthread_mutexattr_destroy libpthread.so.0       7f37661008c0            1            2            0
 pthread_mutexattr_init libpthread.so.0       7f37661008b0            3            9            0
          _L_unlock_722 libpthread.so.0       7f3766100895            6           30            0
 __pthread_mutex_unlock libpthread.so.0       7f37661007c0           21          490            1
__pthread_mutex_unlock_usercnt libpthread.so.0       7f37661006e0            4           72            1
            _L_lock_953 libpthread.so.0       7f37660ff663            1            5            0
     pthread_mutex_lock libpthread.so.0       7f37660ff410           21          665            5
  pthread_mutex_destroy libpthread.so.0       7f37660ff3e0            4           36            0
   __pthread_mutex_init libpthread.so.0       7f37660ff2c0            5          150            0
     pthread_getattr_np libpthread.so.0       7f37660fef80            8          520            2
  pthread_attr_getstack libpthread.so.0       7f37660fef30            8           56            0
pthread_attr_setstacksize libpthread.so.0       7f37660fef10            8           40            0
pthread_attr_getstacksize libpthread.so.0       7f37660feea0            1           14            2
pthread_attr_setdetachstate libpthread.so.0       7f37660fed20            8           56            0
   pthread_attr_destroy libpthread.so.0       7f37660fecf0           16           96            0
      pthread_attr_init libpthread.so.0       7f37660fec50           16          496            0
           pthread_self libpthread.so.0       7f37660fe900           20           40            0
           pthread_join libpthread.so.0       7f37660fe5c0            1           65            1
         pthread_create libpthread.so.0       7f37660fd430            8         1736           18
             __free_tcb libpthread.so.0       7f37660fd3f0            1           12            1
           start_thread libpthread.so.0       7f37660fd0c0            8          592            7
  __nptl_deallocate_tsd libpthread.so.0       7f37660fcef0            8         5416            0
   do_clone.constprop.3 libpthread.so.0       7f37660fc150            8          256            4
     __deallocate_stack libpthread.so.0       7f37660fc060            1           35            2
__pthread_initialize_minimal libpthread.so.0       7f37660fbb30            1          176            2
            frame_dummy libpthread.so.0       7f37660fb990            1            3            0
  __do_global_dtors_aux libpthread.so.0       7f37660fb950            1           12            0
     register_tm_clones libpthread.so.0       7f37660fb910            1           13            0
   deregister_tm_clones libpthread.so.0       7f37660fb8e0            1            9            0
                   .plt libpthread.so.0       7f37660fa540           18          213            0
                  _init libpthread.so.0       7f37660fa530            1            4            0
       __pthread_atfork       libomp.so       7f376639ca80            1            5            0
 __kmp_invoke_microtask       libomp.so       7f376639c9b0            8          304            0
__kmp_clear_x87_fpu_status_word       libomp.so       7f376639c9a0            7           14            0
__kmp_store_x87_fpu_control_word       libomp.so       7f376639c990           10           30            0
__kmp_load_x87_fpu_control_word       libomp.so       7f376639c980            7           14            0
        __kmp_x86_cpuid       libomp.so       7f376639c960           36          540            0
__kmp_cleanup_indirect_user_locks       libomp.so       7f3766395670            1          105            0
__kmp_init_dynamic_user_locks       libomp.so       7f3766395370            1          101            0
__kmp_init_queuing_lock       libomp.so       7f3766394630           14          126            0
 __kmp_init_ticket_lock       libomp.so       7f3766394150           20          140            0
__kmp_release_ticket_lock       libomp.so       7f3766394100           13          286            0
__kmp_acquire_ticket_lock       libomp.so       7f3766394070           13          184            1
   __kmp_validate_locks       libomp.so       7f3766393980            1            1            0
_ZL33__kmp_affinity_cmp_Address_labelsPKvS0_       libomp.so       7f376638b0f0           12          264            0
_ZL34__kmp_affinity_create_x2apicid_mapPP11AddrUnsPairP11kmp_i18n_id       libomp.so       7f37663864b0            1         4977            0
__kmp_affinity_set_init_mask       libomp.so       7f3766385120            8         1976            0
__kmp_affinity_uninitialize       libomp.so       7f3766385070            2           50            0
_ZL29__kmp_aux_affinity_initializev       libomp.so       7f3766382150            1         3169            0
__kmp_affinity_initialize       libomp.so       7f37663820f0            1           14            0
__kmp_affinity_get_fullMask       libomp.so       7f3766380d20            1            2            0
__kmp_cleanup_hierarchy       libomp.so       7f3766380a00            1            3            0
       __kmp_release_64       libomp.so       7f37663808e0            7          147            1
_ZN11kmp_flag_644waitEP8kmp_infoiPv       libomp.so       7f376637f930           21      2571991            2
_Z20__kmp_setup_icv_copyP8kmp_teamiP20kmp_internal_controlP5ident       libomp.so       7f376637f740            1            1            0
_Z18__kmp_fork_barrierii       libomp.so       7f376637f3b0           15          869            0
_Z18__kmp_join_barrieri       libomp.so       7f376637ee90            8          539            0
_ZL27__kmp_hyper_barrier_release12barrier_typeP8kmp_infoiiiPv       libomp.so       7f376637db40           15         1632            1
_ZL26__kmp_hyper_barrier_gather12barrier_typeP8kmp_infoiiPFvPvS2_ES2_       libomp.so       7f376637c760            8         1079            1
     omp_get_thread_num       libomp.so       7f3766379fe0            8          144            0
    omp_get_num_threads       libomp.so       7f3766379f90            8           16            0
  __kmp_itt_init_ittlib       libomp.so       7f3766379400            1         2006            1
  __kmp_itt_fini_ittlib       libomp.so       7f3766379340            1          970            0
_ZL29__kmp_itt_thr_ignore_init_3_0v       libomp.so       7f3766379320            1            1            0
_ZL31__kmp_itt_thr_name_set_init_3_0PKci       libomp.so       7f3766379310            8           40            0
_ZL32__kmp_itt_thread_ignore_init_3_0v       libomp.so       7f3766379200            1           49            0
_ZL34__kmp_itt_thread_set_name_init_3_0PKc       libomp.so       7f37663790d0            8          600            0
_ZL33__kmp_itt_fsync_acquired_init_3_0Pv       libomp.so       7f37663768d0            1           11            0
_ZL31__kmp_suspend_initialize_threadP8kmp_info       libomp.so       7f3766373570            6          111            0
  __kmp_runtime_destroy       libomp.so       7f3766372c20            1           34            0
__kmp_runtime_initialize       libomp.so       7f37663727d0            1           76            0
 __kmp_read_system_time       libomp.so       7f3766372470            1           26            0
__kmp_gtid_get_specific       libomp.so       7f3766372310            2           28            0
__kmp_gtid_set_specific       libomp.so       7f3766372250            2           34            0
        __kmp_resume_64       libomp.so       7f3766371bd0            3          144            1
       __kmp_suspend_64       libomp.so       7f37663712d0            3          219            4
__kmp_suspend_uninitialize_thread       libomp.so       7f3766370eb0            8          127            0
__kmp_suspend_initialize       libomp.so       7f3766370d80            1           15            0
  __kmp_register_atfork       libomp.so       7f3766370bb0            1           18            0
   __kmp_remove_signals       libomp.so       7f3766370890            1          596            0
  __kmp_install_signals       libomp.so       7f376636eef0            2          117            0
      __kmp_reap_worker       libomp.so       7f376636eec0            7           80            0
     __kmp_reap_monitor       libomp.so       7f376636ec30            1           17            0
_ZL20__kmp_launch_monitorPv       libomp.so       7f376636e4f0            1          144            0
   __kmp_create_monitor       libomp.so       7f376636ddd0            1           82            0
_ZL19__kmp_launch_workerPv       libomp.so       7f376636da70            7          707            0
_ZL20__kmp_set_stack_infoiP8kmp_info       libomp.so       7f376636d760            9          450            0
    __kmp_create_worker       libomp.so       7f376636d150            8          502            0
            __kmp_yield       libomp.so       7f376636d130       165176       491559            0
__kmp_affinity_determine_capable       libomp.so       7f376636cb60            1           49            0
__kmp_affinity_bind_thread       libomp.so       7f376636caa0            8          336            0
__kmp_get_system_affinity       libomp.so       7f376636c9c0            3           72            0
__kmp_set_system_affinity       libomp.so       7f376636c8e0           19          456            0
      __kmp_query_cpuid       libomp.so       7f376636c270            1          307            0
__kmp_common_destroy_gtid       libomp.so       7f376636b6e0            7          154            0
__kmp_common_initialize       libomp.so       7f376636b490            1           13            0
   __kmp_task_team_wait       libomp.so       7f3766368c80            1           15            0
   __kmp_task_team_sync       libomp.so       7f3766368c50            8           56            0
__kmp_wait_to_unref_task_teams       libomp.so       7f3766368b40            1           63            0
  __kmp_reap_task_teams       libomp.so       7f3766368a10            1           42            0
   __kmp_free_task_team       libomp.so       7f37663689c0            2           34            0
  __kmp_task_team_setup       libomp.so       7f3766366680            1           56            0
__kmp_init_implicit_task       libomp.so       7f3766366260           34         1298            0
__kmp_pop_current_task_from_thread       libomp.so       7f3766366050            1            4            0
        __kmp_str_split       libomp.so       7f3766365620           21          588            0
       __kmp_str_format       libomp.so       7f37663650a0            3          126            0
    __kmp_str_buf_print       libomp.so       7f3766364e90            9          396            0
     __kmp_str_buf_free       libomp.so       7f3766364d80            9           81            0
_ZL13__kmp_stg_cmpPKvS0_       libomp.so       7f3766364b50          299         8952            0
   _ZL14__kmp_stg_initv       libomp.so       7f3766358150            1         5884            0
_Z20__kmp_env_initializePKc       libomp.so       7f3766357a40            1        26148            0
_Z25__kmp_default_tp_capacityiii       libomp.so       7f3766357a00            1           17            0
_Z30__kmp_initial_threads_capacityi       libomp.so       7f37663579d0            1           14            0
_ZL17__kmp_reap_threadP8kmp_infoi       libomp.so       7f3766357600            8          613            1
          __kmp_cleanup       libomp.so       7f3766356d80            1          275            0
 __kmp_invoke_task_func       libomp.so       7f3766356940            8          368            0
_ZL26__kmp_do_middle_initializev       libomp.so       7f3766356760            1          459            0
_Z30__kmp_register_library_startupv       libomp.so       7f3766356410            1           56            0
__kmp_internal_end_library       libomp.so       7f3766356180            2          418            0
__kmp_internal_end_fini       libomp.so       7f3766356170            1            2            0
__kmp_internal_end_dtor       libomp.so       7f3766356150            1            2            0
__kmp_internal_end_dest       libomp.so       7f3766355fc0            8          194            0
    __kmp_launch_thread       libomp.so       7f3766355e50            7          567            0
        __kmp_reap_team       libomp.so       7f3766355d60           10          601            0
_ZL22__kmp_partition_placesP8kmp_team       libomp.so       7f3766355930            1           27            0
  __kmp_allocate_thread       libomp.so       7f3766355420            7         1089            0
_Z36__kmp_unregister_root_current_threadi       libomp.so       7f3766355210            1           79            0
_ZL21__kmp_initialize_infoP8kmp_infoP8kmp_teamii       libomp.so       7f3766354fb0           16         1424            0
      __kmp_free_thread       libomp.so       7f3766354510            7          340            0
        __kmp_free_team       libomp.so       7f37663540f0            3          241            0
        __kmp_join_call       libomp.so       7f37663538d0            1          140            4
_ZL24__kmp_alloc_argv_entriesiP8kmp_teami       libomp.so       7f37663537e0            1           13            0
    __kmp_internal_fork       libomp.so       7f37663536c0            1           39            0
        __kmp_fork_call       libomp.so       7f37663521e0            1          346            2
    __kmp_allocate_team       libomp.so       7f37663510a0           11         1959            0
__kmp_parallel_initialize       libomp.so       7f3766350b10            1           61            0
__kmp_check_stack_overlap       libomp.so       7f37663503d0            9          234            0
    __kmp_register_root       libomp.so       7f376634fa40            1          411            0
_ZL26__kmp_do_serial_initializev       libomp.so       7f376634f5e0            1          210            0
__kmp_get_global_thread_id_reg       libomp.so       7f376634f540           10          211            0
    __kmp_i18n_catclose       libomp.so       7f376634e8a0            1            7            0
      __kmp_env_blk_var       libomp.so       7f376634d150            2          462            0
     __kmp_env_blk_free       libomp.so       7f376634d120            1           11            0
     __kmp_env_blk_init       libomp.so       7f376634cdb0            1          770            0
        __kmp_env_unset       libomp.so       7f376634cda0            1            1            0
          __kmp_env_set       libomp.so       7f376634cd10            1            9            0
          __kmp_env_get       libomp.so       7f376634cc30            2           56            0
 _Z17__kmp_itt_destroyv       libomp.so       7f376634c760            1            1            0
_Z20__kmp_itt_initializev       libomp.so       7f376634c6a0            1           35            0
       __kmpc_fork_call       libomp.so       7f3766348fb0            1           46            0
__kmpc_bound_num_threads       libomp.so       7f3766348f20            8           80            0
 __kmp_free_fast_memory       libomp.so       7f3766341f50            8         1728            2
__kmp_initialize_fast_memory       libomp.so       7f3766341f20            8           64            0
        ___kmp_allocate       libomp.so       7f3766341b10          106         3392            0
            ___kmp_free       libomp.so       7f3766340b90          105          735            0
    __kmp_finalize_bget       libomp.so       7f3766340b00            8          160            0
  __kmp_initialize_bget       libomp.so       7f37663409b0            8         1376            0
            frame_dummy       libomp.so       7f3766340970            1            3            0
  __do_global_dtors_aux       libomp.so       7f3766340930            1           12            0
     register_tm_clones       libomp.so       7f37663408f0            1           13            0
   deregister_tm_clones       libomp.so       7f37663408c0            1            9            0
           _GLOBAL__I_a       libomp.so       7f3766340890            1            5            0
                   .plt       libomp.so       7f376633fe60           69         5674            0
                  _init       libomp.so       7f376633fe38            1            6            0
                realloc ld-linux-x86-64.so.2       7f37797d2db0            0          755            0
                 calloc ld-linux-x86-64.so.2       7f37797d2c00           15          120            0
                 malloc ld-linux-x86-64.so.2       7f37797d2bf0           32           96            0
        __libc_memalign ld-linux-x86-64.so.2       7f37797d2ae0           33         1055            0
_dl_find_dso_for_object ld-linux-x86-64.so.2       7f37797cf220            2           70            0
         __tls_get_addr ld-linux-x86-64.so.2       7f37797ce340           52          572            0
       _dl_allocate_tls ld-linux-x86-64.so.2       7f37797cde30            8          168            0
  _dl_allocate_tls_init ld-linux-x86-64.so.2       7f37797cdc00            9         1161            0
_dl_get_tls_static_info ld-linux-x86-64.so.2       7f37797cdaa0            1            5            0
        _dl_debug_state ld-linux-x86-64.so.2       7f37797cb970            2            2            0
                  .text ld-linux-x86-64.so.2       7f37797bbae0            0        10611            0
                   .plt ld-linux-x86-64.so.2       7f37797bba70            0           90            0
                  _fini          openMP             400804            1            3            0
        __libc_csu_init          openMP             400790            1           34            0
                   main          openMP             400710            1           14            0
            frame_dummy          openMP             4006e0            1            3            0
  __do_global_dtors_aux          openMP             4006c0            1            8            0
     register_tm_clones          openMP             400680            1           12            0
   deregister_tm_clones          openMP             400650            1            8            0
                 _start          openMP             400620            1           11            0
                   .plt          openMP             4005b0            5           46            0
                  _init          openMP             400588            1            6            0
